running egg_info
creating ../../../build/ai_model_node/ai_model_node.egg-info
writing ../../../build/ai_model_node/ai_model_node.egg-info/PKG-INFO
writing dependency_links to ../../../build/ai_model_node/ai_model_node.egg-info/dependency_links.txt
writing entry points to ../../../build/ai_model_node/ai_model_node.egg-info/entry_points.txt
writing requirements to ../../../build/ai_model_node/ai_model_node.egg-info/requires.txt
writing top-level names to ../../../build/ai_model_node/ai_model_node.egg-info/top_level.txt
writing manifest file '../../../build/ai_model_node/ai_model_node.egg-info/SOURCES.txt'
reading manifest file '../../../build/ai_model_node/ai_model_node.egg-info/SOURCES.txt'
writing manifest file '../../../build/ai_model_node/ai_model_node.egg-info/SOURCES.txt'
running build
running build_py
creating /root/ros2_ws/build/ai_model_node/build
creating /root/ros2_ws/build/ai_model_node/build/lib
creating /root/ros2_ws/build/ai_model_node/build/lib/ai_model_node
copying ai_model_node/classify_image.py -> /root/ros2_ws/build/ai_model_node/build/lib/ai_model_node
copying ai_model_node/__init__.py -> /root/ros2_ws/build/ai_model_node/build/lib/ai_model_node
running install
running install_lib
creating /root/ros2_ws/install/ai_model_node/lib/python3.10/site-packages/ai_model_node
copying /root/ros2_ws/build/ai_model_node/build/lib/ai_model_node/classify_image.py -> /root/ros2_ws/install/ai_model_node/lib/python3.10/site-packages/ai_model_node
copying /root/ros2_ws/build/ai_model_node/build/lib/ai_model_node/__init__.py -> /root/ros2_ws/install/ai_model_node/lib/python3.10/site-packages/ai_model_node
byte-compiling /root/ros2_ws/install/ai_model_node/lib/python3.10/site-packages/ai_model_node/classify_image.py to classify_image.cpython-310.pyc
byte-compiling /root/ros2_ws/install/ai_model_node/lib/python3.10/site-packages/ai_model_node/__init__.py to __init__.cpython-310.pyc
running install_data
creating /root/ros2_ws/install/ai_model_node/share/ament_index
creating /root/ros2_ws/install/ai_model_node/share/ament_index/resource_index
creating /root/ros2_ws/install/ai_model_node/share/ament_index/resource_index/packages
copying resource/ai_model_node -> /root/ros2_ws/install/ai_model_node/share/ament_index/resource_index/packages
copying package.xml -> /root/ros2_ws/install/ai_model_node/share/ai_model_node
running install_egg_info
Copying ../../../build/ai_model_node/ai_model_node.egg-info to /root/ros2_ws/install/ai_model_node/lib/python3.10/site-packages/ai_model_node-0.0.1-py3.10.egg-info
running install_scripts
Installing classify_image script to /root/ros2_ws/install/ai_model_node/lib/ai_model_node
writing list of installed files to '/root/ros2_ws/build/ai_model_node/install.log'
