[1.148s] Invoking command in '/root/ros2_ws/src/sjtu_drone/ai_model_node': PYTHONPATH=/root/ros2_ws/build/ai_model_node/prefix_override:/usr/lib/python3/dist-packages/colcon_core/task/python/colcon_distutils_commands:/root/ros2_ws/install/ai_model_node/lib/python3.10/site-packages:${PYTHONPATH} /usr/bin/python3 -W ignore:setup.py install is deprecated setup.py egg_info --egg-base ../../../build/ai_model_node build --build-base /root/ros2_ws/build/ai_model_node/build install --record /root/ros2_ws/build/ai_model_node/install.log --single-version-externally-managed install_data
[1.344s] running egg_info
[1.345s] creating ../../../build/ai_model_node/ai_model_node.egg-info
[1.345s] writing ../../../build/ai_model_node/ai_model_node.egg-info/PKG-INFO
[1.346s] writing dependency_links to ../../../build/ai_model_node/ai_model_node.egg-info/dependency_links.txt
[1.346s] writing entry points to ../../../build/ai_model_node/ai_model_node.egg-info/entry_points.txt
[1.346s] writing requirements to ../../../build/ai_model_node/ai_model_node.egg-info/requires.txt
[1.346s] writing top-level names to ../../../build/ai_model_node/ai_model_node.egg-info/top_level.txt
[1.347s] writing manifest file '../../../build/ai_model_node/ai_model_node.egg-info/SOURCES.txt'
[1.348s] reading manifest file '../../../build/ai_model_node/ai_model_node.egg-info/SOURCES.txt'
[1.349s] writing manifest file '../../../build/ai_model_node/ai_model_node.egg-info/SOURCES.txt'
[1.349s] running build
[1.349s] running build_py
[1.349s] creating /root/ros2_ws/build/ai_model_node/build
[1.350s] creating /root/ros2_ws/build/ai_model_node/build/lib
[1.350s] creating /root/ros2_ws/build/ai_model_node/build/lib/ai_model_node
[1.350s] copying ai_model_node/classify_image.py -> /root/ros2_ws/build/ai_model_node/build/lib/ai_model_node
[1.351s] copying ai_model_node/__init__.py -> /root/ros2_ws/build/ai_model_node/build/lib/ai_model_node
[1.351s] running install
[1.351s] running install_lib
[1.352s] creating /root/ros2_ws/install/ai_model_node/lib/python3.10/site-packages/ai_model_node
[1.352s] copying /root/ros2_ws/build/ai_model_node/build/lib/ai_model_node/classify_image.py -> /root/ros2_ws/install/ai_model_node/lib/python3.10/site-packages/ai_model_node
[1.352s] copying /root/ros2_ws/build/ai_model_node/build/lib/ai_model_node/__init__.py -> /root/ros2_ws/install/ai_model_node/lib/python3.10/site-packages/ai_model_node
[1.353s] byte-compiling /root/ros2_ws/install/ai_model_node/lib/python3.10/site-packages/ai_model_node/classify_image.py to classify_image.cpython-310.pyc
[1.354s] byte-compiling /root/ros2_ws/install/ai_model_node/lib/python3.10/site-packages/ai_model_node/__init__.py to __init__.cpython-310.pyc
[1.354s] running install_data
[1.354s] creating /root/ros2_ws/install/ai_model_node/share/ament_index
[1.354s] creating /root/ros2_ws/install/ai_model_node/share/ament_index/resource_index
[1.355s] creating /root/ros2_ws/install/ai_model_node/share/ament_index/resource_index/packages
[1.355s] copying resource/ai_model_node -> /root/ros2_ws/install/ai_model_node/share/ament_index/resource_index/packages
[1.356s] copying package.xml -> /root/ros2_ws/install/ai_model_node/share/ai_model_node
[1.356s] running install_egg_info
[1.357s] Copying ../../../build/ai_model_node/ai_model_node.egg-info to /root/ros2_ws/install/ai_model_node/lib/python3.10/site-packages/ai_model_node-0.0.1-py3.10.egg-info
[1.358s] running install_scripts
[1.381s] Installing classify_image script to /root/ros2_ws/install/ai_model_node/lib/ai_model_node
[1.382s] writing list of installed files to '/root/ros2_ws/build/ai_model_node/install.log'
[1.435s] Invoked command in '/root/ros2_ws/src/sjtu_drone/ai_model_node' returned '0': PYTHONPATH=/root/ros2_ws/build/ai_model_node/prefix_override:/usr/lib/python3/dist-packages/colcon_core/task/python/colcon_distutils_commands:/root/ros2_ws/install/ai_model_node/lib/python3.10/site-packages:${PYTHONPATH} /usr/bin/python3 -W ignore:setup.py install is deprecated setup.py egg_info --egg-base ../../../build/ai_model_node build --build-base /root/ros2_ws/build/ai_model_node/build install --record /root/ros2_ws/build/ai_model_node/install.log --single-version-externally-managed install_data
