2024-12-09 22:31:40.830 [info] (Client) Pylance async client (2024.12.1) started with python extension (2024.20.0)
2024-12-09 22:31:40.842 [info] [Info  - 10:31:40 PM] (1563) Server root directory: file:///root/.vscode/extensions/ms-python.vscode-pylance-2024.12.1/dist
2024-12-09 22:31:40.842 [info] [Info  - 10:31:40 PM] (1563) Pylance language server 2024.12.1 (pyright version 1.1.389, commit ce1325fc) starting
2024-12-09 22:31:40.842 [info] [Info  - 10:31:40 PM] (1563) Starting service instance "src"
2024-12-09 22:31:40.953 [info] [Info  - 10:31:40 PM] (1563) Setting environmentName for service "src": "3.10.12 (global)"
2024-12-09 22:31:40.953 [info] [Info  - 10:31:40 PM] (1563) Setting pythonPath for service "src": "/bin/python3"
2024-12-09 22:31:40.954 [info] [Info  - 10:31:40 PM] (1563) No include entries specified; assuming /root/ros2_ws/src
2024-12-09 22:31:40.955 [info] [Info  - 10:31:40 PM] (1563) Auto-excluding **/node_modules
2024-12-09 22:31:40.955 [info] [Info  - 10:31:40 PM] (1563) Auto-excluding **/__pycache__
2024-12-09 22:31:40.955 [info] [Info  - 10:31:40 PM] (1563) Auto-excluding **/.*
2024-12-09 22:31:40.982 [info] [Info  - 10:31:40 PM] (1563) Assuming Python version 3.10.12.final.0
2024-12-09 22:31:41.107 [info] [Info  - 10:31:41 PM] (1563) Found 26 source files
2024-12-09 22:31:41.575 [info] [Info  - 10:31:41 PM] (1563) Background analysis(1) root directory: file:///root/.vscode/extensions/ms-python.vscode-pylance-2024.12.1/dist
2024-12-09 22:31:41.578 [info] [Info  - 10:31:41 PM] (1563) Background analysis(1) started
2024-12-09 22:31:41.722 [info] [Info  - 10:31:41 PM] (1563) Indexer background runner(2) root directory: file:///root/.vscode/extensions/ms-python.vscode-pylance-2024.12.1/dist (index)
2024-12-09 22:31:41.723 [info] [Info  - 10:31:41 PM] (1563) Indexing(2) started
2024-12-09 22:31:42.652 [info] [Info  - 10:31:42 PM] (1563) scanned(2) 337 files over 1 exec env
2024-12-09 22:31:44.581 [info] [Info  - 10:31:44 PM] (1563) indexed(2) 337 files over 1 exec env
2024-12-09 22:31:44.626 [info] [Info  - 10:31:44 PM] (1563) Indexing finished(2).
2024-12-09 23:10:43.840 [info] [Info  - 11:10:43 PM] (1563) Indexer background runner(3) root directory: file:///root/.vscode/extensions/ms-python.vscode-pylance-2024.12.1/dist (refresh)
2024-12-09 23:10:43.840 [info] [Info  - 11:10:43 PM] (1563) Indexing(3) started
2024-12-09 23:10:44.300 [info] [Info  - 11:10:44 PM] (1563) scanned(3) 337 files over 1 exec env
2024-12-09 23:10:44.505 [info] [Info  - 11:10:44 PM] (1563) indexed(3) 337 files over 1 exec env
2024-12-09 23:10:44.544 [info] [Info  - 11:10:44 PM] (1563) Indexing finished(3).
2024-12-09 23:21:13.277 [info] [Info  - 11:21:13 PM] (1563) Indexer background runner(4) root directory: file:///root/.vscode/extensions/ms-python.vscode-pylance-2024.12.1/dist (refresh)
2024-12-09 23:21:13.278 [info] [Info  - 11:21:13 PM] (1563) Indexing(4) started
2024-12-09 23:21:15.290 [info] [Info  - 11:21:15 PM] (1563) scanned(4) 337 files over 1 exec env
2024-12-09 23:21:15.896 [info] [Info  - 11:21:15 PM] (1563) indexed(4) 337 files over 1 exec env
2024-12-09 23:21:16.002 [info] [Info  - 11:21:16 PM] (1563) Indexing finished(4).
2024-12-09 23:30:01.583 [info] [Info  - 11:30:01 PM] (1563) Indexer background runner(5) root directory: file:///root/.vscode/extensions/ms-python.vscode-pylance-2024.12.1/dist (refresh)
2024-12-09 23:30:01.584 [info] [Info  - 11:30:01 PM] (1563) Indexing(5) started
2024-12-09 23:30:03.335 [info] [Info  - 11:30:03 PM] (1563) scanned(5) 337 files over 1 exec env
2024-12-09 23:30:04.060 [info] [Info  - 11:30:04 PM] (1563) indexed(5) 337 files over 1 exec env
2024-12-09 23:30:04.250 [info] [Info  - 11:30:04 PM] (1563) Indexing finished(5).
