[3.255s] Invoking command in '/root/ros2_ws/src/sjtu_drone/ai_model_node': PYTHONPATH=/root/ros2_ws/build/ai_model_node/prefix_override:/usr/lib/python3/dist-packages/colcon_core/task/python/colcon_distutils_commands:/root/ros2_ws/install/ai_model_node/lib/python3.10/site-packages:${PYTHONPATH} /usr/bin/python3 -W ignore:setup.py install is deprecated setup.py egg_info --egg-base ../../../build/ai_model_node build --build-base /root/ros2_ws/build/ai_model_node/build install --record /root/ros2_ws/build/ai_model_node/install.log --single-version-externally-managed install_data
[3.892s] running egg_info
[3.896s] writing ../../../build/ai_model_node/ai_model_node.egg-info/PKG-INFO
[3.899s] writing dependency_links to ../../../build/ai_model_node/ai_model_node.egg-info/dependency_links.txt
[3.901s] writing entry points to ../../../build/ai_model_node/ai_model_node.egg-info/entry_points.txt
[3.901s] writing requirements to ../../../build/ai_model_node/ai_model_node.egg-info/requires.txt
[3.901s] writing top-level names to ../../../build/ai_model_node/ai_model_node.egg-info/top_level.txt
[3.905s] reading manifest file '../../../build/ai_model_node/ai_model_node.egg-info/SOURCES.txt'
[3.906s] writing manifest file '../../../build/ai_model_node/ai_model_node.egg-info/SOURCES.txt'
[3.907s] running build
[3.907s] running build_py
[3.907s] copying ai_model_node/classify_image.py -> /root/ros2_ws/build/ai_model_node/build/lib/ai_model_node
[3.908s] running install
[3.908s] running install_lib
[3.910s] copying /root/ros2_ws/build/ai_model_node/build/lib/ai_model_node/classify_image.py -> /root/ros2_ws/install/ai_model_node/lib/python3.10/site-packages/ai_model_node
[3.911s] byte-compiling /root/ros2_ws/install/ai_model_node/lib/python3.10/site-packages/ai_model_node/classify_image.py to classify_image.cpython-310.pyc
[3.914s] running install_data
[3.914s] running install_egg_info
[3.926s] removing '/root/ros2_ws/install/ai_model_node/lib/python3.10/site-packages/ai_model_node-0.0.1-py3.10.egg-info' (and everything under it)
[3.926s] Copying ../../../build/ai_model_node/ai_model_node.egg-info to /root/ros2_ws/install/ai_model_node/lib/python3.10/site-packages/ai_model_node-0.0.1-py3.10.egg-info
[3.928s] running install_scripts
[3.991s] Installing classify_image script to /root/ros2_ws/install/ai_model_node/lib/ai_model_node
[4.024s] writing list of installed files to '/root/ros2_ws/build/ai_model_node/install.log'
[4.114s] Invoked command in '/root/ros2_ws/src/sjtu_drone/ai_model_node' returned '0': PYTHONPATH=/root/ros2_ws/build/ai_model_node/prefix_override:/usr/lib/python3/dist-packages/colcon_core/task/python/colcon_distutils_commands:/root/ros2_ws/install/ai_model_node/lib/python3.10/site-packages:${PYTHONPATH} /usr/bin/python3 -W ignore:setup.py install is deprecated setup.py egg_info --egg-base ../../../build/ai_model_node build --build-base /root/ros2_ws/build/ai_model_node/build install --record /root/ros2_ws/build/ai_model_node/install.log --single-version-externally-managed install_data
