2024-12-18 12:31:14.859 [info] [main] Log level: Info
2024-12-18 12:31:14.859 [info] [main] Validating found git in: "git"
2024-12-18 12:31:14.859 [info] [main] Using git "2.34.1" from "git"
2024-12-18 12:31:14.859 [info] [Model][doInitialScan] Initial repository scan started
2024-12-18 12:31:14.859 [info] > git rev-parse --show-toplevel [11ms]
2024-12-18 12:31:14.859 [info] fatal: not a git repository (or any of the parent directories): .git
2024-12-18 12:31:14.859 [info] > git rev-parse --show-toplevel [25ms]
2024-12-18 12:31:14.866 [info] > git rev-parse --git-dir --git-common-dir [1ms]
2024-12-18 12:31:14.876 [info] [Model][openRepository] Opened repository: /root/ros2_ws/src/sjtu_drone
2024-12-18 12:31:14.892 [info] > git rev-parse --show-toplevel [6ms]
2024-12-18 12:31:14.892 [info] fatal: not a git repository (or any of the parent directories): .git
2024-12-18 12:31:14.893 [info] > git config --get commit.template [9ms]
2024-12-18 12:31:14.904 [info] > git rev-parse --show-toplevel [7ms]
2024-12-18 12:31:14.904 [info] fatal: not a git repository (or any of the parent directories): .git
2024-12-18 12:31:14.913 [info] > git rev-parse --show-toplevel [3ms]
2024-12-18 12:31:14.913 [info] fatal: not a git repository (or any of the parent directories): .git
2024-12-18 12:31:14.913 [info] > git for-each-ref --format=%(refname)%00%(upstream:short)%00%(objectname)%00%(upstream:track)%00%(upstream:remotename)%00%(upstream:remoteref) refs/heads/ros2 refs/remotes/ros2 [11ms]
2024-12-18 12:31:14.927 [warning] [Git][revParse] Unable to read file: ENOENT: no such file or directory, open '/root/ros2_ws/src/sjtu_drone/.git/refs/remotes/origin/ros2'
2024-12-18 12:31:14.931 [info] > git rev-parse --show-toplevel [9ms]
2024-12-18 12:31:14.931 [info] fatal: not a git repository (or any of the parent directories): .git
2024-12-18 12:31:14.949 [info] > git rev-parse refs/remotes/origin/ros2 [23ms]
2024-12-18 12:31:14.971 [info] > git for-each-ref --sort -committerdate --format %(refname) %(objectname) %(*objectname) [4ms]
2024-12-18 12:31:14.972 [info] > git rev-parse --show-toplevel [24ms]
2024-12-18 12:31:14.972 [info] fatal: not a git repository (or any of the parent directories): .git
2024-12-18 12:31:14.978 [info] > git rev-parse --show-toplevel [2ms]
2024-12-18 12:31:14.978 [info] fatal: not a git repository (or any of the parent directories): .git
2024-12-18 12:31:14.981 [info] [Model][doInitialScan] Initial repository scan completed - repositories (1), closed repositories (0), parent repositories (0), unsafe repositories (0)
2024-12-18 12:31:14.994 [info] > git status -z -uall [35ms]
2024-12-18 12:31:15.015 [info] > git for-each-ref --format=%(refname)%00%(upstream:short)%00%(objectname)%00%(upstream:track)%00%(upstream:remotename)%00%(upstream:remoteref) refs/heads/ros2 refs/remotes/ros2 [9ms]
2024-12-18 12:31:15.021 [info] > git config --local branch.ros2.vscode-merge-base [2ms]
2024-12-18 12:31:15.028 [info] > git config --get commit.template [16ms]
2024-12-18 12:31:15.029 [info] > git for-each-ref --format=%(refname)%00%(upstream:short)%00%(objectname)%00%(upstream:track)%00%(upstream:remotename)%00%(upstream:remoteref) refs/heads/origin/ros2 refs/remotes/origin/ros2 [3ms]
2024-12-18 12:31:15.063 [info] > git merge-base refs/heads/ros2 refs/remotes/origin/ros2 [27ms]
2024-12-18 12:31:15.108 [info] > git diff --name-status -z --diff-filter=ADMR 4a643e22d7cb0400c69eb0a62c689655d481b4db...refs/remotes/origin/ros2 [39ms]
2024-12-18 12:31:15.109 [info] > git for-each-ref --format=%(refname)%00%(upstream:short)%00%(objectname)%00%(upstream:track)%00%(upstream:remotename)%00%(upstream:remoteref) refs/heads/ros2 refs/remotes/ros2 [47ms]
2024-12-18 12:31:15.185 [warning] [Git][revParse] Unable to read file: ENOENT: no such file or directory, open '/root/ros2_ws/src/sjtu_drone/.git/refs/remotes/origin/ros2'
2024-12-18 12:31:15.196 [info] > git rev-parse --show-toplevel [7ms]
2024-12-18 12:31:15.196 [info] fatal: not a git repository (or any of the parent directories): .git
2024-12-18 12:31:15.196 [info] > git rev-parse refs/remotes/origin/ros2 [12ms]
2024-12-18 12:31:15.212 [info] > git for-each-ref --sort -committerdate --format %(refname) %(objectname) %(*objectname) [4ms]
2024-12-18 12:31:15.223 [info] > git status -z -uall [21ms]
2024-12-18 12:31:15.392 [info] > git show --textconv :ai_model_node/ai_model_node/classify_image.py [7ms]
2024-12-18 12:31:15.397 [info] > git ls-files --stage -- /root/ros2_ws/src/sjtu_drone/ai_model_node/ai_model_node/classify_image.py [5ms]
2024-12-18 12:31:15.418 [info] > git check-ignore -v -z --stdin [2ms]
2024-12-18 12:32:51.286 [info] [main] Log level: Info
2024-12-18 12:32:51.287 [info] [main] Validating found git in: "git"
2024-12-18 12:32:51.287 [info] [main] Using git "2.34.1" from "git"
2024-12-18 12:32:51.287 [info] [Model][doInitialScan] Initial repository scan started
2024-12-18 12:32:51.293 [info] > git rev-parse --show-toplevel [4ms]
2024-12-18 12:32:51.293 [info] fatal: not a git repository (or any of the parent directories): .git
2024-12-18 12:32:51.471 [info] > git rev-parse --show-toplevel [5ms]
2024-12-18 12:32:51.471 [info] fatal: not a git repository (or any of the parent directories): .git
2024-12-18 12:32:51.480 [info] > git rev-parse --show-toplevel [1ms]
2024-12-18 12:32:51.480 [info] fatal: not a git repository (or any of the parent directories): .git
2024-12-18 12:32:51.487 [info] > git rev-parse --show-toplevel [1ms]
2024-12-18 12:32:51.487 [info] fatal: not a git repository (or any of the parent directories): .git
2024-12-18 12:32:51.493 [info] > git rev-parse --show-toplevel [1ms]
2024-12-18 12:32:51.493 [info] fatal: not a git repository (or any of the parent directories): .git
2024-12-18 12:32:51.500 [info] > git rev-parse --show-toplevel [1ms]
2024-12-18 12:32:51.500 [info] fatal: not a git repository (or any of the parent directories): .git
2024-12-18 12:32:51.506 [info] > git rev-parse --show-toplevel [2ms]
2024-12-18 12:32:51.506 [info] fatal: not a git repository (or any of the parent directories): .git
2024-12-18 12:32:51.516 [info] > git rev-parse --show-toplevel [2ms]
2024-12-18 12:32:51.516 [info] fatal: not a git repository (or any of the parent directories): .git
2024-12-18 12:32:51.523 [info] > git rev-parse --show-toplevel [1ms]
2024-12-18 12:32:51.523 [info] fatal: not a git repository (or any of the parent directories): .git
2024-12-18 12:32:51.530 [info] > git rev-parse --show-toplevel [1ms]
2024-12-18 12:32:51.531 [info] fatal: not a git repository (or any of the parent directories): .git
2024-12-18 12:32:51.538 [info] > git rev-parse --show-toplevel [3ms]
2024-12-18 12:32:51.538 [info] fatal: not a git repository (or any of the parent directories): .git
2024-12-18 12:32:51.548 [info] > git rev-parse --show-toplevel [2ms]
2024-12-18 12:32:51.548 [info] fatal: not a git repository (or any of the parent directories): .git
2024-12-18 12:32:51.553 [info] > git rev-parse --show-toplevel [1ms]
2024-12-18 12:32:51.553 [info] fatal: not a git repository (or any of the parent directories): .git
2024-12-18 12:32:51.558 [info] > git rev-parse --show-toplevel [1ms]
2024-12-18 12:32:51.558 [info] fatal: not a git repository (or any of the parent directories): .git
2024-12-18 12:32:51.563 [info] > git rev-parse --show-toplevel [1ms]
2024-12-18 12:32:51.563 [info] fatal: not a git repository (or any of the parent directories): .git
2024-12-18 12:32:51.570 [info] > git rev-parse --show-toplevel [2ms]
2024-12-18 12:32:51.570 [info] fatal: not a git repository (or any of the parent directories): .git
2024-12-18 12:32:51.584 [info] > git rev-parse --show-toplevel [9ms]
2024-12-18 12:32:51.584 [info] fatal: not a git repository (or any of the parent directories): .git
2024-12-18 12:32:51.590 [info] > git rev-parse --show-toplevel [2ms]
2024-12-18 12:32:51.590 [info] fatal: not a git repository (or any of the parent directories): .git
2024-12-18 12:32:51.598 [info] > git rev-parse --show-toplevel [3ms]
2024-12-18 12:32:51.598 [info] fatal: not a git repository (or any of the parent directories): .git
2024-12-18 12:32:51.604 [info] > git rev-parse --show-toplevel [2ms]
2024-12-18 12:32:51.605 [info] fatal: not a git repository (or any of the parent directories): .git
2024-12-18 12:32:51.612 [info] > git rev-parse --show-toplevel [3ms]
2024-12-18 12:32:51.612 [info] fatal: not a git repository (or any of the parent directories): .git
2024-12-18 12:32:51.620 [info] > git rev-parse --show-toplevel [2ms]
2024-12-18 12:32:51.620 [info] fatal: not a git repository (or any of the parent directories): .git
2024-12-18 12:32:51.627 [info] > git rev-parse --show-toplevel [2ms]
2024-12-18 12:32:51.627 [info] fatal: not a git repository (or any of the parent directories): .git
2024-12-18 12:32:51.634 [info] > git rev-parse --show-toplevel [2ms]
2024-12-18 12:32:51.634 [info] fatal: not a git repository (or any of the parent directories): .git
2024-12-18 12:32:51.643 [info] > git rev-parse --show-toplevel [2ms]
2024-12-18 12:32:51.643 [info] fatal: not a git repository (or any of the parent directories): .git
2024-12-18 12:32:51.652 [info] > git rev-parse --show-toplevel [3ms]
2024-12-18 12:32:51.652 [info] fatal: not a git repository (or any of the parent directories): .git
2024-12-18 12:32:51.661 [info] > git rev-parse --show-toplevel [2ms]
2024-12-18 12:32:51.661 [info] fatal: not a git repository (or any of the parent directories): .git
2024-12-18 12:32:51.673 [info] > git rev-parse --show-toplevel [6ms]
2024-12-18 12:32:51.673 [info] fatal: not a git repository (or any of the parent directories): .git
2024-12-18 12:32:51.680 [info] > git rev-parse --show-toplevel [2ms]
2024-12-18 12:32:51.680 [info] fatal: not a git repository (or any of the parent directories): .git
2024-12-18 12:32:51.690 [info] > git rev-parse --show-toplevel [3ms]
2024-12-18 12:32:51.690 [info] fatal: not a git repository (or any of the parent directories): .git
2024-12-18 12:32:51.698 [info] > git rev-parse --show-toplevel [2ms]
2024-12-18 12:32:51.698 [info] fatal: not a git repository (or any of the parent directories): .git
2024-12-18 12:32:51.709 [info] > git rev-parse --show-toplevel [4ms]
2024-12-18 12:32:51.709 [info] fatal: not a git repository (or any of the parent directories): .git
2024-12-18 12:32:51.718 [info] > git rev-parse --show-toplevel [2ms]
2024-12-18 12:32:51.718 [info] fatal: not a git repository (or any of the parent directories): .git
2024-12-18 12:32:51.728 [info] > git rev-parse --show-toplevel [1ms]
2024-12-18 12:32:51.728 [info] fatal: not a git repository (or any of the parent directories): .git
2024-12-18 12:32:51.735 [info] > git rev-parse --show-toplevel [2ms]
2024-12-18 12:32:51.735 [info] fatal: not a git repository (or any of the parent directories): .git
2024-12-18 12:32:51.742 [info] > git rev-parse --show-toplevel [2ms]
2024-12-18 12:32:51.742 [info] fatal: not a git repository (or any of the parent directories): .git
2024-12-18 12:32:51.749 [info] > git rev-parse --show-toplevel [2ms]
2024-12-18 12:32:51.749 [info] fatal: not a git repository (or any of the parent directories): .git
2024-12-18 12:32:51.758 [info] > git rev-parse --show-toplevel [3ms]
2024-12-18 12:32:51.758 [info] fatal: not a git repository (or any of the parent directories): .git
2024-12-18 12:32:51.773 [info] > git rev-parse --show-toplevel [7ms]
2024-12-18 12:32:51.773 [info] fatal: not a git repository (or any of the parent directories): .git
2024-12-18 12:32:51.782 [info] > git rev-parse --show-toplevel [3ms]
2024-12-18 12:32:51.782 [info] fatal: not a git repository (or any of the parent directories): .git
2024-12-18 12:32:51.789 [info] > git rev-parse --show-toplevel [1ms]
2024-12-18 12:32:51.789 [info] fatal: not a git repository (or any of the parent directories): .git
2024-12-18 12:32:51.797 [info] > git rev-parse --show-toplevel [1ms]
2024-12-18 12:32:51.797 [info] fatal: not a git repository (or any of the parent directories): .git
2024-12-18 12:32:51.804 [info] > git rev-parse --show-toplevel [1ms]
2024-12-18 12:32:51.804 [info] fatal: not a git repository (or any of the parent directories): .git
2024-12-18 12:32:51.811 [info] > git rev-parse --show-toplevel [2ms]
2024-12-18 12:32:51.811 [info] fatal: not a git repository (or any of the parent directories): .git
2024-12-18 12:32:51.818 [info] > git rev-parse --show-toplevel [2ms]
2024-12-18 12:32:51.818 [info] fatal: not a git repository (or any of the parent directories): .git
2024-12-18 12:32:51.826 [info] > git rev-parse --show-toplevel [2ms]
2024-12-18 12:32:51.826 [info] fatal: not a git repository (or any of the parent directories): .git
2024-12-18 12:32:51.833 [info] > git rev-parse --show-toplevel [1ms]
2024-12-18 12:32:51.833 [info] fatal: not a git repository (or any of the parent directories): .git
2024-12-18 12:32:51.840 [info] > git rev-parse --show-toplevel [2ms]
2024-12-18 12:32:51.840 [info] fatal: not a git repository (or any of the parent directories): .git
2024-12-18 12:32:51.856 [info] > git rev-parse --show-toplevel [9ms]
2024-12-18 12:32:51.856 [info] fatal: not a git repository (or any of the parent directories): .git
2024-12-18 12:32:51.866 [info] > git rev-parse --show-toplevel [2ms]
2024-12-18 12:32:51.866 [info] fatal: not a git repository (or any of the parent directories): .git
2024-12-18 12:32:51.873 [info] > git rev-parse --show-toplevel [2ms]
2024-12-18 12:32:51.873 [info] fatal: not a git repository (or any of the parent directories): .git
2024-12-18 12:32:51.879 [info] > git rev-parse --show-toplevel [1ms]
2024-12-18 12:32:51.879 [info] fatal: not a git repository (or any of the parent directories): .git
2024-12-18 12:32:51.887 [info] > git rev-parse --show-toplevel [2ms]
2024-12-18 12:32:51.887 [info] fatal: not a git repository (or any of the parent directories): .git
2024-12-18 12:32:51.894 [info] > git rev-parse --show-toplevel [2ms]
2024-12-18 12:32:51.894 [info] fatal: not a git repository (or any of the parent directories): .git
2024-12-18 12:32:51.900 [info] > git rev-parse --show-toplevel [1ms]
2024-12-18 12:32:51.901 [info] fatal: not a git repository (or any of the parent directories): .git
2024-12-18 12:32:51.910 [info] > git rev-parse --show-toplevel [3ms]
2024-12-18 12:32:51.910 [info] fatal: not a git repository (or any of the parent directories): .git
2024-12-18 12:32:51.922 [info] > git rev-parse --show-toplevel [3ms]
2024-12-18 12:32:51.922 [info] fatal: not a git repository (or any of the parent directories): .git
2024-12-18 12:32:51.929 [info] > git rev-parse --show-toplevel [1ms]
2024-12-18 12:32:51.929 [info] fatal: not a git repository (or any of the parent directories): .git
2024-12-18 12:32:51.940 [info] > git rev-parse --show-toplevel [6ms]
2024-12-18 12:32:51.940 [info] fatal: not a git repository (or any of the parent directories): .git
2024-12-18 12:32:51.948 [info] > git rev-parse --show-toplevel [3ms]
2024-12-18 12:32:51.949 [info] fatal: not a git repository (or any of the parent directories): .git
2024-12-18 12:32:51.956 [info] > git rev-parse --show-toplevel [1ms]
2024-12-18 12:32:51.956 [info] fatal: not a git repository (or any of the parent directories): .git
2024-12-18 12:32:51.961 [info] > git rev-parse --show-toplevel [1ms]
2024-12-18 12:32:51.961 [info] fatal: not a git repository (or any of the parent directories): .git
2024-12-18 12:32:51.964 [info] > git rev-parse --show-toplevel [1ms]
2024-12-18 12:32:51.964 [info] fatal: not a git repository (or any of the parent directories): .git
2024-12-18 12:32:51.968 [info] > git rev-parse --show-toplevel [1ms]
2024-12-18 12:32:51.968 [info] fatal: not a git repository (or any of the parent directories): .git
2024-12-18 12:32:51.971 [info] > git rev-parse --show-toplevel [1ms]
2024-12-18 12:32:51.971 [info] fatal: not a git repository (or any of the parent directories): .git
2024-12-18 12:32:51.974 [info] > git rev-parse --show-toplevel [1ms]
2024-12-18 12:32:51.974 [info] fatal: not a git repository (or any of the parent directories): .git
2024-12-18 12:32:51.977 [info] > git rev-parse --show-toplevel [1ms]
2024-12-18 12:32:51.977 [info] fatal: not a git repository (or any of the parent directories): .git
2024-12-18 12:32:51.979 [info] > git rev-parse --show-toplevel [0ms]
2024-12-18 12:32:51.979 [info] fatal: not a git repository (or any of the parent directories): .git
2024-12-18 12:32:51.982 [info] > git rev-parse --show-toplevel [1ms]
2024-12-18 12:32:51.982 [info] fatal: not a git repository (or any of the parent directories): .git
2024-12-18 12:32:51.985 [info] > git rev-parse --show-toplevel [1ms]
2024-12-18 12:32:51.985 [info] fatal: not a git repository (or any of the parent directories): .git
2024-12-18 12:32:51.988 [info] > git rev-parse --show-toplevel [1ms]
2024-12-18 12:32:51.988 [info] fatal: not a git repository (or any of the parent directories): .git
2024-12-18 12:32:51.991 [info] > git rev-parse --show-toplevel [1ms]
2024-12-18 12:32:51.991 [info] fatal: not a git repository (or any of the parent directories): .git
2024-12-18 12:32:51.993 [info] > git rev-parse --show-toplevel [0ms]
2024-12-18 12:32:51.993 [info] fatal: not a git repository (or any of the parent directories): .git
2024-12-18 12:32:51.996 [info] > git rev-parse --show-toplevel [1ms]
2024-12-18 12:32:51.996 [info] fatal: not a git repository (or any of the parent directories): .git
2024-12-18 12:32:51.999 [info] > git rev-parse --show-toplevel [1ms]
2024-12-18 12:32:51.999 [info] fatal: not a git repository (or any of the parent directories): .git
2024-12-18 12:32:52.001 [info] > git rev-parse --show-toplevel [0ms]
2024-12-18 12:32:52.001 [info] fatal: not a git repository (or any of the parent directories): .git
2024-12-18 12:32:52.004 [info] > git rev-parse --show-toplevel [1ms]
2024-12-18 12:32:52.004 [info] fatal: not a git repository (or any of the parent directories): .git
2024-12-18 12:32:52.007 [info] > git rev-parse --show-toplevel [1ms]
2024-12-18 12:32:52.007 [info] fatal: not a git repository (or any of the parent directories): .git
2024-12-18 12:32:52.010 [info] > git rev-parse --show-toplevel [1ms]
2024-12-18 12:32:52.010 [info] fatal: not a git repository (or any of the parent directories): .git
2024-12-18 12:32:52.012 [info] > git rev-parse --show-toplevel [1ms]
2024-12-18 12:32:52.012 [info] fatal: not a git repository (or any of the parent directories): .git
2024-12-18 12:32:52.015 [info] > git rev-parse --show-toplevel [1ms]
2024-12-18 12:32:52.015 [info] fatal: not a git repository (or any of the parent directories): .git
2024-12-18 12:32:52.018 [info] > git rev-parse --show-toplevel [1ms]
2024-12-18 12:32:52.018 [info] fatal: not a git repository (or any of the parent directories): .git
2024-12-18 12:32:52.020 [info] > git rev-parse --show-toplevel [0ms]
2024-12-18 12:32:52.020 [info] fatal: not a git repository (or any of the parent directories): .git
2024-12-18 12:32:52.023 [info] > git rev-parse --show-toplevel [1ms]
2024-12-18 12:32:52.023 [info] fatal: not a git repository (or any of the parent directories): .git
2024-12-18 12:32:52.025 [info] > git rev-parse --show-toplevel [0ms]
2024-12-18 12:32:52.025 [info] fatal: not a git repository (or any of the parent directories): .git
2024-12-18 12:32:52.028 [info] > git rev-parse --show-toplevel [1ms]
2024-12-18 12:32:52.028 [info] fatal: not a git repository (or any of the parent directories): .git
2024-12-18 12:32:52.031 [info] > git rev-parse --show-toplevel [1ms]
2024-12-18 12:32:52.031 [info] fatal: not a git repository (or any of the parent directories): .git
2024-12-18 12:32:52.034 [info] > git rev-parse --show-toplevel [1ms]
2024-12-18 12:32:52.034 [info] fatal: not a git repository (or any of the parent directories): .git
2024-12-18 12:32:52.037 [info] > git rev-parse --show-toplevel [1ms]
2024-12-18 12:32:52.037 [info] fatal: not a git repository (or any of the parent directories): .git
2024-12-18 12:32:52.039 [info] > git rev-parse --show-toplevel [0ms]
2024-12-18 12:32:52.039 [info] fatal: not a git repository (or any of the parent directories): .git
2024-12-18 12:32:52.042 [info] > git rev-parse --show-toplevel [1ms]
2024-12-18 12:32:52.042 [info] fatal: not a git repository (or any of the parent directories): .git
2024-12-18 12:32:52.045 [info] > git rev-parse --show-toplevel [1ms]
2024-12-18 12:32:52.045 [info] fatal: not a git repository (or any of the parent directories): .git
2024-12-18 12:32:52.048 [info] > git rev-parse --show-toplevel [1ms]
2024-12-18 12:32:52.048 [info] fatal: not a git repository (or any of the parent directories): .git
2024-12-18 12:32:52.051 [info] > git rev-parse --show-toplevel [1ms]
2024-12-18 12:32:52.051 [info] fatal: not a git repository (or any of the parent directories): .git
2024-12-18 12:32:52.053 [info] > git rev-parse --show-toplevel [1ms]
2024-12-18 12:32:52.053 [info] fatal: not a git repository (or any of the parent directories): .git
2024-12-18 12:32:52.056 [info] > git rev-parse --show-toplevel [1ms]
2024-12-18 12:32:52.056 [info] fatal: not a git repository (or any of the parent directories): .git
2024-12-18 12:32:52.058 [info] > git rev-parse --show-toplevel [1ms]
2024-12-18 12:32:52.058 [info] fatal: not a git repository (or any of the parent directories): .git
2024-12-18 12:32:52.061 [info] > git rev-parse --show-toplevel [1ms]
2024-12-18 12:32:52.061 [info] fatal: not a git repository (or any of the parent directories): .git
2024-12-18 12:32:52.063 [info] > git rev-parse --show-toplevel [1ms]
2024-12-18 12:32:52.063 [info] fatal: not a git repository (or any of the parent directories): .git
2024-12-18 12:32:52.066 [info] > git rev-parse --show-toplevel [1ms]
2024-12-18 12:32:52.066 [info] fatal: not a git repository (or any of the parent directories): .git
2024-12-18 12:32:52.069 [info] > git rev-parse --show-toplevel [1ms]
2024-12-18 12:32:52.069 [info] fatal: not a git repository (or any of the parent directories): .git
2024-12-18 12:32:52.071 [info] > git rev-parse --show-toplevel [1ms]
2024-12-18 12:32:52.071 [info] fatal: not a git repository (or any of the parent directories): .git
2024-12-18 12:32:52.074 [info] > git rev-parse --show-toplevel [1ms]
2024-12-18 12:32:52.074 [info] fatal: not a git repository (or any of the parent directories): .git
2024-12-18 12:32:52.077 [info] > git rev-parse --show-toplevel [1ms]
2024-12-18 12:32:52.077 [info] fatal: not a git repository (or any of the parent directories): .git
2024-12-18 12:32:52.080 [info] > git rev-parse --show-toplevel [1ms]
2024-12-18 12:32:52.080 [info] fatal: not a git repository (or any of the parent directories): .git
2024-12-18 12:32:52.085 [info] > git rev-parse --show-toplevel [2ms]
2024-12-18 12:32:52.085 [info] fatal: not a git repository (or any of the parent directories): .git
2024-12-18 12:32:52.088 [info] > git rev-parse --show-toplevel [1ms]
2024-12-18 12:32:52.088 [info] fatal: not a git repository (or any of the parent directories): .git
2024-12-18 12:32:52.091 [info] > git rev-parse --show-toplevel [1ms]
2024-12-18 12:32:52.091 [info] fatal: not a git repository (or any of the parent directories): .git
2024-12-18 12:32:52.094 [info] > git rev-parse --show-toplevel [1ms]
2024-12-18 12:32:52.094 [info] fatal: not a git repository (or any of the parent directories): .git
2024-12-18 12:32:52.097 [info] > git rev-parse --show-toplevel [1ms]
2024-12-18 12:32:52.097 [info] fatal: not a git repository (or any of the parent directories): .git
2024-12-18 12:32:52.099 [info] > git rev-parse --show-toplevel [1ms]
2024-12-18 12:32:52.099 [info] fatal: not a git repository (or any of the parent directories): .git
2024-12-18 12:32:52.102 [info] > git rev-parse --show-toplevel [1ms]
2024-12-18 12:32:52.102 [info] fatal: not a git repository (or any of the parent directories): .git
2024-12-18 12:32:52.104 [info] > git rev-parse --show-toplevel [1ms]
2024-12-18 12:32:52.104 [info] fatal: not a git repository (or any of the parent directories): .git
2024-12-18 12:32:52.108 [info] > git rev-parse --show-toplevel [2ms]
2024-12-18 12:32:52.108 [info] fatal: not a git repository (or any of the parent directories): .git
2024-12-18 12:32:52.110 [info] > git rev-parse --show-toplevel [1ms]
2024-12-18 12:32:52.110 [info] fatal: not a git repository (or any of the parent directories): .git
2024-12-18 12:32:52.113 [info] > git rev-parse --show-toplevel [1ms]
2024-12-18 12:32:52.113 [info] fatal: not a git repository (or any of the parent directories): .git
2024-12-18 12:32:52.116 [info] > git rev-parse --show-toplevel [1ms]
2024-12-18 12:32:52.116 [info] fatal: not a git repository (or any of the parent directories): .git
2024-12-18 12:32:52.118 [info] > git rev-parse --show-toplevel [0ms]
2024-12-18 12:32:52.118 [info] fatal: not a git repository (or any of the parent directories): .git
2024-12-18 12:32:52.121 [info] > git rev-parse --show-toplevel [1ms]
2024-12-18 12:32:52.121 [info] fatal: not a git repository (or any of the parent directories): .git
2024-12-18 12:32:52.123 [info] > git rev-parse --show-toplevel [0ms]
2024-12-18 12:32:52.123 [info] fatal: not a git repository (or any of the parent directories): .git
2024-12-18 12:32:52.126 [info] > git rev-parse --show-toplevel [1ms]
2024-12-18 12:32:52.126 [info] fatal: not a git repository (or any of the parent directories): .git
2024-12-18 12:32:52.129 [info] > git rev-parse --show-toplevel [1ms]
2024-12-18 12:32:52.129 [info] fatal: not a git repository (or any of the parent directories): .git
2024-12-18 12:32:52.131 [info] > git rev-parse --show-toplevel [1ms]
2024-12-18 12:32:52.131 [info] fatal: not a git repository (or any of the parent directories): .git
2024-12-18 12:32:52.134 [info] > git rev-parse --show-toplevel [1ms]
2024-12-18 12:32:52.134 [info] fatal: not a git repository (or any of the parent directories): .git
2024-12-18 12:32:52.136 [info] > git rev-parse --show-toplevel [1ms]
2024-12-18 12:32:52.136 [info] fatal: not a git repository (or any of the parent directories): .git
2024-12-18 12:32:52.139 [info] > git rev-parse --show-toplevel [1ms]
2024-12-18 12:32:52.139 [info] fatal: not a git repository (or any of the parent directories): .git
2024-12-18 12:32:52.142 [info] > git rev-parse --show-toplevel [1ms]
2024-12-18 12:32:52.142 [info] fatal: not a git repository (or any of the parent directories): .git
2024-12-18 12:32:52.145 [info] > git rev-parse --show-toplevel [1ms]
2024-12-18 12:32:52.146 [info] fatal: not a git repository (or any of the parent directories): .git
2024-12-18 12:32:52.148 [info] > git rev-parse --show-toplevel [0ms]
2024-12-18 12:32:52.149 [info] fatal: not a git repository (or any of the parent directories): .git
2024-12-18 12:32:52.151 [info] > git rev-parse --show-toplevel [1ms]
2024-12-18 12:32:52.151 [info] fatal: not a git repository (or any of the parent directories): .git
2024-12-18 12:32:52.154 [info] > git rev-parse --show-toplevel [1ms]
2024-12-18 12:32:52.154 [info] fatal: not a git repository (or any of the parent directories): .git
2024-12-18 12:32:52.156 [info] > git rev-parse --show-toplevel [0ms]
2024-12-18 12:32:52.157 [info] fatal: not a git repository (or any of the parent directories): .git
2024-12-18 12:32:52.159 [info] > git rev-parse --show-toplevel [1ms]
2024-12-18 12:32:52.159 [info] fatal: not a git repository (or any of the parent directories): .git
2024-12-18 12:32:52.162 [info] > git rev-parse --show-toplevel [1ms]
2024-12-18 12:32:52.162 [info] fatal: not a git repository (or any of the parent directories): .git
2024-12-18 12:32:52.165 [info] > git rev-parse --show-toplevel [1ms]
2024-12-18 12:32:52.165 [info] fatal: not a git repository (or any of the parent directories): .git
2024-12-18 12:32:52.167 [info] > git rev-parse --show-toplevel [0ms]
2024-12-18 12:32:52.167 [info] fatal: not a git repository (or any of the parent directories): .git
2024-12-18 12:32:52.170 [info] > git rev-parse --show-toplevel [1ms]
2024-12-18 12:32:52.170 [info] fatal: not a git repository (or any of the parent directories): .git
2024-12-18 12:32:52.172 [info] > git rev-parse --show-toplevel [0ms]
2024-12-18 12:32:52.172 [info] fatal: not a git repository (or any of the parent directories): .git
2024-12-18 12:32:52.176 [info] > git rev-parse --show-toplevel [1ms]
2024-12-18 12:32:52.176 [info] fatal: not a git repository (or any of the parent directories): .git
2024-12-18 12:32:52.179 [info] > git rev-parse --show-toplevel [1ms]
2024-12-18 12:32:52.179 [info] fatal: not a git repository (or any of the parent directories): .git
2024-12-18 12:32:52.182 [info] > git rev-parse --show-toplevel [1ms]
2024-12-18 12:32:52.182 [info] fatal: not a git repository (or any of the parent directories): .git
2024-12-18 12:32:52.185 [info] > git rev-parse --show-toplevel [1ms]
2024-12-18 12:32:52.185 [info] fatal: not a git repository (or any of the parent directories): .git
2024-12-18 12:32:52.190 [info] > git rev-parse --show-toplevel [1ms]
2024-12-18 12:32:52.190 [info] fatal: not a git repository (or any of the parent directories): .git
2024-12-18 12:32:52.196 [info] > git rev-parse --show-toplevel [1ms]
2024-12-18 12:32:52.196 [info] fatal: not a git repository (or any of the parent directories): .git
2024-12-18 12:32:52.204 [info] > git rev-parse --show-toplevel [3ms]
2024-12-18 12:32:52.204 [info] fatal: not a git repository (or any of the parent directories): .git
2024-12-18 12:32:52.212 [info] > git rev-parse --show-toplevel [2ms]
2024-12-18 12:32:52.212 [info] fatal: not a git repository (or any of the parent directories): .git
2024-12-18 12:32:52.217 [info] > git rev-parse --show-toplevel [1ms]
2024-12-18 12:32:52.217 [info] fatal: not a git repository (or any of the parent directories): .git
2024-12-18 12:32:52.222 [info] > git rev-parse --show-toplevel [1ms]
2024-12-18 12:32:52.222 [info] fatal: not a git repository (or any of the parent directories): .git
2024-12-18 12:32:52.227 [info] > git rev-parse --show-toplevel [2ms]
2024-12-18 12:32:52.227 [info] fatal: not a git repository (or any of the parent directories): .git
2024-12-18 12:32:52.232 [info] > git rev-parse --show-toplevel [1ms]
2024-12-18 12:32:52.232 [info] fatal: not a git repository (or any of the parent directories): .git
2024-12-18 12:32:52.236 [info] > git rev-parse --show-toplevel [1ms]
2024-12-18 12:32:52.236 [info] fatal: not a git repository (or any of the parent directories): .git
2024-12-18 12:32:52.239 [info] > git rev-parse --show-toplevel [1ms]
2024-12-18 12:32:52.239 [info] fatal: not a git repository (or any of the parent directories): .git
2024-12-18 12:32:52.242 [info] > git rev-parse --show-toplevel [1ms]
2024-12-18 12:32:52.242 [info] fatal: not a git repository (or any of the parent directories): .git
2024-12-18 12:32:52.245 [info] > git rev-parse --show-toplevel [1ms]
2024-12-18 12:32:52.245 [info] fatal: not a git repository (or any of the parent directories): .git
2024-12-18 12:32:52.248 [info] > git rev-parse --show-toplevel [1ms]
2024-12-18 12:32:52.248 [info] fatal: not a git repository (or any of the parent directories): .git
2024-12-18 12:32:52.250 [info] > git rev-parse --show-toplevel [1ms]
2024-12-18 12:32:52.250 [info] fatal: not a git repository (or any of the parent directories): .git
2024-12-18 12:32:52.254 [info] > git rev-parse --show-toplevel [0ms]
2024-12-18 12:32:52.254 [info] fatal: not a git repository (or any of the parent directories): .git
2024-12-18 12:32:52.256 [info] > git rev-parse --show-toplevel [1ms]
2024-12-18 12:32:52.256 [info] fatal: not a git repository (or any of the parent directories): .git
2024-12-18 12:32:52.259 [info] > git rev-parse --show-toplevel [1ms]
2024-12-18 12:32:52.259 [info] fatal: not a git repository (or any of the parent directories): .git
2024-12-18 12:32:52.262 [info] > git rev-parse --show-toplevel [1ms]
2024-12-18 12:32:52.262 [info] fatal: not a git repository (or any of the parent directories): .git
2024-12-18 12:32:52.265 [info] > git rev-parse --show-toplevel [1ms]
2024-12-18 12:32:52.265 [info] fatal: not a git repository (or any of the parent directories): .git
2024-12-18 12:32:52.267 [info] > git rev-parse --show-toplevel [1ms]
2024-12-18 12:32:52.267 [info] fatal: not a git repository (or any of the parent directories): .git
2024-12-18 12:32:52.270 [info] > git rev-parse --show-toplevel [1ms]
2024-12-18 12:32:52.270 [info] fatal: not a git repository (or any of the parent directories): .git
2024-12-18 12:32:52.273 [info] > git rev-parse --show-toplevel [1ms]
2024-12-18 12:32:52.273 [info] fatal: not a git repository (or any of the parent directories): .git
2024-12-18 12:32:52.276 [info] > git rev-parse --show-toplevel [1ms]
2024-12-18 12:32:52.276 [info] fatal: not a git repository (or any of the parent directories): .git
2024-12-18 12:32:52.278 [info] > git rev-parse --show-toplevel [0ms]
2024-12-18 12:32:52.278 [info] fatal: not a git repository (or any of the parent directories): .git
2024-12-18 12:32:52.281 [info] > git rev-parse --show-toplevel [1ms]
2024-12-18 12:32:52.281 [info] fatal: not a git repository (or any of the parent directories): .git
2024-12-18 12:32:52.283 [info] > git rev-parse --show-toplevel [0ms]
2024-12-18 12:32:52.283 [info] fatal: not a git repository (or any of the parent directories): .git
2024-12-18 12:32:52.286 [info] > git rev-parse --show-toplevel [1ms]
2024-12-18 12:32:52.286 [info] fatal: not a git repository (or any of the parent directories): .git
2024-12-18 12:32:52.289 [info] > git rev-parse --show-toplevel [1ms]
2024-12-18 12:32:52.289 [info] fatal: not a git repository (or any of the parent directories): .git
2024-12-18 12:32:52.292 [info] > git rev-parse --show-toplevel [1ms]
2024-12-18 12:32:52.292 [info] fatal: not a git repository (or any of the parent directories): .git
2024-12-18 12:32:52.295 [info] > git rev-parse --show-toplevel [0ms]
2024-12-18 12:32:52.295 [info] fatal: not a git repository (or any of the parent directories): .git
2024-12-18 12:32:52.297 [info] > git rev-parse --show-toplevel [1ms]
2024-12-18 12:32:52.297 [info] fatal: not a git repository (or any of the parent directories): .git
2024-12-18 12:32:52.300 [info] > git rev-parse --show-toplevel [1ms]
2024-12-18 12:32:52.300 [info] fatal: not a git repository (or any of the parent directories): .git
2024-12-18 12:32:52.303 [info] > git rev-parse --show-toplevel [1ms]
2024-12-18 12:32:52.303 [info] fatal: not a git repository (or any of the parent directories): .git
2024-12-18 12:32:52.305 [info] > git rev-parse --show-toplevel [0ms]
2024-12-18 12:32:52.306 [info] fatal: not a git repository (or any of the parent directories): .git
2024-12-18 12:32:52.308 [info] > git rev-parse --show-toplevel [1ms]
2024-12-18 12:32:52.308 [info] fatal: not a git repository (or any of the parent directories): .git
2024-12-18 12:32:52.311 [info] > git rev-parse --show-toplevel [0ms]
2024-12-18 12:32:52.311 [info] fatal: not a git repository (or any of the parent directories): .git
2024-12-18 12:32:52.313 [info] > git rev-parse --show-toplevel [1ms]
2024-12-18 12:32:52.313 [info] fatal: not a git repository (or any of the parent directories): .git
2024-12-18 12:32:52.316 [info] > git rev-parse --show-toplevel [1ms]
2024-12-18 12:32:52.316 [info] fatal: not a git repository (or any of the parent directories): .git
2024-12-18 12:32:52.318 [info] > git rev-parse --show-toplevel [1ms]
2024-12-18 12:32:52.318 [info] fatal: not a git repository (or any of the parent directories): .git
2024-12-18 12:32:52.321 [info] > git rev-parse --show-toplevel [1ms]
2024-12-18 12:32:52.321 [info] fatal: not a git repository (or any of the parent directories): .git
2024-12-18 12:32:52.323 [info] > git rev-parse --show-toplevel [1ms]
2024-12-18 12:32:52.323 [info] fatal: not a git repository (or any of the parent directories): .git
2024-12-18 12:32:52.326 [info] > git rev-parse --show-toplevel [1ms]
2024-12-18 12:32:52.326 [info] fatal: not a git repository (or any of the parent directories): .git
2024-12-18 12:32:52.328 [info] > git rev-parse --show-toplevel [1ms]
2024-12-18 12:32:52.328 [info] fatal: not a git repository (or any of the parent directories): .git
2024-12-18 12:32:52.331 [info] > git rev-parse --show-toplevel [1ms]
2024-12-18 12:32:52.331 [info] fatal: not a git repository (or any of the parent directories): .git
2024-12-18 12:32:52.333 [info] > git rev-parse --show-toplevel [1ms]
2024-12-18 12:32:52.333 [info] fatal: not a git repository (or any of the parent directories): .git
2024-12-18 12:32:52.336 [info] > git rev-parse --show-toplevel [1ms]
2024-12-18 12:32:52.336 [info] fatal: not a git repository (or any of the parent directories): .git
2024-12-18 12:32:52.339 [info] > git rev-parse --show-toplevel [1ms]
2024-12-18 12:32:52.339 [info] fatal: not a git repository (or any of the parent directories): .git
2024-12-18 12:32:52.341 [info] > git rev-parse --show-toplevel [0ms]
2024-12-18 12:32:52.341 [info] fatal: not a git repository (or any of the parent directories): .git
2024-12-18 12:32:52.344 [info] > git rev-parse --show-toplevel [1ms]
2024-12-18 12:32:52.344 [info] fatal: not a git repository (or any of the parent directories): .git
2024-12-18 12:32:52.347 [info] > git rev-parse --show-toplevel [1ms]
2024-12-18 12:32:52.347 [info] fatal: not a git repository (or any of the parent directories): .git
2024-12-18 12:32:52.349 [info] > git rev-parse --show-toplevel [1ms]
2024-12-18 12:32:52.349 [info] fatal: not a git repository (or any of the parent directories): .git
2024-12-18 12:32:52.352 [info] > git rev-parse --show-toplevel [1ms]
2024-12-18 12:32:52.352 [info] fatal: not a git repository (or any of the parent directories): .git
2024-12-18 12:32:52.354 [info] > git rev-parse --show-toplevel [0ms]
2024-12-18 12:32:52.354 [info] fatal: not a git repository (or any of the parent directories): .git
2024-12-18 12:32:52.357 [info] > git rev-parse --show-toplevel [1ms]
2024-12-18 12:32:52.357 [info] fatal: not a git repository (or any of the parent directories): .git
2024-12-18 12:32:52.359 [info] > git rev-parse --show-toplevel [0ms]
2024-12-18 12:32:52.359 [info] fatal: not a git repository (or any of the parent directories): .git
2024-12-18 12:32:52.362 [info] > git rev-parse --show-toplevel [1ms]
2024-12-18 12:32:52.362 [info] fatal: not a git repository (or any of the parent directories): .git
2024-12-18 12:32:52.364 [info] > git rev-parse --show-toplevel [0ms]
2024-12-18 12:32:52.364 [info] fatal: not a git repository (or any of the parent directories): .git
2024-12-18 12:32:52.367 [info] > git rev-parse --show-toplevel [1ms]
2024-12-18 12:32:52.367 [info] fatal: not a git repository (or any of the parent directories): .git
2024-12-18 12:32:52.370 [info] > git rev-parse --show-toplevel [1ms]
2024-12-18 12:32:52.370 [info] fatal: not a git repository (or any of the parent directories): .git
2024-12-18 12:32:52.372 [info] > git rev-parse --show-toplevel [1ms]
2024-12-18 12:32:52.372 [info] fatal: not a git repository (or any of the parent directories): .git
2024-12-18 12:32:52.375 [info] > git rev-parse --show-toplevel [1ms]
2024-12-18 12:32:52.375 [info] fatal: not a git repository (or any of the parent directories): .git
2024-12-18 12:32:52.377 [info] > git rev-parse --show-toplevel [1ms]
2024-12-18 12:32:52.377 [info] fatal: not a git repository (or any of the parent directories): .git
2024-12-18 12:32:52.380 [info] > git rev-parse --show-toplevel [1ms]
2024-12-18 12:32:52.380 [info] fatal: not a git repository (or any of the parent directories): .git
2024-12-18 12:32:52.383 [info] > git rev-parse --show-toplevel [1ms]
2024-12-18 12:32:52.383 [info] fatal: not a git repository (or any of the parent directories): .git
2024-12-18 12:32:52.385 [info] > git rev-parse --show-toplevel [1ms]
2024-12-18 12:32:52.385 [info] fatal: not a git repository (or any of the parent directories): .git
2024-12-18 12:32:52.388 [info] > git rev-parse --show-toplevel [1ms]
2024-12-18 12:32:52.388 [info] fatal: not a git repository (or any of the parent directories): .git
2024-12-18 12:32:52.390 [info] > git rev-parse --show-toplevel [1ms]
2024-12-18 12:32:52.390 [info] fatal: not a git repository (or any of the parent directories): .git
2024-12-18 12:32:52.393 [info] > git rev-parse --show-toplevel [1ms]
2024-12-18 12:32:52.393 [info] fatal: not a git repository (or any of the parent directories): .git
2024-12-18 12:32:52.396 [info] > git rev-parse --show-toplevel [1ms]
2024-12-18 12:32:52.396 [info] fatal: not a git repository (or any of the parent directories): .git
2024-12-18 12:32:52.399 [info] > git rev-parse --show-toplevel [1ms]
2024-12-18 12:32:52.399 [info] fatal: not a git repository (or any of the parent directories): .git
2024-12-18 12:32:52.401 [info] > git rev-parse --show-toplevel [0ms]
2024-12-18 12:32:52.401 [info] fatal: not a git repository (or any of the parent directories): .git
2024-12-18 12:32:52.405 [info] > git rev-parse --show-toplevel [2ms]
2024-12-18 12:32:52.405 [info] fatal: not a git repository (or any of the parent directories): .git
2024-12-18 12:32:52.408 [info] > git rev-parse --show-toplevel [1ms]
2024-12-18 12:32:52.408 [info] fatal: not a git repository (or any of the parent directories): .git
2024-12-18 12:32:52.411 [info] > git rev-parse --show-toplevel [0ms]
2024-12-18 12:32:52.411 [info] fatal: not a git repository (or any of the parent directories): .git
2024-12-18 12:32:52.413 [info] > git rev-parse --show-toplevel [1ms]
2024-12-18 12:32:52.413 [info] fatal: not a git repository (or any of the parent directories): .git
2024-12-18 12:32:52.416 [info] > git rev-parse --show-toplevel [1ms]
2024-12-18 12:32:52.416 [info] fatal: not a git repository (or any of the parent directories): .git
2024-12-18 12:32:52.418 [info] > git rev-parse --show-toplevel [1ms]
2024-12-18 12:32:52.418 [info] fatal: not a git repository (or any of the parent directories): .git
2024-12-18 12:32:52.421 [info] > git rev-parse --show-toplevel [1ms]
2024-12-18 12:32:52.421 [info] fatal: not a git repository (or any of the parent directories): .git
2024-12-18 12:32:52.423 [info] > git rev-parse --show-toplevel [1ms]
2024-12-18 12:32:52.423 [info] fatal: not a git repository (or any of the parent directories): .git
2024-12-18 12:32:52.425 [info] > git rev-parse --show-toplevel [0ms]
2024-12-18 12:32:52.425 [info] fatal: not a git repository (or any of the parent directories): .git
2024-12-18 12:32:52.428 [info] > git rev-parse --show-toplevel [1ms]
2024-12-18 12:32:52.428 [info] fatal: not a git repository (or any of the parent directories): .git
2024-12-18 12:32:52.431 [info] > git rev-parse --show-toplevel [1ms]
2024-12-18 12:32:52.431 [info] fatal: not a git repository (or any of the parent directories): .git
2024-12-18 12:32:52.433 [info] > git rev-parse --show-toplevel [0ms]
2024-12-18 12:32:52.433 [info] fatal: not a git repository (or any of the parent directories): .git
2024-12-18 12:32:52.436 [info] > git rev-parse --show-toplevel [1ms]
2024-12-18 12:32:52.436 [info] fatal: not a git repository (or any of the parent directories): .git
2024-12-18 12:32:52.438 [info] > git rev-parse --show-toplevel [0ms]
2024-12-18 12:32:52.438 [info] fatal: not a git repository (or any of the parent directories): .git
2024-12-18 12:32:52.441 [info] > git rev-parse --show-toplevel [1ms]
2024-12-18 12:32:52.441 [info] fatal: not a git repository (or any of the parent directories): .git
2024-12-18 12:32:52.443 [info] > git rev-parse --show-toplevel [0ms]
2024-12-18 12:32:52.443 [info] fatal: not a git repository (or any of the parent directories): .git
2024-12-18 12:32:52.446 [info] > git rev-parse --show-toplevel [1ms]
2024-12-18 12:32:52.446 [info] fatal: not a git repository (or any of the parent directories): .git
2024-12-18 12:32:52.449 [info] > git rev-parse --show-toplevel [1ms]
2024-12-18 12:32:52.449 [info] fatal: not a git repository (or any of the parent directories): .git
2024-12-18 12:32:52.451 [info] > git rev-parse --show-toplevel [1ms]
2024-12-18 12:32:52.451 [info] fatal: not a git repository (or any of the parent directories): .git
2024-12-18 12:32:52.454 [info] > git rev-parse --show-toplevel [1ms]
2024-12-18 12:32:52.454 [info] fatal: not a git repository (or any of the parent directories): .git
2024-12-18 12:32:52.456 [info] > git rev-parse --show-toplevel [0ms]
2024-12-18 12:32:52.456 [info] fatal: not a git repository (or any of the parent directories): .git
2024-12-18 12:32:52.459 [info] > git rev-parse --show-toplevel [1ms]
2024-12-18 12:32:52.459 [info] fatal: not a git repository (or any of the parent directories): .git
2024-12-18 12:32:52.461 [info] > git rev-parse --show-toplevel [0ms]
2024-12-18 12:32:52.461 [info] fatal: not a git repository (or any of the parent directories): .git
2024-12-18 12:32:52.464 [info] > git rev-parse --show-toplevel [1ms]
2024-12-18 12:32:52.464 [info] fatal: not a git repository (or any of the parent directories): .git
2024-12-18 12:32:52.467 [info] > git rev-parse --show-toplevel [1ms]
2024-12-18 12:32:52.467 [info] fatal: not a git repository (or any of the parent directories): .git
2024-12-18 12:32:52.469 [info] > git rev-parse --show-toplevel [0ms]
2024-12-18 12:32:52.469 [info] fatal: not a git repository (or any of the parent directories): .git
2024-12-18 12:32:52.472 [info] > git rev-parse --show-toplevel [1ms]
2024-12-18 12:32:52.472 [info] fatal: not a git repository (or any of the parent directories): .git
2024-12-18 12:32:52.475 [info] > git rev-parse --show-toplevel [0ms]
2024-12-18 12:32:52.475 [info] fatal: not a git repository (or any of the parent directories): .git
2024-12-18 12:32:52.477 [info] > git rev-parse --show-toplevel [1ms]
2024-12-18 12:32:52.477 [info] fatal: not a git repository (or any of the parent directories): .git
2024-12-18 12:32:52.480 [info] > git rev-parse --show-toplevel [1ms]
2024-12-18 12:32:52.480 [info] fatal: not a git repository (or any of the parent directories): .git
2024-12-18 12:32:52.482 [info] > git rev-parse --show-toplevel [1ms]
2024-12-18 12:32:52.482 [info] fatal: not a git repository (or any of the parent directories): .git
2024-12-18 12:32:52.485 [info] > git rev-parse --show-toplevel [1ms]
2024-12-18 12:32:52.485 [info] fatal: not a git repository (or any of the parent directories): .git
2024-12-18 12:32:52.487 [info] > git rev-parse --show-toplevel [1ms]
2024-12-18 12:32:52.487 [info] fatal: not a git repository (or any of the parent directories): .git
2024-12-18 12:32:52.490 [info] > git rev-parse --show-toplevel [1ms]
2024-12-18 12:32:52.490 [info] fatal: not a git repository (or any of the parent directories): .git
2024-12-18 12:32:52.492 [info] > git rev-parse --show-toplevel [1ms]
2024-12-18 12:32:52.492 [info] fatal: not a git repository (or any of the parent directories): .git
2024-12-18 12:32:52.495 [info] > git rev-parse --show-toplevel [1ms]
2024-12-18 12:32:52.495 [info] fatal: not a git repository (or any of the parent directories): .git
2024-12-18 12:32:52.497 [info] > git rev-parse --show-toplevel [1ms]
2024-12-18 12:32:52.497 [info] fatal: not a git repository (or any of the parent directories): .git
2024-12-18 12:32:52.500 [info] > git rev-parse --show-toplevel [1ms]
2024-12-18 12:32:52.500 [info] fatal: not a git repository (or any of the parent directories): .git
2024-12-18 12:32:52.503 [info] > git rev-parse --show-toplevel [1ms]
2024-12-18 12:32:52.503 [info] fatal: not a git repository (or any of the parent directories): .git
2024-12-18 12:32:52.506 [info] > git rev-parse --show-toplevel [1ms]
2024-12-18 12:32:52.506 [info] fatal: not a git repository (or any of the parent directories): .git
2024-12-18 12:32:52.509 [info] > git rev-parse --show-toplevel [1ms]
2024-12-18 12:32:52.509 [info] fatal: not a git repository (or any of the parent directories): .git
2024-12-18 12:32:52.513 [info] > git rev-parse --show-toplevel [1ms]
2024-12-18 12:32:52.513 [info] fatal: not a git repository (or any of the parent directories): .git
2024-12-18 12:32:52.516 [info] > git rev-parse --show-toplevel [1ms]
2024-12-18 12:32:52.516 [info] fatal: not a git repository (or any of the parent directories): .git
2024-12-18 12:32:52.519 [info] > git rev-parse --show-toplevel [1ms]
2024-12-18 12:32:52.519 [info] fatal: not a git repository (or any of the parent directories): .git
2024-12-18 12:32:52.522 [info] > git rev-parse --show-toplevel [1ms]
2024-12-18 12:32:52.522 [info] fatal: not a git repository (or any of the parent directories): .git
2024-12-18 12:32:52.524 [info] > git rev-parse --show-toplevel [1ms]
2024-12-18 12:32:52.524 [info] fatal: not a git repository (or any of the parent directories): .git
2024-12-18 12:32:52.527 [info] > git rev-parse --show-toplevel [1ms]
2024-12-18 12:32:52.527 [info] fatal: not a git repository (or any of the parent directories): .git
2024-12-18 12:32:52.529 [info] > git rev-parse --show-toplevel [1ms]
2024-12-18 12:32:52.529 [info] fatal: not a git repository (or any of the parent directories): .git
2024-12-18 12:32:52.532 [info] [Model][doInitialScan] Initial repository scan completed - repositories (0), closed repositories (0), parent repositories (0), unsafe repositories (0)
2024-12-18 12:32:52.536 [info] > git rev-parse --show-toplevel [1ms]
2024-12-18 12:32:52.536 [info] fatal: not a git repository (or any of the parent directories): .git
2024-12-18 12:32:52.539 [info] > git rev-parse --show-toplevel [1ms]
2024-12-18 12:32:52.539 [info] fatal: not a git repository (or any of the parent directories): .git
2024-12-18 12:32:52.542 [info] > git rev-parse --show-toplevel [1ms]
2024-12-18 12:32:52.542 [info] fatal: not a git repository (or any of the parent directories): .git
2024-12-18 12:32:53.476 [info] > git rev-parse --show-toplevel [1ms]
2024-12-18 12:32:53.476 [info] fatal: not a git repository (or any of the parent directories): .git
2024-12-18 12:35:56.767 [info] > git rev-parse --show-toplevel [1ms]
2024-12-18 12:35:56.767 [info] fatal: not a git repository (or any of the parent directories): .git
2024-12-18 12:36:57.174 [info] > git rev-parse --show-toplevel [1ms]
2024-12-18 12:36:57.174 [info] fatal: not a git repository (or any of the parent directories): .git
2024-12-18 12:37:15.912 [info] > git rev-parse --show-toplevel [2ms]
2024-12-18 12:37:15.912 [info] fatal: not a git repository (or any of the parent directories): .git
2024-12-18 12:37:17.136 [info] > git rev-parse --show-toplevel [2ms]
2024-12-18 12:37:17.136 [info] fatal: not a git repository (or any of the parent directories): .git
2024-12-18 12:37:19.123 [info] > git rev-parse --show-toplevel [1ms]
2024-12-18 12:37:19.123 [info] fatal: not a git repository (or any of the parent directories): .git
2024-12-18 12:38:23.826 [info] > git rev-parse --show-toplevel [1ms]
2024-12-18 12:38:23.826 [info] fatal: not a git repository (or any of the parent directories): .git
2024-12-18 12:39:27.966 [info] > git rev-parse --show-toplevel [1ms]
2024-12-18 12:39:27.966 [info] fatal: not a git repository (or any of the parent directories): .git
2024-12-18 12:40:01.461 [info] > git rev-parse --show-toplevel [1ms]
2024-12-18 12:40:01.461 [info] fatal: not a git repository (or any of the parent directories): .git
2024-12-18 12:44:39.768 [info] > git rev-parse --show-toplevel [1ms]
2024-12-18 12:44:39.768 [info] fatal: not a git repository (or any of the parent directories): .git
2024-12-18 12:45:07.089 [info] > git rev-parse --show-toplevel [1ms]
2024-12-18 12:45:07.089 [info] fatal: not a git repository (or any of the parent directories): .git
2024-12-18 12:45:44.806 [info] > git rev-parse --show-toplevel [1ms]
2024-12-18 12:45:44.806 [info] fatal: not a git repository (or any of the parent directories): .git
2024-12-18 12:51:23.466 [info] > git rev-parse --show-toplevel [1ms]
2024-12-18 12:51:23.467 [info] fatal: not a git repository (or any of the parent directories): .git
2024-12-18 12:51:24.617 [info] > git rev-parse --show-toplevel [1ms]
2024-12-18 12:51:24.617 [info] fatal: not a git repository (or any of the parent directories): .git
2024-12-18 12:51:36.505 [info] > git rev-parse --show-toplevel [6ms]
2024-12-18 12:51:36.505 [info] fatal: not a git repository (or any of the parent directories): .git
2024-12-18 12:51:40.802 [info] > git rev-parse --show-toplevel [1ms]
2024-12-18 12:51:40.802 [info] fatal: not a git repository (or any of the parent directories): .git
2024-12-18 12:51:45.708 [info] > git rev-parse --show-toplevel [2ms]
2024-12-18 12:51:45.708 [info] fatal: not a git repository (or any of the parent directories): .git
2024-12-18 12:52:01.582 [info] > git rev-parse --show-toplevel [6ms]
2024-12-18 12:52:01.582 [info] fatal: not a git repository (or any of the parent directories): .git
2024-12-18 12:52:10.701 [info] > git rev-parse --show-toplevel [3ms]
2024-12-18 12:52:10.701 [info] fatal: not a git repository (or any of the parent directories): .git
2024-12-18 12:52:11.637 [info] > git rev-parse --show-toplevel [1ms]
2024-12-18 12:52:11.637 [info] fatal: not a git repository (or any of the parent directories): .git
2024-12-18 12:52:30.795 [info] > git rev-parse --show-toplevel [1ms]
2024-12-18 12:52:30.795 [info] fatal: not a git repository (or any of the parent directories): .git
2024-12-18 12:52:41.666 [info] > git rev-parse --show-toplevel [3ms]
2024-12-18 12:52:41.666 [info] fatal: not a git repository (or any of the parent directories): .git
2024-12-18 12:59:31.818 [info] > git rev-parse --show-toplevel [6ms]
2024-12-18 12:59:31.818 [info] fatal: not a git repository (or any of the parent directories): .git
2024-12-18 12:59:51.740 [info] > git rev-parse --show-toplevel [2ms]
2024-12-18 12:59:51.740 [info] fatal: not a git repository (or any of the parent directories): .git
2024-12-18 12:59:58.119 [info] > git rev-parse --show-toplevel [1ms]
2024-12-18 12:59:58.119 [info] fatal: not a git repository (or any of the parent directories): .git
2024-12-18 13:01:28.846 [info] > git rev-parse --show-toplevel [1ms]
2024-12-18 13:01:28.846 [info] fatal: not a git repository (or any of the parent directories): .git
2024-12-18 13:01:33.602 [info] > git rev-parse --show-toplevel [1ms]
2024-12-18 13:01:33.602 [info] fatal: not a git repository (or any of the parent directories): .git
2024-12-18 13:01:43.101 [info] > git rev-parse --show-toplevel [1ms]
2024-12-18 13:01:43.101 [info] fatal: not a git repository (or any of the parent directories): .git
2024-12-18 13:01:58.798 [info] > git rev-parse --show-toplevel [1ms]
2024-12-18 13:01:58.798 [info] fatal: not a git repository (or any of the parent directories): .git
2024-12-18 13:02:04.174 [info] > git rev-parse --show-toplevel [5ms]
2024-12-18 13:02:04.174 [info] fatal: not a git repository (or any of the parent directories): .git
2024-12-18 13:03:04.595 [info] > git rev-parse --show-toplevel [1ms]
2024-12-18 13:03:04.595 [info] fatal: not a git repository (or any of the parent directories): .git
2024-12-18 13:03:06.854 [info] > git rev-parse --show-toplevel [7ms]
2024-12-18 13:03:06.854 [info] fatal: not a git repository (or any of the parent directories): .git
2024-12-18 13:05:59.387 [info] > git rev-parse --show-toplevel [6ms]
2024-12-18 13:05:59.387 [info] fatal: not a git repository (or any of the parent directories): .git
2024-12-18 13:06:33.988 [info] > git rev-parse --show-toplevel [4ms]
2024-12-18 13:06:33.988 [info] fatal: not a git repository (or any of the parent directories): .git
2024-12-18 13:06:42.487 [info] > git rev-parse --show-toplevel [4ms]
2024-12-18 13:06:42.487 [info] fatal: not a git repository (or any of the parent directories): .git
