2024-12-18 18:05:12.006 [info] [main] Log level: Info
2024-12-18 18:05:12.007 [info] [main] Validating found git in: "git"
2024-12-18 18:05:12.007 [info] [main] Using git "2.34.1" from "git"
2024-12-18 18:05:12.007 [info] [Model][doInitialScan] Initial repository scan started
2024-12-18 18:05:12.007 [info] > git rev-parse --show-toplevel [12ms]
2024-12-18 18:05:12.007 [info] fatal: not a git repository (or any of the parent directories): .git
2024-12-18 18:05:12.007 [info] > git rev-parse --show-toplevel [22ms]
2024-12-18 18:05:12.011 [info] > git rev-parse --git-dir --git-common-dir [1ms]
2024-12-18 18:05:12.020 [info] [Model][openRepository] Opened repository: /root/ros2_ws/src/sjtu_drone
2024-12-18 18:05:12.031 [info] > git rev-parse --show-toplevel [3ms]
2024-12-18 18:05:12.031 [info] fatal: not a git repository (or any of the parent directories): .git
2024-12-18 18:05:12.032 [info] > git config --get commit.template [7ms]
2024-12-18 18:05:12.050 [info] > git for-each-ref --format=%(refname)%00%(upstream:short)%00%(objectname)%00%(upstream:track)%00%(upstream:remotename)%00%(upstream:remoteref) refs/heads/ros2 refs/remotes/ros2 [8ms]
2024-12-18 18:05:12.050 [info] > git rev-parse --show-toplevel [12ms]
2024-12-18 18:05:12.051 [info] fatal: not a git repository (or any of the parent directories): .git
2024-12-18 18:05:12.054 [warning] [Git][revParse] Unable to read file: ENOENT: no such file or directory, open '/root/ros2_ws/src/sjtu_drone/.git/refs/remotes/origin/ros2'
2024-12-18 18:05:12.061 [info] > git rev-parse refs/remotes/origin/ros2 [7ms]
2024-12-18 18:05:12.082 [info] > git rev-parse --show-toplevel [22ms]
2024-12-18 18:05:12.082 [info] fatal: not a git repository (or any of the parent directories): .git
2024-12-18 18:05:12.091 [info] > git for-each-ref --sort -committerdate --format %(refname) %(objectname) %(*objectname) [9ms]
2024-12-18 18:05:12.093 [info] > git rev-parse --show-toplevel [6ms]
2024-12-18 18:05:12.093 [info] fatal: not a git repository (or any of the parent directories): .git
2024-12-18 18:05:12.106 [info] > git status -z -uall [34ms]
2024-12-18 18:05:12.162 [info] > git for-each-ref --format=%(refname)%00%(upstream:short)%00%(objectname)%00%(upstream:track)%00%(upstream:remotename)%00%(upstream:remoteref) refs/heads/ros2 refs/remotes/ros2 [43ms]
2024-12-18 18:05:12.169 [info] > git rev-parse --show-toplevel [64ms]
2024-12-18 18:05:12.169 [info] fatal: not a git repository (or any of the parent directories): .git
2024-12-18 18:05:12.192 [info] > git config --local branch.ros2.vscode-merge-base [24ms]
2024-12-18 18:05:12.204 [info] > git config --get commit.template [39ms]
2024-12-18 18:05:12.206 [info] > git for-each-ref --format=%(refname)%00%(upstream:short)%00%(objectname)%00%(upstream:track)%00%(upstream:remotename)%00%(upstream:remoteref) refs/heads/origin/ros2 refs/remotes/origin/ros2 [6ms]
2024-12-18 18:05:12.214 [info] > git rev-parse --show-toplevel [22ms]
2024-12-18 18:05:12.214 [info] fatal: not a git repository (or any of the parent directories): .git
2024-12-18 18:05:12.218 [info] [Model][doInitialScan] Initial repository scan completed - repositories (1), closed repositories (0), parent repositories (0), unsafe repositories (0)
2024-12-18 18:05:12.296 [info] > git merge-base refs/heads/ros2 refs/remotes/origin/ros2 [83ms]
2024-12-18 18:05:12.352 [info] > git diff --name-status -z --diff-filter=ADMR 4a643e22d7cb0400c69eb0a62c689655d481b4db...refs/remotes/origin/ros2 [46ms]
2024-12-18 18:05:12.361 [info] > git for-each-ref --format=%(refname)%00%(upstream:short)%00%(objectname)%00%(upstream:track)%00%(upstream:remotename)%00%(upstream:remoteref) refs/heads/ros2 refs/remotes/ros2 [67ms]
2024-12-18 18:05:12.368 [warning] [Git][revParse] Unable to read file: ENOENT: no such file or directory, open '/root/ros2_ws/src/sjtu_drone/.git/refs/remotes/origin/ros2'
2024-12-18 18:05:12.369 [info] > git rev-parse refs/remotes/origin/ros2 [1ms]
2024-12-18 18:05:12.388 [info] > git for-each-ref --sort -committerdate --format %(refname) %(objectname) %(*objectname) [5ms]
2024-12-18 18:05:12.402 [info] > git status -z -uall [26ms]
2024-12-18 18:05:12.402 [info] > git show --textconv :ai_model_node/ai_model_node/classify_image.py [2ms]
2024-12-18 18:05:12.431 [info] > git ls-files --stage -- /root/ros2_ws/src/sjtu_drone/ai_model_node/ai_model_node/classify_image.py [10ms]
2024-12-18 18:05:12.577 [info] > git check-ignore -v -z --stdin [3ms]
2024-12-18 18:05:12.897 [info] > git rev-parse --show-toplevel [6ms]
2024-12-18 18:05:12.897 [info] fatal: not a git repository (or any of the parent directories): .git
2024-12-18 18:05:14.924 [info] > git check-ignore -v -z --stdin [4ms]
2024-12-18 18:05:17.309 [info] > git show --textconv :sjtu_drone_description/worlds/wheat_field.world [3ms]
2024-12-18 18:05:17.310 [info] > git ls-files --stage -- /root/ros2_ws/src/sjtu_drone/sjtu_drone_description/worlds/wheat_field.world [1ms]
2024-12-18 18:06:38.336 [info] > git show --textconv :sjtu_drone_description/worlds/playground.world [5ms]
2024-12-18 18:06:38.337 [info] > git ls-files --stage -- /root/ros2_ws/src/sjtu_drone/sjtu_drone_description/worlds/playground.world [2ms]
2024-12-18 18:06:38.340 [info] > git cat-file -s 5ff963b165ec96b91db3e9acfcc610661044843e [1ms]
2024-12-18 18:06:39.574 [info] > git check-ignore -v -z --stdin [1ms]
2024-12-18 18:06:48.224 [info] > git show --textconv :playground.world [4ms]
2024-12-18 18:06:48.225 [info] > git ls-files --stage -- /root/ros2_ws/src/sjtu_drone/playground.world [2ms]
2024-12-18 18:06:48.520 [info] > git check-ignore -v -z --stdin [1ms]
2024-12-18 18:06:49.057 [info] > git config --get commit.template [4ms]
2024-12-18 18:06:49.057 [info] > git for-each-ref --format=%(refname)%00%(upstream:short)%00%(objectname)%00%(upstream:track)%00%(upstream:remotename)%00%(upstream:remoteref) refs/heads/ros2 refs/remotes/ros2 [1ms]
2024-12-18 18:06:49.061 [warning] [Git][revParse] Unable to read file: ENOENT: no such file or directory, open '/root/ros2_ws/src/sjtu_drone/.git/refs/remotes/origin/ros2'
2024-12-18 18:06:49.062 [info] > git rev-parse refs/remotes/origin/ros2 [1ms]
2024-12-18 18:06:49.070 [info] > git for-each-ref --sort -committerdate --format %(refname) %(objectname) %(*objectname) [2ms]
2024-12-18 18:06:49.076 [info] > git status -z -uall [11ms]
2024-12-18 18:07:02.979 [info] > git show --textconv :sjtu_drone_description/worlds/wheat_field.world [6ms]
2024-12-18 18:07:02.980 [info] > git ls-files --stage -- /root/ros2_ws/src/sjtu_drone/sjtu_drone_description/worlds/wheat_field.world [4ms]
2024-12-18 18:07:05.960 [info] > git show --textconv :playground.world [7ms]
2024-12-18 18:07:05.962 [info] > git ls-files --stage -- /root/ros2_ws/src/sjtu_drone/playground.world [3ms]
2024-12-18 18:07:06.472 [info] > git show --textconv :sjtu_drone_description/worlds/wheat_field.world [7ms]
2024-12-18 18:07:06.474 [info] > git ls-files --stage -- /root/ros2_ws/src/sjtu_drone/sjtu_drone_description/worlds/wheat_field.world [3ms]
2024-12-18 18:07:08.678 [info] > git show --textconv :playground.world [9ms]
2024-12-18 18:07:08.679 [info] > git ls-files --stage -- /root/ros2_ws/src/sjtu_drone/playground.world [2ms]
2024-12-18 18:07:11.967 [info] > git show --textconv :sjtu_drone_description/worlds/playground.world [4ms]
2024-12-18 18:07:11.968 [info] > git ls-files --stage -- /root/ros2_ws/src/sjtu_drone/sjtu_drone_description/worlds/playground.world [2ms]
2024-12-18 18:07:11.972 [info] > git cat-file -s 5ff963b165ec96b91db3e9acfcc610661044843e [1ms]
2024-12-18 18:08:40.133 [info] > git config --get commit.template [6ms]
2024-12-18 18:08:40.133 [info] > git for-each-ref --format=%(refname)%00%(upstream:short)%00%(objectname)%00%(upstream:track)%00%(upstream:remotename)%00%(upstream:remoteref) refs/heads/ros2 refs/remotes/ros2 [2ms]
2024-12-18 18:08:40.138 [warning] [Git][revParse] Unable to read file: ENOENT: no such file or directory, open '/root/ros2_ws/src/sjtu_drone/.git/refs/remotes/origin/ros2'
2024-12-18 18:08:40.140 [info] > git rev-parse refs/remotes/origin/ros2 [1ms]
2024-12-18 18:08:40.148 [info] > git for-each-ref --sort -committerdate --format %(refname) %(objectname) %(*objectname) [1ms]
2024-12-18 18:08:40.156 [info] > git status -z -uall [13ms]
2024-12-18 18:11:41.347 [info] > git show --textconv :ai_model_node/ai_model_node/classify_image.py [6ms]
2024-12-18 18:11:41.348 [info] > git ls-files --stage -- /root/ros2_ws/src/sjtu_drone/ai_model_node/ai_model_node/classify_image.py [2ms]
2024-12-18 18:11:42.895 [info] > git show --textconv :sjtu_drone_description/worlds/playground.world [10ms]
2024-12-18 18:11:42.896 [info] > git ls-files --stage -- /root/ros2_ws/src/sjtu_drone/sjtu_drone_description/worlds/playground.world [2ms]
2024-12-18 18:11:42.905 [info] > git cat-file -s 5ff963b165ec96b91db3e9acfcc610661044843e [3ms]
2024-12-18 18:11:46.826 [info] > git show --textconv :sjtu_drone_description/worlds/wheat_field.world [5ms]
2024-12-18 18:11:46.827 [info] > git ls-files --stage -- /root/ros2_ws/src/sjtu_drone/sjtu_drone_description/worlds/wheat_field.world [2ms]
2024-12-18 18:12:01.965 [info] > git show --textconv :sjtu_drone_description/worlds/playground.world [4ms]
2024-12-18 18:12:01.966 [info] > git ls-files --stage -- /root/ros2_ws/src/sjtu_drone/sjtu_drone_description/worlds/playground.world [2ms]
2024-12-18 18:12:01.975 [info] > git cat-file -s 5ff963b165ec96b91db3e9acfcc610661044843e [3ms]
2024-12-18 18:12:02.973 [info] > git show --textconv :sjtu_drone_description/worlds/wheat_field.world [5ms]
2024-12-18 18:12:02.974 [info] > git ls-files --stage -- /root/ros2_ws/src/sjtu_drone/sjtu_drone_description/worlds/wheat_field.world [3ms]
2024-12-18 18:12:06.997 [info] > git show --textconv :sjtu_drone_description/worlds/playground.world [3ms]
2024-12-18 18:12:06.998 [info] > git ls-files --stage -- /root/ros2_ws/src/sjtu_drone/sjtu_drone_description/worlds/playground.world [2ms]
2024-12-18 18:12:07.006 [info] > git cat-file -s 5ff963b165ec96b91db3e9acfcc610661044843e [2ms]
2024-12-18 18:12:07.973 [info] > git show --textconv :sjtu_drone_description/worlds/wheat_field.world [4ms]
2024-12-18 18:12:07.974 [info] > git ls-files --stage -- /root/ros2_ws/src/sjtu_drone/sjtu_drone_description/worlds/wheat_field.world [2ms]
2024-12-18 18:13:42.975 [info] > git show --textconv :sjtu_drone_description/worlds/playground.world [4ms]
2024-12-18 18:13:42.977 [info] > git ls-files --stage -- /root/ros2_ws/src/sjtu_drone/sjtu_drone_description/worlds/playground.world [1ms]
2024-12-18 18:13:42.984 [info] > git cat-file -s 5ff963b165ec96b91db3e9acfcc610661044843e [2ms]
2024-12-18 18:14:29.439 [info] > git config --get commit.template [1ms]
2024-12-18 18:14:29.444 [info] > git for-each-ref --format=%(refname)%00%(upstream:short)%00%(objectname)%00%(upstream:track)%00%(upstream:remotename)%00%(upstream:remoteref) refs/heads/ros2 refs/remotes/ros2 [2ms]
2024-12-18 18:14:29.447 [warning] [Git][revParse] Unable to read file: ENOENT: no such file or directory, open '/root/ros2_ws/src/sjtu_drone/.git/refs/remotes/origin/ros2'
2024-12-18 18:14:29.448 [info] > git rev-parse refs/remotes/origin/ros2 [1ms]
2024-12-18 18:14:29.456 [info] > git for-each-ref --sort -committerdate --format %(refname) %(objectname) %(*objectname) [1ms]
2024-12-18 18:14:29.462 [info] > git status -z -uall [11ms]
2024-12-18 18:14:45.401 [info] > git show --textconv :drone_area_scanner/drone_area_scanner/drone_area_scanner_node.py [1ms]
2024-12-18 18:14:45.409 [info] > git ls-files --stage -- /root/ros2_ws/src/sjtu_drone/drone_area_scanner/drone_area_scanner/drone_area_scanner_node.py [2ms]
2024-12-18 18:14:45.888 [info] > git check-ignore -v -z --stdin [1ms]
2024-12-18 18:14:50.546 [info] > git show --textconv :sjtu_drone_description/worlds/playground.world [6ms]
2024-12-18 18:14:50.548 [info] > git ls-files --stage -- /root/ros2_ws/src/sjtu_drone/sjtu_drone_description/worlds/playground.world [4ms]
2024-12-18 18:14:50.557 [info] > git cat-file -s 5ff963b165ec96b91db3e9acfcc610661044843e [3ms]
2024-12-18 18:15:05.233 [info] > git check-ignore -v -z --stdin [1ms]
2024-12-18 18:15:15.853 [info] > git check-ignore -v -z --stdin [1ms]
2024-12-18 18:15:16.540 [info] > git show --textconv :sjtu_drone_bringup/launch/sjtu_drone_gazebo.launch.py [9ms]
2024-12-18 18:15:16.542 [info] > git ls-files --stage -- /root/ros2_ws/src/sjtu_drone/sjtu_drone_bringup/launch/sjtu_drone_gazebo.launch.py [3ms]
2024-12-18 18:15:16.549 [info] > git cat-file -s 3934ae592d7f7afccc4f3985a47d0feb8f391058 [3ms]
2024-12-18 18:15:34.487 [info] > git config --get commit.template [4ms]
2024-12-18 18:15:34.488 [info] > git for-each-ref --format=%(refname)%00%(upstream:short)%00%(objectname)%00%(upstream:track)%00%(upstream:remotename)%00%(upstream:remoteref) refs/heads/ros2 refs/remotes/ros2 [1ms]
2024-12-18 18:15:34.491 [warning] [Git][revParse] Unable to read file: ENOENT: no such file or directory, open '/root/ros2_ws/src/sjtu_drone/.git/refs/remotes/origin/ros2'
2024-12-18 18:15:34.492 [info] > git rev-parse refs/remotes/origin/ros2 [1ms]
2024-12-18 18:15:34.500 [info] > git for-each-ref --sort -committerdate --format %(refname) %(objectname) %(*objectname) [2ms]
2024-12-18 18:15:34.506 [info] > git status -z -uall [11ms]
2024-12-18 18:33:54.354 [info] > git config --get commit.template [7ms]
2024-12-18 18:33:54.359 [info] > git for-each-ref --format=%(refname)%00%(upstream:short)%00%(objectname)%00%(upstream:track)%00%(upstream:remotename)%00%(upstream:remoteref) refs/heads/ros2 refs/remotes/ros2 [6ms]
2024-12-18 18:33:54.368 [warning] [Git][revParse] Unable to read file: ENOENT: no such file or directory, open '/root/ros2_ws/src/sjtu_drone/.git/refs/remotes/origin/ros2'
2024-12-18 18:33:54.369 [info] > git rev-parse refs/remotes/origin/ros2 [2ms]
2024-12-18 18:33:54.393 [info] > git for-each-ref --sort -committerdate --format %(refname) %(objectname) %(*objectname) [3ms]
2024-12-18 18:33:54.400 [info] > git status -z -uall [22ms]
2024-12-18 18:53:17.630 [info] > git show --textconv :drone_area_scanner/drone_area_scanner/drone_area_scanner_node.py [12ms]
2024-12-18 18:53:17.630 [info] > git ls-files --stage -- /root/ros2_ws/src/sjtu_drone/drone_area_scanner/drone_area_scanner/drone_area_scanner_node.py [1ms]
2024-12-18 18:53:40.547 [info] > git show --textconv :sjtu_drone_description/worlds/wheat_field.world [13ms]
2024-12-18 18:53:40.550 [info] > git ls-files --stage -- /root/ros2_ws/src/sjtu_drone/sjtu_drone_description/worlds/wheat_field.world [4ms]
2024-12-18 18:57:21.842 [info] > git show --textconv :drone_area_scanner/drone_area_scanner/drone_area_scanner_node.py [10ms]
2024-12-18 18:57:21.846 [info] > git ls-files --stage -- /root/ros2_ws/src/sjtu_drone/drone_area_scanner/drone_area_scanner/drone_area_scanner_node.py [5ms]
2024-12-18 18:57:29.710 [info] > git show --textconv :sjtu_drone_description/worlds/wheat_field.world [8ms]
2024-12-18 18:57:29.712 [info] > git ls-files --stage -- /root/ros2_ws/src/sjtu_drone/sjtu_drone_description/worlds/wheat_field.world [3ms]
2024-12-18 18:57:31.648 [info] > git ls-files --stage -- /root/ros2_ws/src/sjtu_drone/drone_area_scanner/drone_area_scanner/drone_area_scanner_node.py [1ms]
2024-12-18 18:57:31.650 [info] > git show --textconv :drone_area_scanner/drone_area_scanner/drone_area_scanner_node.py [20ms]
2024-12-18 19:00:18.056 [info] > git config --get commit.template [6ms]
2024-12-18 19:00:18.057 [info] > git for-each-ref --format=%(refname)%00%(upstream:short)%00%(objectname)%00%(upstream:track)%00%(upstream:remotename)%00%(upstream:remoteref) refs/heads/ros2 refs/remotes/ros2 [2ms]
2024-12-18 19:00:18.062 [warning] [Git][revParse] Unable to read file: ENOENT: no such file or directory, open '/root/ros2_ws/src/sjtu_drone/.git/refs/remotes/origin/ros2'
2024-12-18 19:00:18.063 [info] > git rev-parse refs/remotes/origin/ros2 [1ms]
2024-12-18 19:00:18.074 [info] > git for-each-ref --sort -committerdate --format %(refname) %(objectname) %(*objectname) [1ms]
2024-12-18 19:00:18.089 [info] > git status -z -uall [21ms]
2024-12-18 19:05:01.369 [info] > git config --get commit.template [4ms]
2024-12-18 19:05:01.378 [info] > git for-each-ref --format=%(refname)%00%(upstream:short)%00%(objectname)%00%(upstream:track)%00%(upstream:remotename)%00%(upstream:remoteref) refs/heads/ros2 refs/remotes/ros2 [2ms]
2024-12-18 19:05:01.391 [warning] [Git][revParse] Unable to read file: ENOENT: no such file or directory, open '/root/ros2_ws/src/sjtu_drone/.git/refs/remotes/origin/ros2'
2024-12-18 19:05:01.394 [info] > git rev-parse refs/remotes/origin/ros2 [3ms]
2024-12-18 19:05:01.424 [info] > git for-each-ref --sort -committerdate --format %(refname) %(objectname) %(*objectname) [4ms]
2024-12-18 19:05:01.426 [info] > git status -z -uall [23ms]
2024-12-18 19:06:11.678 [info] > git show --textconv :ai_model_node/ai_model_node/classify_image.py [12ms]
2024-12-18 19:06:11.679 [info] > git ls-files --stage -- /root/ros2_ws/src/sjtu_drone/ai_model_node/ai_model_node/classify_image.py [3ms]
2024-12-18 19:07:49.266 [info] > git for-each-ref --format=%(refname)%00%(upstream:short)%00%(objectname)%00%(upstream:track)%00%(upstream:remotename)%00%(upstream:remoteref) refs/heads/ros2 refs/remotes/ros2 [3ms]
2024-12-18 19:07:49.267 [info] > git config --get commit.template [20ms]
2024-12-18 19:07:49.276 [warning] [Git][revParse] Unable to read file: ENOENT: no such file or directory, open '/root/ros2_ws/src/sjtu_drone/.git/refs/remotes/origin/ros2'
2024-12-18 19:07:49.277 [info] > git rev-parse refs/remotes/origin/ros2 [1ms]
2024-12-18 19:07:49.313 [info] > git for-each-ref --sort -committerdate --format %(refname) %(objectname) %(*objectname) [3ms]
2024-12-18 19:07:49.342 [info] > git status -z -uall [52ms]
2024-12-18 19:12:39.503 [info] > git for-each-ref --format=%(refname)%00%(upstream:short)%00%(objectname)%00%(upstream:track)%00%(upstream:remotename)%00%(upstream:remoteref) refs/heads/ros2 refs/remotes/ros2 [5ms]
2024-12-18 19:12:39.504 [info] > git config --get commit.template [13ms]
2024-12-18 19:12:39.511 [warning] [Git][revParse] Unable to read file: ENOENT: no such file or directory, open '/root/ros2_ws/src/sjtu_drone/.git/refs/remotes/origin/ros2'
2024-12-18 19:12:39.513 [info] > git rev-parse refs/remotes/origin/ros2 [2ms]
2024-12-18 19:12:39.543 [info] > git status -z -uall [23ms]
2024-12-18 19:12:39.546 [info] > git for-each-ref --sort -committerdate --format %(refname) %(objectname) %(*objectname) [6ms]
