[0.655s] Invoking command in '/root/ros2_ws/src/sjtu_drone/sjtu_drone_bringup': PYTHONPATH=/root/ros2_ws/build/sjtu_drone_bringup/prefix_override:/usr/lib/python3/dist-packages/colcon_core/task/python/colcon_distutils_commands:/root/ros2_ws/install/sjtu_drone_bringup/lib/python3.10/site-packages:${PYTHONPATH} /usr/bin/python3 -W ignore:setup.py install is deprecated setup.py egg_info --egg-base ../../../build/sjtu_drone_bringup build --build-base /root/ros2_ws/build/sjtu_drone_bringup/build install --record /root/ros2_ws/build/sjtu_drone_bringup/install.log --single-version-externally-managed install_data
[0.824s] running egg_info
[0.825s] writing ../../../build/sjtu_drone_bringup/sjtu_drone_bringup.egg-info/PKG-INFO
[0.826s] writing dependency_links to ../../../build/sjtu_drone_bringup/sjtu_drone_bringup.egg-info/dependency_links.txt
[0.826s] writing entry points to ../../../build/sjtu_drone_bringup/sjtu_drone_bringup.egg-info/entry_points.txt
[0.826s] writing requirements to ../../../build/sjtu_drone_bringup/sjtu_drone_bringup.egg-info/requires.txt
[0.826s] writing top-level names to ../../../build/sjtu_drone_bringup/sjtu_drone_bringup.egg-info/top_level.txt
[0.827s] reading manifest file '../../../build/sjtu_drone_bringup/sjtu_drone_bringup.egg-info/SOURCES.txt'
[0.829s] writing manifest file '../../../build/sjtu_drone_bringup/sjtu_drone_bringup.egg-info/SOURCES.txt'
[0.829s] running build
[0.830s] running build_py
[0.830s] running install
[0.830s] running install_lib
[0.831s] running install_data
[0.831s] running install_egg_info
[0.833s] removing '/root/ros2_ws/install/sjtu_drone_bringup/lib/python3.10/site-packages/sjtu_drone_bringup-0.0.0-py3.10.egg-info' (and everything under it)
[0.833s] Copying ../../../build/sjtu_drone_bringup/sjtu_drone_bringup.egg-info to /root/ros2_ws/install/sjtu_drone_bringup/lib/python3.10/site-packages/sjtu_drone_bringup-0.0.0-py3.10.egg-info
[0.834s] running install_scripts
[0.850s] Installing spawn_drone script to /root/ros2_ws/install/sjtu_drone_bringup/lib/sjtu_drone_bringup
[0.851s] writing list of installed files to '/root/ros2_ws/build/sjtu_drone_bringup/install.log'
[0.877s] Invoked command in '/root/ros2_ws/src/sjtu_drone/sjtu_drone_bringup' returned '0': PYTHONPATH=/root/ros2_ws/build/sjtu_drone_bringup/prefix_override:/usr/lib/python3/dist-packages/colcon_core/task/python/colcon_distutils_commands:/root/ros2_ws/install/sjtu_drone_bringup/lib/python3.10/site-packages:${PYTHONPATH} /usr/bin/python3 -W ignore:setup.py install is deprecated setup.py egg_info --egg-base ../../../build/sjtu_drone_bringup build --build-base /root/ros2_ws/build/sjtu_drone_bringup/build install --record /root/ros2_ws/build/sjtu_drone_bringup/install.log --single-version-externally-managed install_data
