running egg_info
writing ../../../build/ai_model_node/ai_model_node.egg-info/PKG-INFO
writing dependency_links to ../../../build/ai_model_node/ai_model_node.egg-info/dependency_links.txt
writing entry points to ../../../build/ai_model_node/ai_model_node.egg-info/entry_points.txt
writing requirements to ../../../build/ai_model_node/ai_model_node.egg-info/requires.txt
writing top-level names to ../../../build/ai_model_node/ai_model_node.egg-info/top_level.txt
reading manifest file '../../../build/ai_model_node/ai_model_node.egg-info/SOURCES.txt'
writing manifest file '../../../build/ai_model_node/ai_model_node.egg-info/SOURCES.txt'
running build
running build_py
copying ai_model_node/classify_image.py -> /root/ros2_ws/build/ai_model_node/build/lib/ai_model_node
running install
running install_lib
copying /root/ros2_ws/build/ai_model_node/build/lib/ai_model_node/classify_image.py -> /root/ros2_ws/install/ai_model_node/lib/python3.10/site-packages/ai_model_node
byte-compiling /root/ros2_ws/install/ai_model_node/lib/python3.10/site-packages/ai_model_node/classify_image.py to classify_image.cpython-310.pyc
running install_data
running install_egg_info
removing '/root/ros2_ws/install/ai_model_node/lib/python3.10/site-packages/ai_model_node-0.0.1-py3.10.egg-info' (and everything under it)
Copying ../../../build/ai_model_node/ai_model_node.egg-info to /root/ros2_ws/install/ai_model_node/lib/python3.10/site-packages/ai_model_node-0.0.1-py3.10.egg-info
running install_scripts
Installing classify_image script to /root/ros2_ws/install/ai_model_node/lib/ai_model_node
writing list of installed files to '/root/ros2_ws/build/ai_model_node/install.log'
