[1.137s] Invoking command in '/root/ros2_ws/build/sjtu_drone_control': PS1=(my_env) \[\e]0;\u@\h: \w\a\]${debian_chroot:+($debian_chroot)}\u@\h:\w\$ PYTHONPATH=/root/ros2_ws/build/sjtu_drone_control/prefix_override:/usr/lib/python3/dist-packages/colcon_core/task/python/colcon_distutils_commands:/root/ros2_ws/install/sjtu_drone_control/lib/python3.10/site-packages:${PYTHONPATH} VIRTUAL_ENV_PROMPT=(my_env) /usr/bin/python3 -W ignore:setup.py install is deprecated setup.py develop --editable --build-directory /root/ros2_ws/build/sjtu_drone_control/build --no-deps symlink_data
[1.385s] running develop
[1.386s] /usr/lib/python3/dist-packages/setuptools/command/easy_install.py:158: EasyInstallDeprecationWarning: easy_install command is deprecated. Use build and pip and other standards-based tools.
[1.386s]   warnings.warn(
[1.502s] running egg_info
[1.502s] writing sjtu_drone_control.egg-info/PKG-INFO
[1.502s] writing dependency_links to sjtu_drone_control.egg-info/dependency_links.txt
[1.502s] writing entry points to sjtu_drone_control.egg-info/entry_points.txt
[1.502s] writing requirements to sjtu_drone_control.egg-info/requires.txt
[1.502s] writing top-level names to sjtu_drone_control.egg-info/top_level.txt
[1.504s] reading manifest file 'sjtu_drone_control.egg-info/SOURCES.txt'
[1.505s] writing manifest file 'sjtu_drone_control.egg-info/SOURCES.txt'
[1.506s] running build_ext
[1.506s] Creating /root/ros2_ws/install/sjtu_drone_control/lib/python3.10/site-packages/sjtu-drone-control.egg-link (link to .)
[1.507s] Installing drone_position_control script to /root/ros2_ws/install/sjtu_drone_control/lib/sjtu_drone_control
[1.508s] Installing open_loop_control script to /root/ros2_ws/install/sjtu_drone_control/lib/sjtu_drone_control
[1.508s] Installing teleop script to /root/ros2_ws/install/sjtu_drone_control/lib/sjtu_drone_control
[1.509s] Installing teleop_joystick script to /root/ros2_ws/install/sjtu_drone_control/lib/sjtu_drone_control
[1.510s] 
[1.510s] Installed /root/ros2_ws/build/sjtu_drone_control
[1.510s] running symlink_data
[1.538s] Invoked command in '/root/ros2_ws/build/sjtu_drone_control' returned '0': PS1=(my_env) \[\e]0;\u@\h: \w\a\]${debian_chroot:+($debian_chroot)}\u@\h:\w\$ PYTHONPATH=/root/ros2_ws/build/sjtu_drone_control/prefix_override:/usr/lib/python3/dist-packages/colcon_core/task/python/colcon_distutils_commands:/root/ros2_ws/install/sjtu_drone_control/lib/python3.10/site-packages:${PYTHONPATH} VIRTUAL_ENV_PROMPT=(my_env) /usr/bin/python3 -W ignore:setup.py install is deprecated setup.py develop --editable --build-directory /root/ros2_ws/build/sjtu_drone_control/build --no-deps symlink_data
