[0.658s] Invoking command in '/root/ros2_ws/src/sjtu_drone/sjtu_drone_bringup': PYTHONPATH=/root/ros2_ws/build/sjtu_drone_bringup/prefix_override:/usr/lib/python3/dist-packages/colcon_core/task/python/colcon_distutils_commands:/root/ros2_ws/install/sjtu_drone_bringup/lib/python3.10/site-packages:${PYTHONPATH} /usr/bin/python3 -W ignore:setup.py install is deprecated setup.py egg_info --egg-base ../../../build/sjtu_drone_bringup build --build-base /root/ros2_ws/build/sjtu_drone_bringup/build install --record /root/ros2_ws/build/sjtu_drone_bringup/install.log --single-version-externally-managed install_data
[0.832s] running egg_info
[0.832s] creating ../../../build/sjtu_drone_bringup/sjtu_drone_bringup.egg-info
[0.833s] writing ../../../build/sjtu_drone_bringup/sjtu_drone_bringup.egg-info/PKG-INFO
[0.833s] writing dependency_links to ../../../build/sjtu_drone_bringup/sjtu_drone_bringup.egg-info/dependency_links.txt
[0.833s] writing entry points to ../../../build/sjtu_drone_bringup/sjtu_drone_bringup.egg-info/entry_points.txt
[0.833s] writing requirements to ../../../build/sjtu_drone_bringup/sjtu_drone_bringup.egg-info/requires.txt
[0.834s] writing top-level names to ../../../build/sjtu_drone_bringup/sjtu_drone_bringup.egg-info/top_level.txt
[0.834s] writing manifest file '../../../build/sjtu_drone_bringup/sjtu_drone_bringup.egg-info/SOURCES.txt'
[0.835s] reading manifest file '../../../build/sjtu_drone_bringup/sjtu_drone_bringup.egg-info/SOURCES.txt'
[0.835s] writing manifest file '../../../build/sjtu_drone_bringup/sjtu_drone_bringup.egg-info/SOURCES.txt'
[0.836s] running build
[0.836s] running build_py
[0.836s] creating /root/ros2_ws/build/sjtu_drone_bringup/build
[0.836s] creating /root/ros2_ws/build/sjtu_drone_bringup/build/lib
[0.837s] creating /root/ros2_ws/build/sjtu_drone_bringup/build/lib/sjtu_drone_bringup
[0.837s] copying sjtu_drone_bringup/spawn_drone.py -> /root/ros2_ws/build/sjtu_drone_bringup/build/lib/sjtu_drone_bringup
[0.837s] copying sjtu_drone_bringup/__init__.py -> /root/ros2_ws/build/sjtu_drone_bringup/build/lib/sjtu_drone_bringup
[0.838s] running install
[0.838s] running install_lib
[0.838s] creating /root/ros2_ws/install/sjtu_drone_bringup/lib/python3.10/site-packages/sjtu_drone_bringup
[0.839s] copying /root/ros2_ws/build/sjtu_drone_bringup/build/lib/sjtu_drone_bringup/spawn_drone.py -> /root/ros2_ws/install/sjtu_drone_bringup/lib/python3.10/site-packages/sjtu_drone_bringup
[0.839s] copying /root/ros2_ws/build/sjtu_drone_bringup/build/lib/sjtu_drone_bringup/__init__.py -> /root/ros2_ws/install/sjtu_drone_bringup/lib/python3.10/site-packages/sjtu_drone_bringup
[0.839s] byte-compiling /root/ros2_ws/install/sjtu_drone_bringup/lib/python3.10/site-packages/sjtu_drone_bringup/spawn_drone.py to spawn_drone.cpython-310.pyc
[0.839s] byte-compiling /root/ros2_ws/install/sjtu_drone_bringup/lib/python3.10/site-packages/sjtu_drone_bringup/__init__.py to __init__.cpython-310.pyc
[0.840s] running install_data
[0.840s] creating /root/ros2_ws/install/sjtu_drone_bringup/share/ament_index
[0.840s] creating /root/ros2_ws/install/sjtu_drone_bringup/share/ament_index/resource_index
[0.840s] creating /root/ros2_ws/install/sjtu_drone_bringup/share/ament_index/resource_index/packages
[0.841s] copying resource/sjtu_drone_bringup -> /root/ros2_ws/install/sjtu_drone_bringup/share/ament_index/resource_index/packages
[0.841s] copying package.xml -> /root/ros2_ws/install/sjtu_drone_bringup/share/sjtu_drone_bringup
[0.841s] creating /root/ros2_ws/install/sjtu_drone_bringup/share/sjtu_drone_bringup/launch
[0.841s] copying launch/sjtu_drone_bringup.launch.py -> /root/ros2_ws/install/sjtu_drone_bringup/share/sjtu_drone_bringup/launch
[0.841s] copying launch/sjtu_drone_gazebo.launch.py -> /root/ros2_ws/install/sjtu_drone_bringup/share/sjtu_drone_bringup/launch
[0.841s] creating /root/ros2_ws/install/sjtu_drone_bringup/share/sjtu_drone_bringup/rviz
[0.841s] copying rviz/rviz.rviz -> /root/ros2_ws/install/sjtu_drone_bringup/share/sjtu_drone_bringup/rviz
[0.841s] creating /root/ros2_ws/install/sjtu_drone_bringup/share/sjtu_drone_bringup/config
[0.841s] copying config/drone.yaml -> /root/ros2_ws/install/sjtu_drone_bringup/share/sjtu_drone_bringup/config
[0.841s] running install_egg_info
[0.842s] Copying ../../../build/sjtu_drone_bringup/sjtu_drone_bringup.egg-info to /root/ros2_ws/install/sjtu_drone_bringup/lib/python3.10/site-packages/sjtu_drone_bringup-0.0.0-py3.10.egg-info
[0.843s] running install_scripts
[0.861s] Installing spawn_drone script to /root/ros2_ws/install/sjtu_drone_bringup/lib/sjtu_drone_bringup
[0.862s] writing list of installed files to '/root/ros2_ws/build/sjtu_drone_bringup/install.log'
[0.892s] Invoked command in '/root/ros2_ws/src/sjtu_drone/sjtu_drone_bringup' returned '0': PYTHONPATH=/root/ros2_ws/build/sjtu_drone_bringup/prefix_override:/usr/lib/python3/dist-packages/colcon_core/task/python/colcon_distutils_commands:/root/ros2_ws/install/sjtu_drone_bringup/lib/python3.10/site-packages:${PYTHONPATH} /usr/bin/python3 -W ignore:setup.py install is deprecated setup.py egg_info --egg-base ../../../build/sjtu_drone_bringup build --build-base /root/ros2_ws/build/sjtu_drone_bringup/build install --record /root/ros2_ws/build/sjtu_drone_bringup/install.log --single-version-externally-managed install_data
