2025-01-05 00:19:20.766 [info] Deleted uninstalled extension from disk ms-python.python /root/.vscode/extensions/ms-python.python-2024.22.0-linux-x64
2025-01-05 00:19:56.648 [info] Getting Manifest... ms-vscode.remote-repositories
2025-01-05 00:19:56.817 [info] Installing extension: ms-vscode.remote-repositories {"isMachineScoped":false,"donotIncludePackAndDependencies":false,"context":{"skipWalkthrough":true},"profileLocation":{"$mid":1,"external":"vscode-userdata:/root/.vscode/extensions/extensions.json","path":"/root/.vscode/extensions/extensions.json","scheme":"vscode-userdata"},"installOnlyNewlyAddedFromExtensionPack":true,"isApplicationScoped":false,"productVersion":{"version":"1.95.0","date":"2024-10-28T20:16:24.561Z"}}
2025-01-05 00:19:57.501 [info] Getting Manifest... github.remotehub
2025-01-05 00:19:57.590 [info] Getting Manifest... ms-vscode.azure-repos
2025-01-05 00:19:57.651 [info] Installing extension: github.remotehub {"isMachineScoped":false,"donotIncludePackAndDependencies":false,"context":{"skipWalkthrough":true,"dependecyOrPackExtensionInstall":true},"profileLocation":{"$mid":1,"external":"vscode-userdata:/root/.vscode/extensions/extensions.json","path":"/root/.vscode/extensions/extensions.json","scheme":"vscode-userdata"},"installOnlyNewlyAddedFromExtensionPack":true,"isApplicationScoped":false,"productVersion":{"version":"1.95.0","date":"2024-10-28T20:16:24.561Z"}}
2025-01-05 00:19:57.651 [info] Installing extension: ms-vscode.azure-repos {"isMachineScoped":false,"donotIncludePackAndDependencies":false,"context":{"skipWalkthrough":true,"dependecyOrPackExtensionInstall":true},"profileLocation":{"$mid":1,"external":"vscode-userdata:/root/.vscode/extensions/extensions.json","path":"/root/.vscode/extensions/extensions.json","scheme":"vscode-userdata"},"installOnlyNewlyAddedFromExtensionPack":true,"isApplicationScoped":false,"productVersion":{"version":"1.95.0","date":"2024-10-28T20:16:24.561Z"}}
2025-01-05 00:20:00.599 [info] Extension signature verification result for ms-vscode.azure-repos: Success. Executed: true. Duration: 1250ms.
2025-01-05 00:20:00.605 [info] Extension signature verification result for ms-vscode.remote-repositories: Success. Executed: true. Duration: 1317ms.
2025-01-05 00:20:00.797 [info] Extracted extension to file:///root/.vscode/extensions/ms-vscode.azure-repos-0.40.0: ms-vscode.azure-repos
2025-01-05 00:20:00.810 [info] Renamed to /root/.vscode/extensions/ms-vscode.azure-repos-0.40.0
2025-01-05 00:20:00.849 [info] Extracted extension to file:///root/.vscode/extensions/ms-vscode.remote-repositories-0.42.0: ms-vscode.remote-repositories
2025-01-05 00:20:00.858 [info] Renamed to /root/.vscode/extensions/ms-vscode.remote-repositories-0.42.0
2025-01-05 00:20:00.900 [error] [uncaught exception in sharedProcess]: Error: ENOENT: no such file or directory, stat '/root/.vscode/extensions/extensions.json.vsctmp': EntryNotFound (FileSystemError): Error: ENOENT: no such file or directory, stat '/root/.vscode/extensions/extensions.json.vsctmp'
    at hm.create (file:///usr/share/code/resources/app/out/vs/code/electron-utility/sharedProcess/sharedProcessMain.js:35:39254)
    at Es (file:///usr/share/code/resources/app/out/vs/code/electron-utility/sharedProcess/sharedProcessMain.js:35:39361)
    at Fr.ib (file:///usr/share/code/resources/app/out/vs/code/electron-utility/sharedProcess/sharedProcessMain.js:71:22677)
    at Fr.stat (file:///usr/share/code/resources/app/out/vs/code/electron-utility/sharedProcess/sharedProcessMain.js:71:16010)
    at async Zl.stat (file:///usr/share/code/resources/app/out/vs/code/electron-utility/sharedProcess/sharedProcessMain.js:70:84491)
    at async Jl.yb (file:///usr/share/code/resources/app/out/vs/code/electron-utility/sharedProcess/sharedProcessMain.js:70:66605)
2025-01-05 00:20:00.942 [info] Extension signature verification result for github.remotehub: Success. Executed: true. Duration: 1764ms.
2025-01-05 00:20:01.021 [info] Extracted extension to file:///root/.vscode/extensions/github.remotehub-0.64.0: github.remotehub
2025-01-05 00:20:01.029 [info] Renamed to /root/.vscode/extensions/github.remotehub-0.64.0
2025-01-05 00:20:01.053 [info] Extension installed successfully: ms-vscode.azure-repos vscode-userdata:/root/.vscode/extensions/extensions.json
2025-01-05 00:20:01.053 [info] Extension installed successfully: ms-vscode.remote-repositories vscode-userdata:/root/.vscode/extensions/extensions.json
2025-01-05 00:20:01.053 [info] Extension installed successfully: github.remotehub vscode-userdata:/root/.vscode/extensions/extensions.json
2025-01-05 00:20:01.113 [error] [uncaught exception in sharedProcess]: Error: ENOENT: no such file or directory, stat '/root/.vscode/extensions/extensions.json.vsctmp': EntryNotFound (FileSystemError): Error: ENOENT: no such file or directory, stat '/root/.vscode/extensions/extensions.json.vsctmp'
    at hm.create (file:///usr/share/code/resources/app/out/vs/code/electron-utility/sharedProcess/sharedProcessMain.js:35:39254)
    at Es (file:///usr/share/code/resources/app/out/vs/code/electron-utility/sharedProcess/sharedProcessMain.js:35:39361)
    at Fr.ib (file:///usr/share/code/resources/app/out/vs/code/electron-utility/sharedProcess/sharedProcessMain.js:71:22677)
    at Fr.stat (file:///usr/share/code/resources/app/out/vs/code/electron-utility/sharedProcess/sharedProcessMain.js:71:16010)
    at async Zl.stat (file:///usr/share/code/resources/app/out/vs/code/electron-utility/sharedProcess/sharedProcessMain.js:70:84491)
    at async Jl.yb (file:///usr/share/code/resources/app/out/vs/code/electron-utility/sharedProcess/sharedProcessMain.js:70:66605)
