running egg_info
writing ../../../build/drone_area_scanner/drone_area_scanner.egg-info/PKG-INFO
writing dependency_links to ../../../build/drone_area_scanner/drone_area_scanner.egg-info/dependency_links.txt
writing entry points to ../../../build/drone_area_scanner/drone_area_scanner.egg-info/entry_points.txt
writing requirements to ../../../build/drone_area_scanner/drone_area_scanner.egg-info/requires.txt
writing top-level names to ../../../build/drone_area_scanner/drone_area_scanner.egg-info/top_level.txt
reading manifest file '../../../build/drone_area_scanner/drone_area_scanner.egg-info/SOURCES.txt'
writing manifest file '../../../build/drone_area_scanner/drone_area_scanner.egg-info/SOURCES.txt'
running build
running build_py
copying drone_area_scanner/drone_area_scanner_node.py -> /root/ros2_ws/build/drone_area_scanner/build/lib/drone_area_scanner
running install
running install_lib
copying /root/ros2_ws/build/drone_area_scanner/build/lib/drone_area_scanner/drone_area_scanner_node.py -> /root/ros2_ws/install/drone_area_scanner/lib/python3.10/site-packages/drone_area_scanner
byte-compiling /root/ros2_ws/install/drone_area_scanner/lib/python3.10/site-packages/drone_area_scanner/drone_area_scanner_node.py to drone_area_scanner_node.cpython-310.pyc
running install_data
running install_egg_info
removing '/root/ros2_ws/install/drone_area_scanner/lib/python3.10/site-packages/drone_area_scanner-0.0.0-py3.10.egg-info' (and everything under it)
Copying ../../../build/drone_area_scanner/drone_area_scanner.egg-info to /root/ros2_ws/install/drone_area_scanner/lib/python3.10/site-packages/drone_area_scanner-0.0.0-py3.10.egg-info
running install_scripts
Installing scanner_node script to /root/ros2_ws/install/drone_area_scanner/lib/drone_area_scanner
writing list of installed files to '/root/ros2_ws/build/drone_area_scanner/install.log'
