[2.754s] Invoking command in '/root/ros2_ws/build/ai_model_node': PYTHONPATH=/root/ros2_ws/build/ai_model_node/prefix_override:/usr/lib/python3/dist-packages/colcon_core/task/python/colcon_distutils_commands:/root/ros2_ws/install/ai_model_node/lib/python3.10/site-packages:${PYTHONPATH} /usr/bin/python3 -W ignore:setup.py install is deprecated setup.py develop --editable --build-directory /root/ros2_ws/build/ai_model_node/build --no-deps symlink_data --force
[3.222s] running develop
[3.223s] /usr/lib/python3/dist-packages/setuptools/command/easy_install.py:158: EasyInstallDeprecationWarning: easy_install command is deprecated. Use build and pip and other standards-based tools.
[3.223s]   warnings.warn(
[3.493s] running egg_info
[3.494s] writing ai_model_node.egg-info/PKG-INFO
[3.494s] writing dependency_links to ai_model_node.egg-info/dependency_links.txt
[3.494s] writing entry points to ai_model_node.egg-info/entry_points.txt
[3.494s] writing requirements to ai_model_node.egg-info/requires.txt
[3.494s] writing top-level names to ai_model_node.egg-info/top_level.txt
[3.496s] reading manifest file 'ai_model_node.egg-info/SOURCES.txt'
[3.499s] writing manifest file 'ai_model_node.egg-info/SOURCES.txt'
[3.502s] running build_ext
[3.502s] Creating /root/ros2_ws/install/ai_model_node/lib/python3.10/site-packages/ai-model-node.egg-link (link to .)
[3.506s] Installing classify_image script to /root/ros2_ws/install/ai_model_node/lib/ai_model_node
[3.507s] 
[3.507s] Installed /root/ros2_ws/build/ai_model_node
[3.507s] running symlink_data
[3.507s] symbolically linking /root/ros2_ws/build/ai_model_node/resource/ai_model_node -> /root/ros2_ws/install/ai_model_node/share/ament_index/resource_index/packages
[3.512s] symbolically linking /root/ros2_ws/build/ai_model_node/package.xml -> /root/ros2_ws/install/ai_model_node/share/ai_model_node
[3.587s] Invoked command in '/root/ros2_ws/build/ai_model_node' returned '0': PYTHONPATH=/root/ros2_ws/build/ai_model_node/prefix_override:/usr/lib/python3/dist-packages/colcon_core/task/python/colcon_distutils_commands:/root/ros2_ws/install/ai_model_node/lib/python3.10/site-packages:${PYTHONPATH} /usr/bin/python3 -W ignore:setup.py install is deprecated setup.py develop --editable --build-directory /root/ros2_ws/build/ai_model_node/build --no-deps symlink_data --force
