[1.885s] Invoking command in '/root/ros2_ws/src/sjtu_drone/sjtu_drone_bringup': PYTHONPATH=/root/ros2_ws/build/sjtu_drone_bringup/prefix_override:/usr/lib/python3/dist-packages/colcon_core/task/python/colcon_distutils_commands:/root/ros2_ws/install/sjtu_drone_bringup/lib/python3.10/site-packages:${PYTHONPATH} /usr/bin/python3 -W ignore:setup.py install is deprecated setup.py egg_info --egg-base ../../../build/sjtu_drone_bringup build --build-base /root/ros2_ws/build/sjtu_drone_bringup/build install --record /root/ros2_ws/build/sjtu_drone_bringup/install.log --single-version-externally-managed install_data
[2.237s] running egg_info
[2.239s] writing ../../../build/sjtu_drone_bringup/sjtu_drone_bringup.egg-info/PKG-INFO
[2.239s] writing dependency_links to ../../../build/sjtu_drone_bringup/sjtu_drone_bringup.egg-info/dependency_links.txt
[2.239s] writing entry points to ../../../build/sjtu_drone_bringup/sjtu_drone_bringup.egg-info/entry_points.txt
[2.240s] writing requirements to ../../../build/sjtu_drone_bringup/sjtu_drone_bringup.egg-info/requires.txt
[2.240s] writing top-level names to ../../../build/sjtu_drone_bringup/sjtu_drone_bringup.egg-info/top_level.txt
[2.246s] reading manifest file '../../../build/sjtu_drone_bringup/sjtu_drone_bringup.egg-info/SOURCES.txt'
[2.249s] writing manifest file '../../../build/sjtu_drone_bringup/sjtu_drone_bringup.egg-info/SOURCES.txt'
[2.250s] running build
[2.251s] running build_py
[2.251s] running install
[2.252s] running install_lib
[2.255s] running install_data
[2.255s] running install_egg_info
[2.258s] removing '/root/ros2_ws/install/sjtu_drone_bringup/lib/python3.10/site-packages/sjtu_drone_bringup-0.0.0-py3.10.egg-info' (and everything under it)
[2.259s] Copying ../../../build/sjtu_drone_bringup/sjtu_drone_bringup.egg-info to /root/ros2_ws/install/sjtu_drone_bringup/lib/python3.10/site-packages/sjtu_drone_bringup-0.0.0-py3.10.egg-info
[2.260s] running install_scripts
[2.296s] Installing spawn_drone script to /root/ros2_ws/install/sjtu_drone_bringup/lib/sjtu_drone_bringup
[2.297s] writing list of installed files to '/root/ros2_ws/build/sjtu_drone_bringup/install.log'
[2.351s] Invoked command in '/root/ros2_ws/src/sjtu_drone/sjtu_drone_bringup' returned '0': PYTHONPATH=/root/ros2_ws/build/sjtu_drone_bringup/prefix_override:/usr/lib/python3/dist-packages/colcon_core/task/python/colcon_distutils_commands:/root/ros2_ws/install/sjtu_drone_bringup/lib/python3.10/site-packages:${PYTHONPATH} /usr/bin/python3 -W ignore:setup.py install is deprecated setup.py egg_info --egg-base ../../../build/sjtu_drone_bringup build --build-base /root/ros2_ws/build/sjtu_drone_bringup/build install --record /root/ros2_ws/build/sjtu_drone_bringup/install.log --single-version-externally-managed install_data
