[2.672s] Invoking command in '/root/ros2_ws/build/drone_area_scanner': PYTHONPATH=/root/ros2_ws/build/drone_area_scanner/prefix_override:/usr/lib/python3/dist-packages/colcon_core/task/python/colcon_distutils_commands:/root/ros2_ws/install/drone_area_scanner/lib/python3.10/site-packages:${PYTHONPATH} /usr/bin/python3 -W ignore:setup.py install is deprecated setup.py develop --editable --build-directory /root/ros2_ws/build/drone_area_scanner/build --no-deps symlink_data --force
[3.207s] running develop
[3.208s] /usr/lib/python3/dist-packages/setuptools/command/easy_install.py:158: EasyInstallDeprecationWarning: easy_install command is deprecated. Use build and pip and other standards-based tools.
[3.208s]   warnings.warn(
[3.470s] running egg_info
[3.471s] writing drone_area_scanner.egg-info/PKG-INFO
[3.472s] writing dependency_links to drone_area_scanner.egg-info/dependency_links.txt
[3.472s] writing entry points to drone_area_scanner.egg-info/entry_points.txt
[3.472s] writing requirements to drone_area_scanner.egg-info/requires.txt
[3.472s] writing top-level names to drone_area_scanner.egg-info/top_level.txt
[3.475s] reading manifest file 'drone_area_scanner.egg-info/SOURCES.txt'
[3.476s] writing manifest file 'drone_area_scanner.egg-info/SOURCES.txt'
[3.480s] running build_ext
[3.481s] Creating /root/ros2_ws/install/drone_area_scanner/lib/python3.10/site-packages/drone-area-scanner.egg-link (link to .)
[3.482s] Installing scanner_node script to /root/ros2_ws/install/drone_area_scanner/lib/drone_area_scanner
[3.483s] 
[3.483s] Installed /root/ros2_ws/build/drone_area_scanner
[3.483s] running symlink_data
[3.483s] symbolically linking /root/ros2_ws/build/drone_area_scanner/resource/drone_area_scanner -> /root/ros2_ws/install/drone_area_scanner/share/ament_index/resource_index/packages
[3.487s] symbolically linking /root/ros2_ws/build/drone_area_scanner/package.xml -> /root/ros2_ws/install/drone_area_scanner/share/drone_area_scanner
[3.591s] Invoked command in '/root/ros2_ws/build/drone_area_scanner' returned '0': PYTHONPATH=/root/ros2_ws/build/drone_area_scanner/prefix_override:/usr/lib/python3/dist-packages/colcon_core/task/python/colcon_distutils_commands:/root/ros2_ws/install/drone_area_scanner/lib/python3.10/site-packages:${PYTHONPATH} /usr/bin/python3 -W ignore:setup.py install is deprecated setup.py develop --editable --build-directory /root/ros2_ws/build/drone_area_scanner/build --no-deps symlink_data --force
