2024-12-12 11:37:22.336 [info] [main] Log level: Info
2024-12-12 11:37:22.336 [info] [main] Validating found git in: "git"
2024-12-12 11:37:22.336 [info] [main] Using git "2.34.1" from "git"
2024-12-12 11:37:22.336 [info] [Model][doInitialScan] Initial repository scan started
2024-12-12 11:37:22.336 [info] > git rev-parse --show-toplevel [5ms]
2024-12-12 11:37:22.336 [info] fatal: not a git repository (or any of the parent directories): .git
2024-12-12 11:37:22.337 [info] > git rev-parse --show-toplevel [2ms]
2024-12-12 11:37:22.341 [info] > git rev-parse --git-dir --git-common-dir [1ms]
2024-12-12 11:37:22.349 [info] [Model][openRepository] Opened repository: /root/ros2_ws/src/sjtu_drone
2024-12-12 11:37:22.358 [info] > git rev-parse --show-toplevel [2ms]
2024-12-12 11:37:22.358 [info] fatal: not a git repository (or any of the parent directories): .git
2024-12-12 11:37:22.361 [info] [Model][doInitialScan] Initial repository scan completed - repositories (1), closed repositories (0), parent repositories (0), unsafe repositories (0)
2024-12-12 11:37:22.363 [info] > git config --get commit.template [9ms]
2024-12-12 11:37:22.387 [info] > git for-each-ref --format=%(refname)%00%(upstream:short)%00%(objectname)%00%(upstream:track)%00%(upstream:remotename)%00%(upstream:remoteref) refs/heads/ros2 refs/remotes/ros2 [20ms]
2024-12-12 11:37:22.400 [warning] [Git][revParse] Unable to read file: ENOENT: no such file or directory, open '/root/ros2_ws/src/sjtu_drone/.git/refs/remotes/origin/ros2'
2024-12-12 11:37:22.401 [info] > git rev-parse refs/remotes/origin/ros2 [1ms]
2024-12-12 11:37:22.408 [info] > git for-each-ref --sort -committerdate --format %(refname) %(objectname) %(*objectname) [1ms]
2024-12-12 11:37:22.430 [info] > git status -z -uall [26ms]
2024-12-12 11:37:22.454 [info] > git for-each-ref --format=%(refname)%00%(upstream:short)%00%(objectname)%00%(upstream:track)%00%(upstream:remotename)%00%(upstream:remoteref) refs/heads/ros2 refs/remotes/ros2 [14ms]
2024-12-12 11:37:22.485 [info] > git config --local branch.ros2.vscode-merge-base [27ms]
2024-12-12 11:37:22.489 [info] > git config --get commit.template [41ms]
2024-12-12 11:37:22.492 [info] > git for-each-ref --format=%(refname)%00%(upstream:short)%00%(objectname)%00%(upstream:track)%00%(upstream:remotename)%00%(upstream:remoteref) refs/heads/origin/ros2 refs/remotes/origin/ros2 [4ms]
2024-12-12 11:37:22.540 [info] > git for-each-ref --format=%(refname)%00%(upstream:short)%00%(objectname)%00%(upstream:track)%00%(upstream:remotename)%00%(upstream:remoteref) refs/heads/ros2 refs/remotes/ros2 [33ms]
2024-12-12 11:37:22.541 [info] > git merge-base refs/heads/ros2 refs/remotes/origin/ros2 [40ms]
2024-12-12 11:37:22.560 [warning] [Git][revParse] Unable to read file: ENOENT: no such file or directory, open '/root/ros2_ws/src/sjtu_drone/.git/refs/remotes/origin/ros2'
2024-12-12 11:37:22.561 [info] > git diff --name-status -z --diff-filter=ADMR 4a643e22d7cb0400c69eb0a62c689655d481b4db...refs/remotes/origin/ros2 [18ms]
2024-12-12 11:37:22.562 [info] > git rev-parse refs/remotes/origin/ros2 [2ms]
2024-12-12 11:37:22.567 [info] > git for-each-ref --sort -committerdate --format %(refname) %(objectname) %(*objectname) [1ms]
2024-12-12 11:37:22.575 [info] > git status -z -uall [11ms]
2024-12-12 11:37:22.870 [info] > git check-ignore -v -z --stdin [2ms]
2024-12-12 11:37:27.585 [info] > git check-ignore -v -z --stdin [1ms]
2024-12-12 11:48:40.259 [info] [main] Log level: Info
2024-12-12 11:48:40.260 [info] [main] Validating found git in: "git"
2024-12-12 11:48:40.260 [info] [main] Using git "2.34.1" from "git"
2024-12-12 11:48:40.260 [info] [Model][doInitialScan] Initial repository scan started
2024-12-12 11:48:40.260 [info] > git rev-parse --show-toplevel [4ms]
2024-12-12 11:48:40.260 [info] fatal: not a git repository (or any of the parent directories): .git
2024-12-12 11:48:40.261 [info] > git rev-parse --show-toplevel [3ms]
2024-12-12 11:48:40.261 [info] fatal: not a git repository (or any of the parent directories): .git
2024-12-12 11:48:40.292 [info] > git rev-parse --show-toplevel [25ms]
2024-12-12 11:48:40.292 [info] fatal: not a git repository (or any of the parent directories): .git
2024-12-12 11:48:40.313 [info] > git rev-parse --show-toplevel [1ms]
2024-12-12 11:48:40.313 [info] fatal: not a git repository (or any of the parent directories): .git
2024-12-12 11:48:40.316 [info] > git rev-parse --show-toplevel [1ms]
2024-12-12 11:48:40.316 [info] fatal: not a git repository (or any of the parent directories): .git
2024-12-12 11:48:40.322 [info] > git rev-parse --show-toplevel [4ms]
2024-12-12 11:48:40.322 [info] fatal: not a git repository (or any of the parent directories): .git
2024-12-12 11:48:40.325 [info] > git rev-parse --show-toplevel [1ms]
2024-12-12 11:48:40.325 [info] fatal: not a git repository (or any of the parent directories): .git
2024-12-12 11:48:40.328 [info] > git rev-parse --show-toplevel [1ms]
2024-12-12 11:48:40.328 [info] fatal: not a git repository (or any of the parent directories): .git
2024-12-12 11:48:40.331 [info] [Model][doInitialScan] Initial repository scan completed - repositories (0), closed repositories (0), parent repositories (0), unsafe repositories (0)
2024-12-12 11:48:40.351 [info] > git rev-parse --show-toplevel [1ms]
2024-12-12 11:48:40.351 [info] fatal: not a git repository (or any of the parent directories): .git
2024-12-12 11:48:41.830 [info] > git rev-parse --show-toplevel [1ms]
2024-12-12 11:48:41.830 [info] fatal: not a git repository (or any of the parent directories): .git
2024-12-12 11:49:27.363 [info] > git rev-parse --show-toplevel [1ms]
2024-12-12 11:49:27.366 [info] > git rev-parse --git-dir --git-common-dir [1ms]
2024-12-12 11:49:27.375 [info] [Model][openRepository] Opened repository: /root/ros2_ws/src/sjtu_drone
2024-12-12 11:49:27.383 [info] > git config --get commit.template [3ms]
2024-12-12 11:49:27.387 [info] > git for-each-ref --format=%(refname)%00%(upstream:short)%00%(objectname)%00%(upstream:track)%00%(upstream:remotename)%00%(upstream:remoteref) refs/heads/ros2 refs/remotes/ros2 [5ms]
2024-12-12 11:49:27.390 [warning] [Git][revParse] Unable to read file: ENOENT: no such file or directory, open '/root/ros2_ws/src/sjtu_drone/.git/refs/remotes/origin/ros2'
2024-12-12 11:49:27.391 [info] > git rev-parse refs/remotes/origin/ros2 [1ms]
2024-12-12 11:49:27.400 [info] > git for-each-ref --sort -committerdate --format %(refname) %(objectname) %(*objectname) [1ms]
2024-12-12 11:49:27.461 [info] > git status -z -uall [66ms]
2024-12-12 11:49:27.521 [info] > git for-each-ref --format=%(refname)%00%(upstream:short)%00%(objectname)%00%(upstream:track)%00%(upstream:remotename)%00%(upstream:remoteref) refs/heads/ros2 refs/remotes/ros2 [43ms]
2024-12-12 11:49:27.549 [info] > git config --local branch.ros2.vscode-merge-base [25ms]
2024-12-12 11:49:27.554 [info] > git config --get commit.template [33ms]
2024-12-12 11:49:27.555 [info] > git for-each-ref --format=%(refname)%00%(upstream:short)%00%(objectname)%00%(upstream:track)%00%(upstream:remotename)%00%(upstream:remoteref) refs/heads/origin/ros2 refs/remotes/origin/ros2 [1ms]
2024-12-12 11:49:27.572 [info] > git merge-base refs/heads/ros2 refs/remotes/origin/ros2 [6ms]
2024-12-12 11:49:27.580 [info] > git diff --name-status -z --diff-filter=ADMR 4a643e22d7cb0400c69eb0a62c689655d481b4db...refs/remotes/origin/ros2 [2ms]
2024-12-12 11:49:27.581 [info] > git for-each-ref --format=%(refname)%00%(upstream:short)%00%(objectname)%00%(upstream:track)%00%(upstream:remotename)%00%(upstream:remoteref) refs/heads/ros2 refs/remotes/ros2 [10ms]
2024-12-12 11:49:27.589 [warning] [Git][revParse] Unable to read file: ENOENT: no such file or directory, open '/root/ros2_ws/src/sjtu_drone/.git/refs/remotes/origin/ros2'
2024-12-12 11:49:27.590 [info] > git rev-parse refs/remotes/origin/ros2 [1ms]
2024-12-12 11:49:27.611 [info] > git status -z -uall [16ms]
2024-12-12 11:49:27.612 [info] > git for-each-ref --sort -committerdate --format %(refname) %(objectname) %(*objectname) [15ms]
2024-12-12 11:49:27.812 [info] > git show --textconv :drone_area_scanner/package.xml [7ms]
2024-12-12 11:49:27.818 [info] > git ls-files --stage -- /root/ros2_ws/src/sjtu_drone/drone_area_scanner/package.xml [8ms]
2024-12-12 11:49:28.091 [info] > git check-ignore -v -z --stdin [2ms]
2024-12-12 11:49:33.513 [info] > git show --textconv :ai_model/package.xml [6ms]
2024-12-12 11:49:33.514 [info] > git ls-files --stage -- /root/ros2_ws/src/sjtu_drone/ai_model/package.xml [2ms]
2024-12-12 11:49:36.408 [info] > git show --textconv :drone_area_scanner/package.xml [6ms]
2024-12-12 11:49:36.409 [info] > git ls-files --stage -- /root/ros2_ws/src/sjtu_drone/drone_area_scanner/package.xml [2ms]
2024-12-12 11:49:37.424 [info] > git show --textconv :ai_model/package.xml [6ms]
2024-12-12 11:49:37.425 [info] > git ls-files --stage -- /root/ros2_ws/src/sjtu_drone/ai_model/package.xml [2ms]
2024-12-12 11:49:38.396 [info] > git show --textconv :drone_area_scanner/package.xml [5ms]
2024-12-12 11:49:38.398 [info] > git ls-files --stage -- /root/ros2_ws/src/sjtu_drone/drone_area_scanner/package.xml [2ms]
2024-12-12 11:49:39.053 [info] > git show --textconv :ai_model/package.xml [6ms]
2024-12-12 11:49:39.055 [info] > git ls-files --stage -- /root/ros2_ws/src/sjtu_drone/ai_model/package.xml [2ms]
2024-12-12 11:49:39.746 [info] > git show --textconv :drone_area_scanner/package.xml [7ms]
2024-12-12 11:49:39.747 [info] > git ls-files --stage -- /root/ros2_ws/src/sjtu_drone/drone_area_scanner/package.xml [2ms]
2024-12-12 11:49:40.358 [info] > git show --textconv :ai_model/package.xml [6ms]
2024-12-12 11:49:40.361 [info] > git ls-files --stage -- /root/ros2_ws/src/sjtu_drone/ai_model/package.xml [4ms]
2024-12-12 11:49:41.008 [info] > git show --textconv :drone_area_scanner/package.xml [5ms]
2024-12-12 11:49:41.009 [info] > git ls-files --stage -- /root/ros2_ws/src/sjtu_drone/drone_area_scanner/package.xml [2ms]
2024-12-12 11:49:41.853 [info] > git show --textconv :ai_model/package.xml [6ms]
2024-12-12 11:49:41.856 [info] > git ls-files --stage -- /root/ros2_ws/src/sjtu_drone/ai_model/package.xml [5ms]
2024-12-12 11:49:42.527 [info] > git show --textconv :drone_area_scanner/package.xml [8ms]
2024-12-12 11:49:42.528 [info] > git ls-files --stage -- /root/ros2_ws/src/sjtu_drone/drone_area_scanner/package.xml [2ms]
2024-12-12 11:49:43.195 [info] > git show --textconv :ai_model/package.xml [5ms]
2024-12-12 11:49:43.199 [info] > git ls-files --stage -- /root/ros2_ws/src/sjtu_drone/ai_model/package.xml [4ms]
2024-12-12 11:49:43.786 [info] > git show --textconv :drone_area_scanner/package.xml [6ms]
2024-12-12 11:49:43.787 [info] > git ls-files --stage -- /root/ros2_ws/src/sjtu_drone/drone_area_scanner/package.xml [2ms]
2024-12-12 11:49:44.389 [info] > git show --textconv :ai_model/package.xml [5ms]
2024-12-12 11:49:44.390 [info] > git ls-files --stage -- /root/ros2_ws/src/sjtu_drone/ai_model/package.xml [2ms]
2024-12-12 11:49:45.441 [info] > git show --textconv :drone_area_scanner/package.xml [7ms]
2024-12-12 11:49:45.442 [info] > git ls-files --stage -- /root/ros2_ws/src/sjtu_drone/drone_area_scanner/package.xml [3ms]
2024-12-12 11:49:59.316 [info] > git show --textconv :ai_model/package.xml [7ms]
2024-12-12 11:49:59.317 [info] > git ls-files --stage -- /root/ros2_ws/src/sjtu_drone/ai_model/package.xml [2ms]
2024-12-12 11:50:08.307 [info] > git config --get commit.template [3ms]
2024-12-12 11:50:08.308 [info] > git for-each-ref --format=%(refname)%00%(upstream:short)%00%(objectname)%00%(upstream:track)%00%(upstream:remotename)%00%(upstream:remoteref) refs/heads/ros2 refs/remotes/ros2 [1ms]
2024-12-12 11:50:08.310 [warning] [Git][revParse] Unable to read file: ENOENT: no such file or directory, open '/root/ros2_ws/src/sjtu_drone/.git/refs/remotes/origin/ros2'
2024-12-12 11:50:08.311 [info] > git rev-parse refs/remotes/origin/ros2 [1ms]
2024-12-12 11:50:08.316 [info] > git for-each-ref --sort -committerdate --format %(refname) %(objectname) %(*objectname) [1ms]
2024-12-12 11:50:08.323 [info] > git status -z -uall [11ms]
2024-12-12 11:50:10.119 [info] > git show --textconv :ai_model/setup.cfg [2ms]
2024-12-12 11:50:10.120 [info] > git ls-files --stage -- /root/ros2_ws/src/sjtu_drone/ai_model/setup.cfg [2ms]
2024-12-12 11:50:12.481 [info] > git show --textconv :drone_area_scanner/setup.cfg [5ms]
2024-12-12 11:50:12.482 [info] > git ls-files --stage -- /root/ros2_ws/src/sjtu_drone/drone_area_scanner/setup.cfg [2ms]
2024-12-12 11:50:15.904 [info] > git show --textconv :ai_model/setup.cfg [5ms]
2024-12-12 11:50:15.906 [info] > git ls-files --stage -- /root/ros2_ws/src/sjtu_drone/ai_model/setup.cfg [3ms]
2024-12-12 11:50:16.645 [info] > git show --textconv :drone_area_scanner/setup.cfg [6ms]
2024-12-12 11:50:16.646 [info] > git ls-files --stage -- /root/ros2_ws/src/sjtu_drone/drone_area_scanner/setup.cfg [3ms]
2024-12-12 11:50:17.341 [info] > git show --textconv :ai_model/setup.cfg [5ms]
2024-12-12 11:50:17.342 [info] > git ls-files --stage -- /root/ros2_ws/src/sjtu_drone/ai_model/setup.cfg [2ms]
2024-12-12 11:50:18.026 [info] > git show --textconv :drone_area_scanner/setup.cfg [7ms]
2024-12-12 11:50:18.026 [info] > git ls-files --stage -- /root/ros2_ws/src/sjtu_drone/drone_area_scanner/setup.cfg [2ms]
2024-12-12 11:50:18.686 [info] > git show --textconv :ai_model/setup.cfg [6ms]
2024-12-12 11:50:18.688 [info] > git ls-files --stage -- /root/ros2_ws/src/sjtu_drone/ai_model/setup.cfg [3ms]
2024-12-12 11:50:22.165 [info] > git show --textconv :drone_area_scanner/setup.cfg [4ms]
2024-12-12 11:50:22.165 [info] > git ls-files --stage -- /root/ros2_ws/src/sjtu_drone/drone_area_scanner/setup.cfg [1ms]
2024-12-12 11:50:23.218 [info] > git show --textconv :drone_area_scanner/setup.py [4ms]
2024-12-12 11:50:23.220 [info] > git ls-files --stage -- /root/ros2_ws/src/sjtu_drone/drone_area_scanner/setup.py [3ms]
2024-12-12 11:50:25.877 [info] > git show --textconv :ai_model/setup.py [8ms]
2024-12-12 11:50:25.878 [info] > git ls-files --stage -- /root/ros2_ws/src/sjtu_drone/ai_model/setup.py [2ms]
2024-12-12 11:50:26.677 [info] > git show --textconv :drone_area_scanner/setup.py [10ms]
2024-12-12 11:50:26.678 [info] > git ls-files --stage -- /root/ros2_ws/src/sjtu_drone/drone_area_scanner/setup.py [2ms]
2024-12-12 11:50:27.280 [info] > git show --textconv :ai_model/setup.py [8ms]
2024-12-12 11:50:27.283 [info] > git ls-files --stage -- /root/ros2_ws/src/sjtu_drone/ai_model/setup.py [4ms]
2024-12-12 11:50:28.036 [info] > git show --textconv :drone_area_scanner/setup.py [8ms]
2024-12-12 11:50:28.037 [info] > git ls-files --stage -- /root/ros2_ws/src/sjtu_drone/drone_area_scanner/setup.py [3ms]
2024-12-12 11:50:30.033 [info] > git show --textconv :ai_model/setup.py [6ms]
2024-12-12 11:50:30.036 [info] > git ls-files --stage -- /root/ros2_ws/src/sjtu_drone/ai_model/setup.py [4ms]
2024-12-12 11:50:30.880 [info] > git show --textconv :drone_area_scanner/setup.py [6ms]
2024-12-12 11:50:30.882 [info] > git ls-files --stage -- /root/ros2_ws/src/sjtu_drone/drone_area_scanner/setup.py [3ms]
2024-12-12 11:50:31.813 [info] > git show --textconv :ai_model/setup.py [6ms]
2024-12-12 11:50:31.815 [info] > git ls-files --stage -- /root/ros2_ws/src/sjtu_drone/ai_model/setup.py [2ms]
2024-12-12 11:50:32.490 [info] > git show --textconv :drone_area_scanner/setup.py [7ms]
2024-12-12 11:50:32.492 [info] > git ls-files --stage -- /root/ros2_ws/src/sjtu_drone/drone_area_scanner/setup.py [3ms]
2024-12-12 11:50:33.210 [info] > git show --textconv :ai_model/setup.py [6ms]
2024-12-12 11:50:33.213 [info] > git ls-files --stage -- /root/ros2_ws/src/sjtu_drone/ai_model/setup.py [3ms]
2024-12-12 11:50:33.847 [info] > git show --textconv :drone_area_scanner/setup.py [5ms]
2024-12-12 11:50:33.848 [info] > git ls-files --stage -- /root/ros2_ws/src/sjtu_drone/drone_area_scanner/setup.py [2ms]
2024-12-12 11:50:34.481 [info] > git show --textconv :ai_model/setup.py [6ms]
2024-12-12 11:50:34.483 [info] > git ls-files --stage -- /root/ros2_ws/src/sjtu_drone/ai_model/setup.py [2ms]
2024-12-12 11:50:35.116 [info] > git show --textconv :drone_area_scanner/setup.py [10ms]
2024-12-12 11:50:35.119 [info] > git ls-files --stage -- /root/ros2_ws/src/sjtu_drone/drone_area_scanner/setup.py [4ms]
2024-12-12 11:50:36.303 [info] > git show --textconv :ai_model/setup.py [8ms]
2024-12-12 11:50:36.303 [info] > git ls-files --stage -- /root/ros2_ws/src/sjtu_drone/ai_model/setup.py [2ms]
2024-12-12 11:50:36.953 [info] > git show --textconv :drone_area_scanner/setup.py [7ms]
2024-12-12 11:50:36.954 [info] > git ls-files --stage -- /root/ros2_ws/src/sjtu_drone/drone_area_scanner/setup.py [2ms]
2024-12-12 11:50:49.194 [info] > git show --textconv :ai_model/setup.py [6ms]
2024-12-12 11:50:49.199 [info] > git ls-files --stage -- /root/ros2_ws/src/sjtu_drone/ai_model/setup.py [6ms]
2024-12-12 11:50:54.326 [info] > git check-ignore -v -z --stdin [0ms]
2024-12-12 11:50:59.686 [info] > git show --textconv :drone_area_scanner/setup.py [3ms]
2024-12-12 11:50:59.687 [info] > git ls-files --stage -- /root/ros2_ws/src/sjtu_drone/drone_area_scanner/setup.py [2ms]
2024-12-12 11:51:00.847 [info] > git show --textconv :ai_model/setup.py [7ms]
2024-12-12 11:51:00.847 [info] > git ls-files --stage -- /root/ros2_ws/src/sjtu_drone/ai_model/setup.py [1ms]
2024-12-12 11:51:58.051 [info] > git show --textconv :drone_area_scanner/drone_area_scanner/drone_area_scanner_node.py [4ms]
2024-12-12 11:51:58.051 [info] > git ls-files --stage -- /root/ros2_ws/src/sjtu_drone/drone_area_scanner/drone_area_scanner/drone_area_scanner_node.py [1ms]
2024-12-12 11:52:31.333 [info] > git show --textconv :ai_model/setup.py [11ms]
2024-12-12 11:52:31.335 [info] > git ls-files --stage -- /root/ros2_ws/src/sjtu_drone/ai_model/setup.py [3ms]
2024-12-12 12:02:24.890 [info] > git show --textconv :drone_area_scanner/drone_area_scanner/drone_area_scanner_node.py [21ms]
2024-12-12 12:02:24.891 [info] > git ls-files --stage -- /root/ros2_ws/src/sjtu_drone/drone_area_scanner/drone_area_scanner/drone_area_scanner_node.py [15ms]
2024-12-12 12:02:37.569 [info] > git config --get commit.template [2ms]
2024-12-12 12:02:37.578 [info] > git for-each-ref --format=%(refname)%00%(upstream:short)%00%(objectname)%00%(upstream:track)%00%(upstream:remotename)%00%(upstream:remoteref) refs/heads/ros2 refs/remotes/ros2 [6ms]
2024-12-12 12:02:37.583 [warning] [Git][revParse] Unable to read file: ENOENT: no such file or directory, open '/root/ros2_ws/src/sjtu_drone/.git/refs/remotes/origin/ros2'
2024-12-12 12:02:37.584 [info] > git rev-parse refs/remotes/origin/ros2 [1ms]
2024-12-12 12:02:37.594 [info] > git for-each-ref --sort -committerdate --format %(refname) %(objectname) %(*objectname) [2ms]
2024-12-12 12:02:37.638 [info] > git status -z -uall [50ms]
2024-12-12 12:02:37.787 [info] > git check-ignore -v -z --stdin [1ms]
2024-12-12 12:02:47.977 [info] > git config --get commit.template [8ms]
2024-12-12 12:02:47.978 [info] > git for-each-ref --format=%(refname)%00%(upstream:short)%00%(objectname)%00%(upstream:track)%00%(upstream:remotename)%00%(upstream:remoteref) refs/heads/ros2 refs/remotes/ros2 [2ms]
2024-12-12 12:02:47.984 [warning] [Git][revParse] Unable to read file: ENOENT: no such file or directory, open '/root/ros2_ws/src/sjtu_drone/.git/refs/remotes/origin/ros2'
2024-12-12 12:02:47.986 [info] > git rev-parse refs/remotes/origin/ros2 [2ms]
2024-12-12 12:02:47.994 [info] > git for-each-ref --sort -committerdate --format %(refname) %(objectname) %(*objectname) [1ms]
2024-12-12 12:02:48.001 [info] > git status -z -uall [12ms]
2024-12-12 12:02:56.085 [info] > git check-ignore -v -z --stdin [1ms]
2024-12-12 12:02:56.994 [info] > git show --textconv :ai_model_node/package.xml [4ms]
2024-12-12 12:02:56.994 [info] > git ls-files --stage -- /root/ros2_ws/src/sjtu_drone/ai_model_node/package.xml [1ms]
2024-12-12 12:03:20.113 [info] > git config --get commit.template [7ms]
2024-12-12 12:03:20.114 [info] > git for-each-ref --format=%(refname)%00%(upstream:short)%00%(objectname)%00%(upstream:track)%00%(upstream:remotename)%00%(upstream:remoteref) refs/heads/ros2 refs/remotes/ros2 [2ms]
2024-12-12 12:03:20.119 [warning] [Git][revParse] Unable to read file: ENOENT: no such file or directory, open '/root/ros2_ws/src/sjtu_drone/.git/refs/remotes/origin/ros2'
2024-12-12 12:03:20.120 [info] > git rev-parse refs/remotes/origin/ros2 [1ms]
2024-12-12 12:03:20.133 [info] > git for-each-ref --sort -committerdate --format %(refname) %(objectname) %(*objectname) [2ms]
2024-12-12 12:03:20.144 [info] > git status -z -uall [21ms]
2024-12-12 12:03:22.014 [info] > git show --textconv :ai_model_node/setup.py [4ms]
2024-12-12 12:03:22.015 [info] > git ls-files --stage -- /root/ros2_ws/src/sjtu_drone/ai_model_node/setup.py [2ms]
2024-12-12 12:03:49.323 [info] > git config --get commit.template [4ms]
2024-12-12 12:03:49.333 [info] > git for-each-ref --format=%(refname)%00%(upstream:short)%00%(objectname)%00%(upstream:track)%00%(upstream:remotename)%00%(upstream:remoteref) refs/heads/ros2 refs/remotes/ros2 [1ms]
2024-12-12 12:03:49.338 [warning] [Git][revParse] Unable to read file: ENOENT: no such file or directory, open '/root/ros2_ws/src/sjtu_drone/.git/refs/remotes/origin/ros2'
2024-12-12 12:03:49.339 [info] > git rev-parse refs/remotes/origin/ros2 [1ms]
2024-12-12 12:03:49.348 [info] > git for-each-ref --sort -committerdate --format %(refname) %(objectname) %(*objectname) [1ms]
2024-12-12 12:03:49.355 [info] > git status -z -uall [11ms]
2024-12-12 12:03:54.365 [info] > git config --get commit.template [3ms]
2024-12-12 12:03:54.366 [info] > git for-each-ref --format=%(refname)%00%(upstream:short)%00%(objectname)%00%(upstream:track)%00%(upstream:remotename)%00%(upstream:remoteref) refs/heads/ros2 refs/remotes/ros2 [1ms]
2024-12-12 12:03:54.368 [warning] [Git][revParse] Unable to read file: ENOENT: no such file or directory, open '/root/ros2_ws/src/sjtu_drone/.git/refs/remotes/origin/ros2'
2024-12-12 12:03:54.369 [info] > git rev-parse refs/remotes/origin/ros2 [1ms]
2024-12-12 12:03:54.375 [info] > git for-each-ref --sort -committerdate --format %(refname) %(objectname) %(*objectname) [1ms]
2024-12-12 12:03:54.382 [info] > git status -z -uall [9ms]
2024-12-12 12:05:05.736 [info] > git check-ignore -v -z --stdin [0ms]
2024-12-12 12:05:17.350 [info] > git show --textconv :ai_model_node/ai_model_node/classify_image.py [4ms]
2024-12-12 12:05:17.351 [info] > git ls-files --stage -- /root/ros2_ws/src/sjtu_drone/ai_model_node/ai_model_node/classify_image.py [1ms]
2024-12-12 12:05:17.628 [info] > git check-ignore -v -z --stdin [1ms]
2024-12-12 12:05:21.080 [info] > git config --get commit.template [2ms]
2024-12-12 12:05:21.088 [info] > git for-each-ref --format=%(refname)%00%(upstream:short)%00%(objectname)%00%(upstream:track)%00%(upstream:remotename)%00%(upstream:remoteref) refs/heads/ros2 refs/remotes/ros2 [2ms]
2024-12-12 12:05:21.093 [warning] [Git][revParse] Unable to read file: ENOENT: no such file or directory, open '/root/ros2_ws/src/sjtu_drone/.git/refs/remotes/origin/ros2'
2024-12-12 12:05:21.094 [info] > git rev-parse refs/remotes/origin/ros2 [1ms]
2024-12-12 12:05:21.102 [info] > git for-each-ref --sort -committerdate --format %(refname) %(objectname) %(*objectname) [2ms]
2024-12-12 12:05:21.108 [info] > git status -z -uall [11ms]
2024-12-12 12:08:05.302 [info] > git config --get commit.template [1ms]
2024-12-12 12:08:05.307 [info] > git for-each-ref --format=%(refname)%00%(upstream:short)%00%(objectname)%00%(upstream:track)%00%(upstream:remotename)%00%(upstream:remoteref) refs/heads/ros2 refs/remotes/ros2 [1ms]
2024-12-12 12:08:05.313 [warning] [Git][revParse] Unable to read file: ENOENT: no such file or directory, open '/root/ros2_ws/src/sjtu_drone/.git/refs/remotes/origin/ros2'
2024-12-12 12:08:05.315 [info] > git rev-parse refs/remotes/origin/ros2 [2ms]
2024-12-12 12:08:05.328 [info] > git for-each-ref --sort -committerdate --format %(refname) %(objectname) %(*objectname) [2ms]
2024-12-12 12:08:05.339 [info] > git status -z -uall [19ms]
2024-12-12 12:08:05.843 [info] > git check-ignore -v -z --stdin [1ms]
2024-12-12 12:08:10.724 [info] > git check-ignore -v -z --stdin [1ms]
2024-12-12 12:08:53.009 [info] > git config --get commit.template [3ms]
2024-12-12 12:08:53.009 [info] > git for-each-ref --format=%(refname)%00%(upstream:short)%00%(objectname)%00%(upstream:track)%00%(upstream:remotename)%00%(upstream:remoteref) refs/heads/ros2 refs/remotes/ros2 [1ms]
2024-12-12 12:08:53.012 [warning] [Git][revParse] Unable to read file: ENOENT: no such file or directory, open '/root/ros2_ws/src/sjtu_drone/.git/refs/remotes/origin/ros2'
2024-12-12 12:08:53.013 [info] > git rev-parse refs/remotes/origin/ros2 [1ms]
2024-12-12 12:08:53.019 [info] > git for-each-ref --sort -committerdate --format %(refname) %(objectname) %(*objectname) [1ms]
2024-12-12 12:08:53.025 [info] > git status -z -uall [10ms]
2024-12-12 12:10:11.287 [info] > git show --textconv :drone_area_scanner/drone_area_scanner/drone_area_scanner_node.py [15ms]
2024-12-12 12:10:11.287 [info] > git ls-files --stage -- /root/ros2_ws/src/sjtu_drone/drone_area_scanner/drone_area_scanner/drone_area_scanner_node.py [6ms]
2024-12-12 12:20:14.576 [info] > git config --get commit.template [10ms]
2024-12-12 12:20:14.580 [info] > git for-each-ref --format=%(refname)%00%(upstream:short)%00%(objectname)%00%(upstream:track)%00%(upstream:remotename)%00%(upstream:remoteref) refs/heads/ros2 refs/remotes/ros2 [10ms]
2024-12-12 12:20:14.583 [warning] [Git][revParse] Unable to read file: ENOENT: no such file or directory, open '/root/ros2_ws/src/sjtu_drone/.git/refs/remotes/origin/ros2'
2024-12-12 12:20:14.585 [info] > git rev-parse refs/remotes/origin/ros2 [2ms]
2024-12-12 12:20:14.592 [info] > git for-each-ref --sort -committerdate --format %(refname) %(objectname) %(*objectname) [2ms]
2024-12-12 12:20:14.651 [info] > git status -z -uall [64ms]
2024-12-12 12:20:16.445 [info] > git show --textconv :ai_model_node/ai_model_node/classify_image.py [7ms]
2024-12-12 12:20:16.447 [info] > git ls-files --stage -- /root/ros2_ws/src/sjtu_drone/ai_model_node/ai_model_node/classify_image.py [2ms]
2024-12-12 12:21:09.882 [info] > git config --get commit.template [15ms]
2024-12-12 12:21:09.885 [info] > git for-each-ref --format=%(refname)%00%(upstream:short)%00%(objectname)%00%(upstream:track)%00%(upstream:remotename)%00%(upstream:remoteref) refs/heads/ros2 refs/remotes/ros2 [11ms]
2024-12-12 12:21:09.889 [warning] [Git][revParse] Unable to read file: ENOENT: no such file or directory, open '/root/ros2_ws/src/sjtu_drone/.git/refs/remotes/origin/ros2'
2024-12-12 12:21:09.890 [info] > git rev-parse refs/remotes/origin/ros2 [1ms]
2024-12-12 12:21:09.898 [info] > git for-each-ref --sort -committerdate --format %(refname) %(objectname) %(*objectname) [2ms]
2024-12-12 12:21:09.947 [info] > git status -z -uall [54ms]
2024-12-12 12:21:14.958 [info] > git config --get commit.template [3ms]
2024-12-12 12:21:14.959 [info] > git for-each-ref --format=%(refname)%00%(upstream:short)%00%(objectname)%00%(upstream:track)%00%(upstream:remotename)%00%(upstream:remoteref) refs/heads/ros2 refs/remotes/ros2 [2ms]
2024-12-12 12:21:14.961 [warning] [Git][revParse] Unable to read file: ENOENT: no such file or directory, open '/root/ros2_ws/src/sjtu_drone/.git/refs/remotes/origin/ros2'
2024-12-12 12:21:14.962 [info] > git rev-parse refs/remotes/origin/ros2 [1ms]
2024-12-12 12:21:14.967 [info] > git for-each-ref --sort -committerdate --format %(refname) %(objectname) %(*objectname) [1ms]
2024-12-12 12:21:14.974 [info] > git status -z -uall [10ms]
2024-12-12 12:21:19.986 [info] > git config --get commit.template [3ms]
2024-12-12 12:21:19.986 [info] > git for-each-ref --format=%(refname)%00%(upstream:short)%00%(objectname)%00%(upstream:track)%00%(upstream:remotename)%00%(upstream:remoteref) refs/heads/ros2 refs/remotes/ros2 [1ms]
2024-12-12 12:21:19.989 [warning] [Git][revParse] Unable to read file: ENOENT: no such file or directory, open '/root/ros2_ws/src/sjtu_drone/.git/refs/remotes/origin/ros2'
2024-12-12 12:21:19.989 [info] > git rev-parse refs/remotes/origin/ros2 [0ms]
2024-12-12 12:21:19.995 [info] > git for-each-ref --sort -committerdate --format %(refname) %(objectname) %(*objectname) [1ms]
2024-12-12 12:21:20.002 [info] > git status -z -uall [11ms]
2024-12-12 12:26:02.763 [info] > git config --get commit.template [3ms]
2024-12-12 12:26:02.764 [info] > git for-each-ref --format=%(refname)%00%(upstream:short)%00%(objectname)%00%(upstream:track)%00%(upstream:remotename)%00%(upstream:remoteref) refs/heads/ros2 refs/remotes/ros2 [2ms]
2024-12-12 12:26:02.766 [warning] [Git][revParse] Unable to read file: ENOENT: no such file or directory, open '/root/ros2_ws/src/sjtu_drone/.git/refs/remotes/origin/ros2'
2024-12-12 12:26:02.767 [info] > git rev-parse refs/remotes/origin/ros2 [1ms]
2024-12-12 12:26:02.774 [info] > git for-each-ref --sort -committerdate --format %(refname) %(objectname) %(*objectname) [1ms]
2024-12-12 12:26:02.781 [info] > git status -z -uall [11ms]
2024-12-12 12:35:13.602 [info] > git show --textconv :drone_area_scanner/drone_area_scanner/drone_area_scanner_node.py [20ms]
2024-12-12 12:35:13.603 [info] > git ls-files --stage -- /root/ros2_ws/src/sjtu_drone/drone_area_scanner/drone_area_scanner/drone_area_scanner_node.py [13ms]
2024-12-12 12:35:22.084 [info] > git show --textconv :ai_model_node/ai_model_node/classify_image.py [6ms]
2024-12-12 12:35:22.085 [info] > git ls-files --stage -- /root/ros2_ws/src/sjtu_drone/ai_model_node/ai_model_node/classify_image.py [2ms]
2024-12-12 12:49:04.835 [info] > git config --get commit.template [10ms]
2024-12-12 12:49:04.839 [info] > git for-each-ref --format=%(refname)%00%(upstream:short)%00%(objectname)%00%(upstream:track)%00%(upstream:remotename)%00%(upstream:remoteref) refs/heads/ros2 refs/remotes/ros2 [9ms]
2024-12-12 12:49:04.842 [warning] [Git][revParse] Unable to read file: ENOENT: no such file or directory, open '/root/ros2_ws/src/sjtu_drone/.git/refs/remotes/origin/ros2'
2024-12-12 12:49:04.844 [info] > git rev-parse refs/remotes/origin/ros2 [2ms]
2024-12-12 12:49:04.852 [info] > git for-each-ref --sort -committerdate --format %(refname) %(objectname) %(*objectname) [2ms]
2024-12-12 12:49:04.900 [info] > git status -z -uall [54ms]
2024-12-12 12:49:33.055 [info] > git config --get commit.template [1ms]
2024-12-12 12:49:33.059 [info] > git for-each-ref --format=%(refname)%00%(upstream:short)%00%(objectname)%00%(upstream:track)%00%(upstream:remotename)%00%(upstream:remoteref) refs/heads/ros2 refs/remotes/ros2 [1ms]
2024-12-12 12:49:33.061 [warning] [Git][revParse] Unable to read file: ENOENT: no such file or directory, open '/root/ros2_ws/src/sjtu_drone/.git/refs/remotes/origin/ros2'
2024-12-12 12:49:33.062 [info] > git rev-parse refs/remotes/origin/ros2 [1ms]
2024-12-12 12:49:33.069 [info] > git for-each-ref --sort -committerdate --format %(refname) %(objectname) %(*objectname) [2ms]
2024-12-12 12:49:33.075 [info] > git status -z -uall [10ms]
