[3.215s] Invoking command in '/root/ros2_ws/src/sjtu_drone/sjtu_drone_control': PYTHONPATH=/root/ros2_ws/build/sjtu_drone_control/prefix_override:/usr/lib/python3/dist-packages/colcon_core/task/python/colcon_distutils_commands:/root/ros2_ws/install/sjtu_drone_control/lib/python3.10/site-packages:${PYTHONPATH} /usr/bin/python3 -W ignore:setup.py install is deprecated setup.py egg_info --egg-base ../../../build/sjtu_drone_control build --build-base /root/ros2_ws/build/sjtu_drone_control/build install --record /root/ros2_ws/build/sjtu_drone_control/install.log --single-version-externally-managed install_data
[3.885s] running egg_info
[3.886s] writing ../../../build/sjtu_drone_control/sjtu_drone_control.egg-info/PKG-INFO
[3.888s] writing dependency_links to ../../../build/sjtu_drone_control/sjtu_drone_control.egg-info/dependency_links.txt
[3.890s] writing entry points to ../../../build/sjtu_drone_control/sjtu_drone_control.egg-info/entry_points.txt
[3.890s] writing requirements to ../../../build/sjtu_drone_control/sjtu_drone_control.egg-info/requires.txt
[3.891s] writing top-level names to ../../../build/sjtu_drone_control/sjtu_drone_control.egg-info/top_level.txt
[3.894s] reading manifest file '../../../build/sjtu_drone_control/sjtu_drone_control.egg-info/SOURCES.txt'
[3.904s] writing manifest file '../../../build/sjtu_drone_control/sjtu_drone_control.egg-info/SOURCES.txt'
[3.908s] running build
[3.912s] running build_py
[3.913s] running install
[3.914s] running install_lib
[3.915s] running install_data
[3.915s] running install_egg_info
[3.915s] removing '/root/ros2_ws/install/sjtu_drone_control/lib/python3.10/site-packages/sjtu_drone_control-0.0.0-py3.10.egg-info' (and everything under it)
[3.915s] Copying ../../../build/sjtu_drone_control/sjtu_drone_control.egg-info to /root/ros2_ws/install/sjtu_drone_control/lib/python3.10/site-packages/sjtu_drone_control-0.0.0-py3.10.egg-info
[3.915s] running install_scripts
[3.980s] Installing drone_position_control script to /root/ros2_ws/install/sjtu_drone_control/lib/sjtu_drone_control
[3.980s] Installing open_loop_control script to /root/ros2_ws/install/sjtu_drone_control/lib/sjtu_drone_control
[3.980s] Installing teleop script to /root/ros2_ws/install/sjtu_drone_control/lib/sjtu_drone_control
[3.980s] Installing teleop_joystick script to /root/ros2_ws/install/sjtu_drone_control/lib/sjtu_drone_control
[3.981s] writing list of installed files to '/root/ros2_ws/build/sjtu_drone_control/install.log'
[4.061s] Invoked command in '/root/ros2_ws/src/sjtu_drone/sjtu_drone_control' returned '0': PYTHONPATH=/root/ros2_ws/build/sjtu_drone_control/prefix_override:/usr/lib/python3/dist-packages/colcon_core/task/python/colcon_distutils_commands:/root/ros2_ws/install/sjtu_drone_control/lib/python3.10/site-packages:${PYTHONPATH} /usr/bin/python3 -W ignore:setup.py install is deprecated setup.py egg_info --egg-base ../../../build/sjtu_drone_control build --build-base /root/ros2_ws/build/sjtu_drone_control/build install --record /root/ros2_ws/build/sjtu_drone_control/install.log --single-version-externally-managed install_data
