[0.924s] Invoking command in '/root/ros2_ws/build/sjtu_drone_description': CMAKE_PREFIX_PATH=${CMAKE_PREFIX_PATH}:/root/ros2_ws/install/sjtu_drone_control:/root/ros2_ws/install/sjtu_drone_bringup:/root/ros2_ws/install/drone_area_scanner:/root/ros2_ws/install/ai_model_node:/opt/ros/humble PS1=(my_env) \[\e]0;\u@\h: \w\a\]${debian_chroot:+($debian_chroot)}\u@\h:\w\$ VIRTUAL_ENV_PROMPT=(my_env) /usr/bin/cmake --build /root/ros2_ws/build/sjtu_drone_description -- -j12 -l12
[1.236s] [100%] Built target plugin_drone
[1.247s] Invoked command in '/root/ros2_ws/build/sjtu_drone_description' returned '0': CMAKE_PREFIX_PATH=${CMAKE_PREFIX_PATH}:/root/ros2_ws/install/sjtu_drone_control:/root/ros2_ws/install/sjtu_drone_bringup:/root/ros2_ws/install/drone_area_scanner:/root/ros2_ws/install/ai_model_node:/opt/ros/humble PS1=(my_env) \[\e]0;\u@\h: \w\a\]${debian_chroot:+($debian_chroot)}\u@\h:\w\$ VIRTUAL_ENV_PROMPT=(my_env) /usr/bin/cmake --build /root/ros2_ws/build/sjtu_drone_description -- -j12 -l12
[1.283s] Invoking command in '/root/ros2_ws/build/sjtu_drone_description': CMAKE_PREFIX_PATH=${CMAKE_PREFIX_PATH}:/root/ros2_ws/install/sjtu_drone_control:/root/ros2_ws/install/sjtu_drone_bringup:/root/ros2_ws/install/drone_area_scanner:/root/ros2_ws/install/ai_model_node:/opt/ros/humble PS1=(my_env) \[\e]0;\u@\h: \w\a\]${debian_chroot:+($debian_chroot)}\u@\h:\w\$ VIRTUAL_ENV_PROMPT=(my_env) /usr/bin/cmake --install /root/ros2_ws/build/sjtu_drone_description
[1.290s] -- Install configuration: ""
[1.292s] -- Execute custom install script
[1.293s] -- Up-to-date symlink: /root/ros2_ws/install/sjtu_drone_description/include/sjtu_drone_description/pid_controller.h
[1.293s] -- Up-to-date symlink: /root/ros2_ws/install/sjtu_drone_description/include/sjtu_drone_description/plugin_drone.h
[1.293s] -- Up-to-date symlink: /root/ros2_ws/install/sjtu_drone_description/include/sjtu_drone_description/plugin_drone_private.h
[1.293s] -- Up-to-date symlink: /root/ros2_ws/install/sjtu_drone_description/share/sjtu_drone_description/environment/library_path.sh
[1.294s] -- Up-to-date symlink: /root/ros2_ws/install/sjtu_drone_description/share/sjtu_drone_description/environment/library_path.dsv
[1.294s] -- Up-to-date symlink: /root/ros2_ws/install/sjtu_drone_description/share/sjtu_drone_description/models/database.config
[1.294s] -- Up-to-date symlink: /root/ros2_ws/install/sjtu_drone_description/share/sjtu_drone_description/models/sjtu_drone/model.config
[1.294s] -- Up-to-date symlink: /root/ros2_ws/install/sjtu_drone_description/share/sjtu_drone_description/models/sjtu_drone/quadrotor_4.dae
[1.295s] -- Up-to-date symlink: /root/ros2_ws/install/sjtu_drone_description/share/sjtu_drone_description/models/sjtu_drone/quadrotor_4.stl
[1.295s] -- Up-to-date symlink: /root/ros2_ws/install/sjtu_drone_description/share/sjtu_drone_description/models/sjtu_drone/sjtu_drone.sdf
[1.295s] -- Up-to-date symlink: /root/ros2_ws/install/sjtu_drone_description/share/sjtu_drone_description/urdf/sjtu_drone.urdf
[1.296s] -- Up-to-date symlink: /root/ros2_ws/install/sjtu_drone_description/share/sjtu_drone_description/urdf/sjtu_drone.urdf.xacro
[1.296s] -- Up-to-date symlink: /root/ros2_ws/install/sjtu_drone_description/share/sjtu_drone_description/worlds/playground.world
[1.296s] -- Up-to-date symlink: /root/ros2_ws/install/sjtu_drone_description/share/sjtu_drone_description/worlds/wheat_field.world
[1.296s] -- Up-to-date symlink: /root/ros2_ws/install/sjtu_drone_description/share/ament_index/resource_index/package_run_dependencies/sjtu_drone_description
[1.296s] -- Up-to-date symlink: /root/ros2_ws/install/sjtu_drone_description/share/ament_index/resource_index/parent_prefix_path/sjtu_drone_description
[1.297s] -- Up-to-date symlink: /root/ros2_ws/install/sjtu_drone_description/share/sjtu_drone_description/environment/ament_prefix_path.sh
[1.297s] -- Up-to-date symlink: /root/ros2_ws/install/sjtu_drone_description/share/sjtu_drone_description/environment/ament_prefix_path.dsv
[1.297s] -- Up-to-date symlink: /root/ros2_ws/install/sjtu_drone_description/share/sjtu_drone_description/environment/path.sh
[1.297s] -- Up-to-date symlink: /root/ros2_ws/install/sjtu_drone_description/share/sjtu_drone_description/environment/path.dsv
[1.297s] -- Up-to-date symlink: /root/ros2_ws/install/sjtu_drone_description/share/sjtu_drone_description/local_setup.bash
[1.297s] -- Up-to-date symlink: /root/ros2_ws/install/sjtu_drone_description/share/sjtu_drone_description/local_setup.sh
[1.297s] -- Up-to-date symlink: /root/ros2_ws/install/sjtu_drone_description/share/sjtu_drone_description/local_setup.zsh
[1.297s] -- Up-to-date symlink: /root/ros2_ws/install/sjtu_drone_description/share/sjtu_drone_description/local_setup.dsv
[1.297s] -- Symlinking: /root/ros2_ws/install/sjtu_drone_description/share/sjtu_drone_description/package.dsv
[1.305s] -- Up-to-date symlink: /root/ros2_ws/install/sjtu_drone_description/share/ament_index/resource_index/packages/sjtu_drone_description
[1.305s] -- Up-to-date symlink: /root/ros2_ws/install/sjtu_drone_description/share/sjtu_drone_description/cmake/ament_cmake_export_include_directories-extras.cmake
[1.305s] -- Up-to-date symlink: /root/ros2_ws/install/sjtu_drone_description/share/sjtu_drone_description/cmake/ament_cmake_export_libraries-extras.cmake
[1.305s] -- Up-to-date symlink: /root/ros2_ws/install/sjtu_drone_description/share/sjtu_drone_description/cmake/ament_cmake_export_targets-extras.cmake
[1.305s] -- Up-to-date symlink: /root/ros2_ws/install/sjtu_drone_description/share/sjtu_drone_description/cmake/sjtu_drone_descriptionConfig.cmake
[1.305s] -- Up-to-date symlink: /root/ros2_ws/install/sjtu_drone_description/share/sjtu_drone_description/cmake/sjtu_drone_descriptionConfig-version.cmake
[1.305s] -- Up-to-date symlink: /root/ros2_ws/install/sjtu_drone_description/share/sjtu_drone_description/package.xml
[1.306s] -- Up-to-date: /root/ros2_ws/install/sjtu_drone_description/lib/libplugin_drone.so
[1.307s] -- Up-to-date: /root/ros2_ws/install/sjtu_drone_description/share/sjtu_drone_description/cmake/export_sjtu_drone_descriptionExport.cmake
[1.308s] -- Up-to-date: /root/ros2_ws/install/sjtu_drone_description/share/sjtu_drone_description/cmake/export_sjtu_drone_descriptionExport-noconfig.cmake
[1.310s] Invoked command in '/root/ros2_ws/build/sjtu_drone_description' returned '0': CMAKE_PREFIX_PATH=${CMAKE_PREFIX_PATH}:/root/ros2_ws/install/sjtu_drone_control:/root/ros2_ws/install/sjtu_drone_bringup:/root/ros2_ws/install/drone_area_scanner:/root/ros2_ws/install/ai_model_node:/opt/ros/humble PS1=(my_env) \[\e]0;\u@\h: \w\a\]${debian_chroot:+($debian_chroot)}\u@\h:\w\$ VIRTUAL_ENV_PROMPT=(my_env) /usr/bin/cmake --install /root/ros2_ws/build/sjtu_drone_description
