[1.963s] Invoking command in '/root/ros2_ws/build/sjtu_drone_description': CMAKE_PREFIX_PATH=${CMAKE_PREFIX_PATH}:/root/ros2_ws/install/sjtu_drone_control:/root/ros2_ws/install/sjtu_drone_bringup:/root/ros2_ws/install/drone_area_scanner:/root/ros2_ws/install/ai_model_node:/opt/ros/humble /usr/bin/cmake /root/ros2_ws/src/sjtu_drone/sjtu_drone_description -DAMENT_CMAKE_SYMLINK_INSTALL=1 -DCMAKE_INSTALL_PREFIX=/root/ros2_ws/install/sjtu_drone_description
[2.055s] -- Found ament_cmake: 1.3.10 (/opt/ros/humble/share/ament_cmake/cmake)
[2.498s] -- Override CMake install command with custom implementation using symlinks instead of copying resources
[2.594s] -- Found ament_cmake_ros: 0.10.0 (/opt/ros/humble/share/ament_cmake_ros/cmake)
[2.644s] -- Found rclcpp: 16.0.10 (/opt/ros/humble/share/rclcpp/cmake)
[2.827s] -- Found rosidl_generator_c: 3.1.5 (/opt/ros/humble/share/rosidl_generator_c/cmake)
[2.850s] -- Found rosidl_adapter: 3.1.5 (/opt/ros/humble/share/rosidl_adapter/cmake)
[2.893s] -- Found rosidl_generator_cpp: 3.1.5 (/opt/ros/humble/share/rosidl_generator_cpp/cmake)
[2.965s] -- Using all available rosidl_typesupport_c: rosidl_typesupport_fastrtps_c;rosidl_typesupport_introspection_c
[3.015s] -- Using all available rosidl_typesupport_cpp: rosidl_typesupport_fastrtps_cpp;rosidl_typesupport_introspection_cpp
[3.122s] -- Found rmw_implementation_cmake: 6.1.2 (/opt/ros/humble/share/rmw_implementation_cmake/cmake)
[3.137s] -- Found rmw_fastrtps_cpp: 6.2.7 (/opt/ros/humble/share/rmw_fastrtps_cpp/cmake)
[3.562s] -- Using RMW implementation 'rmw_fastrtps_cpp' as default
[3.794s] -- Found gazebo_ros: 3.7.0 (/opt/ros/humble/share/gazebo_ros/cmake)
[3.914s] -- Found DART: /usr/include (Required is at least version "6.6") found components: dart 
[4.058s] -- Found Protobuf: /usr/lib/x86_64-linux-gnu/libprotobuf.so (found version "3.12.4") 
[4.069s] -- Looking for ignition-math6 -- found version 6.15.1
[4.107s] -- Searching for dependencies of ignition-math6
[4.112s] -- Looking for OGRE...
[4.124s] -- Found Ogre Ghadamon (1.9.0)
[4.143s] -- Looking for OGRE_Paging...
[4.144s] -- Found OGRE_Paging: optimized;/usr/lib/x86_64-linux-gnu/libOgrePaging.so;debug;/usr/lib/x86_64-linux-gnu/libOgrePaging.so
[4.145s] -- Looking for OGRE_Terrain...
[4.146s] -- Found OGRE_Terrain: optimized;/usr/lib/x86_64-linux-gnu/libOgreTerrain.so;debug;/usr/lib/x86_64-linux-gnu/libOgreTerrain.so
[4.146s] -- Looking for OGRE_Property...
[4.146s] -- Found OGRE_Property: optimized;/usr/lib/x86_64-linux-gnu/libOgreProperty.so;debug;/usr/lib/x86_64-linux-gnu/libOgreProperty.so
[4.147s] -- Looking for OGRE_RTShaderSystem...
[4.147s] -- Found OGRE_RTShaderSystem: optimized;/usr/lib/x86_64-linux-gnu/libOgreRTShaderSystem.so;debug;/usr/lib/x86_64-linux-gnu/libOgreRTShaderSystem.so
[4.147s] -- Looking for OGRE_Volume...
[4.147s] -- Found OGRE_Volume: optimized;/usr/lib/x86_64-linux-gnu/libOgreVolume.so;debug;/usr/lib/x86_64-linux-gnu/libOgreVolume.so
[4.148s] -- Looking for OGRE_Overlay...
[4.148s] -- Found OGRE_Overlay: optimized;/usr/lib/x86_64-linux-gnu/libOgreOverlay.so;debug;/usr/lib/x86_64-linux-gnu/libOgreOverlay.so
[4.395s] -- Looking for ignition-math6 -- found version 6.15.1
[4.397s] -- Looking for ignition-transport8 -- found version 8.2.1
[4.397s] -- Searching for dependencies of ignition-transport8
[4.423s] -- Found Protobuf: /usr/lib/x86_64-linux-gnu/libprotobuf.so (found suitable version "3.12.4", minimum required is "3") 
[4.442s] -- Config-file not installed for ZeroMQ -- checking for pkg-config
[4.448s] -- Checking for module 'libzmq >= 4'
[4.479s] --   Found libzmq , version 4.3.4
[4.543s] -- Checking for module 'uuid'
[4.569s] --   Found uuid, version 2.37.2
[4.644s] -- Looking for ignition-msgs5 -- found version 5.8.1
[4.646s] -- Searching for dependencies of ignition-msgs5
[4.681s] -- Looking for ignition-math6 -- found version 6.15.1
[4.696s] -- Checking for module 'tinyxml2'
[4.723s] --   Found tinyxml2, version 9.0.0
[4.821s] -- Looking for ignition-msgs5 -- found version 5.8.1
[4.829s] -- Looking for ignition-common3 -- found version 3.14.0
[4.829s] -- Searching for dependencies of ignition-common3
[4.829s] -- Looking for dlfcn.h - found
[4.829s] -- Looking for libdl - found
[4.854s] -- Searching for <ignition-common3> component [graphics]
[4.856s] -- Looking for ignition-common3-graphics -- found version 3.14.0
[4.856s] -- Searching for dependencies of ignition-common3-graphics
[4.857s] -- Looking for ignition-math6 -- found version 6.15.1
[4.862s] -- Looking for ignition-fuel_tools4 -- found version 4.4.0
[4.863s] -- Searching for dependencies of ignition-fuel_tools4
[4.970s] -- Checking for module 'jsoncpp'
[4.995s] --   Found jsoncpp, version 1.9.5
[5.098s] -- Checking for module 'libzip'
[5.124s] --   Found libzip, version 1.7.3
[5.228s] -- Looking for ignition-common3 -- found version 3.14.0
[5.234s] -- Looking for ignition-math6 -- found version 6.15.1
[5.234s] -- Looking for ignition-msgs5 -- found version 5.8.1
[5.257s] -- Gazebo version: 11.10
[5.263s] -- Found gazebo_plugins: 3.7.0 (/opt/ros/humble/share/gazebo_plugins/cmake)
[5.471s] -- Found sensor_msgs: 4.2.4 (/opt/ros/humble/share/sensor_msgs/cmake)
[5.531s] -- Found nav_msgs: 4.2.4 (/opt/ros/humble/share/nav_msgs/cmake)
[5.596s] -- Found tf2: 0.25.7 (/opt/ros/humble/share/tf2/cmake)
[5.613s] -- Found tf2_ros: 0.25.7 (/opt/ros/humble/share/tf2_ros/cmake)
[5.826s] -- Found tf2_geometry_msgs: 0.25.7 (/opt/ros/humble/share/tf2_geometry_msgs/cmake)
[5.834s] -- Found eigen3_cmake_module: 0.1.1 (/opt/ros/humble/share/eigen3_cmake_module/cmake)
[5.836s] -- Ensuring Eigen3 include directory is part of orocos-kdl CMake target
[5.854s] -- Found ament_lint_auto: 0.12.11 (/opt/ros/humble/share/ament_lint_auto/cmake)
[6.109s] -- Added test 'cppcheck' to perform static code analysis on C / C++ code
[6.110s] -- Configured cppcheck include dirs: /root/ros2_ws/src/sjtu_drone/sjtu_drone_description/include;$<BUILD_INTERFACE:/root/ros2_ws/src/sjtu_drone/sjtu_drone_description/include>
[6.111s] -- Configured cppcheck exclude dirs and/or files: 
[6.113s] -- Added test 'lint_cmake' to check CMake code style
[6.116s] -- Added test 'uncrustify' to check C / C++ code style
[6.116s] -- Configured uncrustify additional arguments: 
[6.117s] -- Added test 'xmllint' to check XML markup files
[6.154s] -- Configuring done
[6.266s] -- Generating done
[6.270s] -- Build files have been written to: /root/ros2_ws/build/sjtu_drone_description
[6.296s] Invoked command in '/root/ros2_ws/build/sjtu_drone_description' returned '0': CMAKE_PREFIX_PATH=${CMAKE_PREFIX_PATH}:/root/ros2_ws/install/sjtu_drone_control:/root/ros2_ws/install/sjtu_drone_bringup:/root/ros2_ws/install/drone_area_scanner:/root/ros2_ws/install/ai_model_node:/opt/ros/humble /usr/bin/cmake /root/ros2_ws/src/sjtu_drone/sjtu_drone_description -DAMENT_CMAKE_SYMLINK_INSTALL=1 -DCMAKE_INSTALL_PREFIX=/root/ros2_ws/install/sjtu_drone_description
[6.302s] Invoking command in '/root/ros2_ws/build/sjtu_drone_description': CMAKE_PREFIX_PATH=${CMAKE_PREFIX_PATH}:/root/ros2_ws/install/sjtu_drone_control:/root/ros2_ws/install/sjtu_drone_bringup:/root/ros2_ws/install/drone_area_scanner:/root/ros2_ws/install/ai_model_node:/opt/ros/humble /usr/bin/cmake --build /root/ros2_ws/build/sjtu_drone_description -- -j12 -l12
[6.406s] [35m[1mConsolidate compiler generated dependencies of target plugin_drone[0m
[6.522s] [100%] Built target plugin_drone
[6.550s] Invoked command in '/root/ros2_ws/build/sjtu_drone_description' returned '0': CMAKE_PREFIX_PATH=${CMAKE_PREFIX_PATH}:/root/ros2_ws/install/sjtu_drone_control:/root/ros2_ws/install/sjtu_drone_bringup:/root/ros2_ws/install/drone_area_scanner:/root/ros2_ws/install/ai_model_node:/opt/ros/humble /usr/bin/cmake --build /root/ros2_ws/build/sjtu_drone_description -- -j12 -l12
[6.640s] Invoking command in '/root/ros2_ws/build/sjtu_drone_description': CMAKE_PREFIX_PATH=${CMAKE_PREFIX_PATH}:/root/ros2_ws/install/sjtu_drone_control:/root/ros2_ws/install/sjtu_drone_bringup:/root/ros2_ws/install/drone_area_scanner:/root/ros2_ws/install/ai_model_node:/opt/ros/humble /usr/bin/cmake --install /root/ros2_ws/build/sjtu_drone_description
[6.656s] -- Install configuration: ""
[6.656s] -- Execute custom install script
[6.656s] -- Symlinking: /root/ros2_ws/install/sjtu_drone_description/include/sjtu_drone_description/pid_controller.h
[6.668s] -- Symlinking: /root/ros2_ws/install/sjtu_drone_description/include/sjtu_drone_description/plugin_drone.h
[6.684s] -- Symlinking: /root/ros2_ws/install/sjtu_drone_description/include/sjtu_drone_description/plugin_drone_private.h
[6.702s] -- Symlinking: /root/ros2_ws/install/sjtu_drone_description/share/sjtu_drone_description/environment/library_path.sh
[6.716s] -- Symlinking: /root/ros2_ws/install/sjtu_drone_description/share/sjtu_drone_description/environment/library_path.dsv
[6.726s] -- Symlinking: /root/ros2_ws/install/sjtu_drone_description/share/sjtu_drone_description/models/database.config
[6.747s] -- Symlinking: /root/ros2_ws/install/sjtu_drone_description/share/sjtu_drone_description/models/sjtu_drone/model.config
[6.764s] -- Symlinking: /root/ros2_ws/install/sjtu_drone_description/share/sjtu_drone_description/models/sjtu_drone/quadrotor_4.dae
[6.781s] -- Symlinking: /root/ros2_ws/install/sjtu_drone_description/share/sjtu_drone_description/models/sjtu_drone/quadrotor_4.stl
[6.796s] -- Symlinking: /root/ros2_ws/install/sjtu_drone_description/share/sjtu_drone_description/models/sjtu_drone/sjtu_drone.sdf
[6.814s] -- Symlinking: /root/ros2_ws/install/sjtu_drone_description/share/sjtu_drone_description/urdf/sjtu_drone.urdf
[6.829s] -- Symlinking: /root/ros2_ws/install/sjtu_drone_description/share/sjtu_drone_description/urdf/sjtu_drone.urdf.xacro
[6.860s] -- Symlinking: /root/ros2_ws/install/sjtu_drone_description/share/sjtu_drone_description/worlds/playground.world
[6.871s] -- Symlinking: /root/ros2_ws/install/sjtu_drone_description/share/ament_index/resource_index/package_run_dependencies/sjtu_drone_description
[6.883s] -- Symlinking: /root/ros2_ws/install/sjtu_drone_description/share/ament_index/resource_index/parent_prefix_path/sjtu_drone_description
[6.895s] -- Symlinking: /root/ros2_ws/install/sjtu_drone_description/share/sjtu_drone_description/environment/ament_prefix_path.sh
[6.910s] -- Symlinking: /root/ros2_ws/install/sjtu_drone_description/share/sjtu_drone_description/environment/ament_prefix_path.dsv
[6.927s] -- Symlinking: /root/ros2_ws/install/sjtu_drone_description/share/sjtu_drone_description/environment/path.sh
[6.940s] -- Symlinking: /root/ros2_ws/install/sjtu_drone_description/share/sjtu_drone_description/environment/path.dsv
[6.954s] -- Symlinking: /root/ros2_ws/install/sjtu_drone_description/share/sjtu_drone_description/local_setup.bash
[6.965s] -- Symlinking: /root/ros2_ws/install/sjtu_drone_description/share/sjtu_drone_description/local_setup.sh
[6.981s] -- Symlinking: /root/ros2_ws/install/sjtu_drone_description/share/sjtu_drone_description/local_setup.zsh
[6.997s] -- Symlinking: /root/ros2_ws/install/sjtu_drone_description/share/sjtu_drone_description/local_setup.dsv
[7.012s] -- Symlinking: /root/ros2_ws/install/sjtu_drone_description/share/sjtu_drone_description/package.dsv
[7.027s] -- Symlinking: /root/ros2_ws/install/sjtu_drone_description/share/ament_index/resource_index/packages/sjtu_drone_description
[7.041s] -- Symlinking: /root/ros2_ws/install/sjtu_drone_description/share/sjtu_drone_description/cmake/ament_cmake_export_include_directories-extras.cmake
[7.059s] -- Symlinking: /root/ros2_ws/install/sjtu_drone_description/share/sjtu_drone_description/cmake/ament_cmake_export_libraries-extras.cmake
[7.071s] -- Symlinking: /root/ros2_ws/install/sjtu_drone_description/share/sjtu_drone_description/cmake/ament_cmake_export_targets-extras.cmake
[7.086s] -- Symlinking: /root/ros2_ws/install/sjtu_drone_description/share/sjtu_drone_description/cmake/sjtu_drone_descriptionConfig.cmake
[7.100s] -- Symlinking: /root/ros2_ws/install/sjtu_drone_description/share/sjtu_drone_description/cmake/sjtu_drone_descriptionConfig-version.cmake
[7.113s] -- Symlinking: /root/ros2_ws/install/sjtu_drone_description/share/sjtu_drone_description/package.xml
[7.131s] -- Up-to-date: /root/ros2_ws/install/sjtu_drone_description/lib/libplugin_drone.so
[7.132s] -- Up-to-date: /root/ros2_ws/install/sjtu_drone_description/share/sjtu_drone_description/cmake/export_sjtu_drone_descriptionExport.cmake
[7.133s] -- Up-to-date: /root/ros2_ws/install/sjtu_drone_description/share/sjtu_drone_description/cmake/export_sjtu_drone_descriptionExport-noconfig.cmake
[7.135s] Invoked command in '/root/ros2_ws/build/sjtu_drone_description' returned '0': CMAKE_PREFIX_PATH=${CMAKE_PREFIX_PATH}:/root/ros2_ws/install/sjtu_drone_control:/root/ros2_ws/install/sjtu_drone_bringup:/root/ros2_ws/install/drone_area_scanner:/root/ros2_ws/install/ai_model_node:/opt/ros/humble /usr/bin/cmake --install /root/ros2_ws/build/sjtu_drone_description
