[3.168s] Invoking command in '/root/ros2_ws/src/sjtu_drone/sjtu_drone_bringup': PYTHONPATH=/root/ros2_ws/build/sjtu_drone_bringup/prefix_override:/usr/lib/python3/dist-packages/colcon_core/task/python/colcon_distutils_commands:/root/ros2_ws/install/sjtu_drone_bringup/lib/python3.10/site-packages:${PYTHONPATH} /usr/bin/python3 -W ignore:setup.py install is deprecated setup.py egg_info --egg-base ../../../build/sjtu_drone_bringup build --build-base /root/ros2_ws/build/sjtu_drone_bringup/build install --record /root/ros2_ws/build/sjtu_drone_bringup/install.log --single-version-externally-managed install_data
[3.808s] running egg_info
[3.809s] writing ../../../build/sjtu_drone_bringup/sjtu_drone_bringup.egg-info/PKG-INFO
[3.810s] writing dependency_links to ../../../build/sjtu_drone_bringup/sjtu_drone_bringup.egg-info/dependency_links.txt
[3.810s] writing entry points to ../../../build/sjtu_drone_bringup/sjtu_drone_bringup.egg-info/entry_points.txt
[3.810s] writing requirements to ../../../build/sjtu_drone_bringup/sjtu_drone_bringup.egg-info/requires.txt
[3.811s] writing top-level names to ../../../build/sjtu_drone_bringup/sjtu_drone_bringup.egg-info/top_level.txt
[3.814s] reading manifest file '../../../build/sjtu_drone_bringup/sjtu_drone_bringup.egg-info/SOURCES.txt'
[3.820s] writing manifest file '../../../build/sjtu_drone_bringup/sjtu_drone_bringup.egg-info/SOURCES.txt'
[3.828s] running build
[3.829s] running build_py
[3.829s] running install
[3.830s] running install_lib
[3.832s] running install_data
[3.832s] running install_egg_info
[3.835s] removing '/root/ros2_ws/install/sjtu_drone_bringup/lib/python3.10/site-packages/sjtu_drone_bringup-0.0.0-py3.10.egg-info' (and everything under it)
[3.835s] Copying ../../../build/sjtu_drone_bringup/sjtu_drone_bringup.egg-info to /root/ros2_ws/install/sjtu_drone_bringup/lib/python3.10/site-packages/sjtu_drone_bringup-0.0.0-py3.10.egg-info
[3.840s] running install_scripts
[3.896s] Installing spawn_drone script to /root/ros2_ws/install/sjtu_drone_bringup/lib/sjtu_drone_bringup
[3.897s] writing list of installed files to '/root/ros2_ws/build/sjtu_drone_bringup/install.log'
[3.974s] Invoked command in '/root/ros2_ws/src/sjtu_drone/sjtu_drone_bringup' returned '0': PYTHONPATH=/root/ros2_ws/build/sjtu_drone_bringup/prefix_override:/usr/lib/python3/dist-packages/colcon_core/task/python/colcon_distutils_commands:/root/ros2_ws/install/sjtu_drone_bringup/lib/python3.10/site-packages:${PYTHONPATH} /usr/bin/python3 -W ignore:setup.py install is deprecated setup.py egg_info --egg-base ../../../build/sjtu_drone_bringup build --build-base /root/ros2_ws/build/sjtu_drone_bringup/build install --record /root/ros2_ws/build/sjtu_drone_bringup/install.log --single-version-externally-managed install_data
