[1.072s] Invoking command in '/root/ros2_ws/src/sjtu_drone/drone_area_scanner': PYTHONPATH=/root/ros2_ws/build/drone_area_scanner/prefix_override:/usr/lib/python3/dist-packages/colcon_core/task/python/colcon_distutils_commands:/root/ros2_ws/install/drone_area_scanner/lib/python3.10/site-packages:${PYTHONPATH} /usr/bin/python3 -W ignore:setup.py install is deprecated setup.py egg_info --egg-base ../../../build/drone_area_scanner build --build-base /root/ros2_ws/build/drone_area_scanner/build install --record /root/ros2_ws/build/drone_area_scanner/install.log --single-version-externally-managed install_data
[1.258s] running egg_info
[1.258s] writing ../../../build/drone_area_scanner/drone_area_scanner.egg-info/PKG-INFO
[1.259s] writing dependency_links to ../../../build/drone_area_scanner/drone_area_scanner.egg-info/dependency_links.txt
[1.259s] writing entry points to ../../../build/drone_area_scanner/drone_area_scanner.egg-info/entry_points.txt
[1.260s] writing requirements to ../../../build/drone_area_scanner/drone_area_scanner.egg-info/requires.txt
[1.260s] writing top-level names to ../../../build/drone_area_scanner/drone_area_scanner.egg-info/top_level.txt
[1.261s] reading manifest file '../../../build/drone_area_scanner/drone_area_scanner.egg-info/SOURCES.txt'
[1.262s] writing manifest file '../../../build/drone_area_scanner/drone_area_scanner.egg-info/SOURCES.txt'
[1.263s] running build
[1.263s] running build_py
[1.263s] copying drone_area_scanner/drone_area_scanner_node.py -> /root/ros2_ws/build/drone_area_scanner/build/lib/drone_area_scanner
[1.265s] running install
[1.266s] running install_lib
[1.266s] copying /root/ros2_ws/build/drone_area_scanner/build/lib/drone_area_scanner/drone_area_scanner_node.py -> /root/ros2_ws/install/drone_area_scanner/lib/python3.10/site-packages/drone_area_scanner
[1.267s] byte-compiling /root/ros2_ws/install/drone_area_scanner/lib/python3.10/site-packages/drone_area_scanner/drone_area_scanner_node.py to drone_area_scanner_node.cpython-310.pyc
[1.269s] running install_data
[1.269s] running install_egg_info
[1.271s] removing '/root/ros2_ws/install/drone_area_scanner/lib/python3.10/site-packages/drone_area_scanner-0.0.0-py3.10.egg-info' (and everything under it)
[1.271s] Copying ../../../build/drone_area_scanner/drone_area_scanner.egg-info to /root/ros2_ws/install/drone_area_scanner/lib/python3.10/site-packages/drone_area_scanner-0.0.0-py3.10.egg-info
[1.272s] running install_scripts
[1.291s] Installing scanner_node script to /root/ros2_ws/install/drone_area_scanner/lib/drone_area_scanner
[1.291s] writing list of installed files to '/root/ros2_ws/build/drone_area_scanner/install.log'
[1.330s] Invoked command in '/root/ros2_ws/src/sjtu_drone/drone_area_scanner' returned '0': PYTHONPATH=/root/ros2_ws/build/drone_area_scanner/prefix_override:/usr/lib/python3/dist-packages/colcon_core/task/python/colcon_distutils_commands:/root/ros2_ws/install/drone_area_scanner/lib/python3.10/site-packages:${PYTHONPATH} /usr/bin/python3 -W ignore:setup.py install is deprecated setup.py egg_info --egg-base ../../../build/drone_area_scanner build --build-base /root/ros2_ws/build/drone_area_scanner/build install --record /root/ros2_ws/build/drone_area_scanner/install.log --single-version-externally-managed install_data
