2024-12-10 08:19:22.502 [info] Extension host with pid 7055 started
2024-12-10 08:19:22.569 [info] ExtensionService#_doActivateExtension vscode.git-base, startup: true, activationEvent: '*', root cause: vscode.git
2024-12-10 08:19:22.582 [info] ExtensionService#_doActivateExtension vscode.git, startup: true, activationEvent: '*'
2024-12-10 08:19:22.745 [info] ExtensionService#_doActivateExtension vscode.github, startup: true, activationEvent: '*'
2024-12-10 08:19:23.861 [info] Eager extensions activated
2024-12-10 08:19:24.076 [info] ExtensionService#_doActivateExtension vscode.debug-auto-launch, startup: false, activationEvent: 'onStartupFinished'
2024-12-10 08:19:24.082 [info] ExtensionService#_doActivateExtension vscode.merge-conflict, startup: false, activationEvent: 'onStartupFinished'
2024-12-10 08:19:48.968 [info] Extension host terminating: renderer closed the MessagePort
2024-12-10 08:19:49.017 [info] Extension host with pid 7055 exiting with code 0
2024-12-10 08:19:52.942 [info] Extension host with pid 7106 started
2024-12-10 08:19:52.942 [info] Skipping acquiring lock for /root/ros2_ws/~/vscode-root/User/workspaceStorage/6b5ebf9f3eb201a3c252ac33296f391a.
2024-12-10 08:19:53.399 [info] ExtensionService#_doActivateExtension vscode.git-base, startup: true, activationEvent: '*'
2024-12-10 08:19:53.492 [info] ExtensionService#_doActivateExtension vscode.github, startup: true, activationEvent: '*'
2024-12-10 08:19:53.689 [info] Eager extensions activated
2024-12-10 08:19:54.072 [info] ExtensionService#_doActivateExtension vscode.debug-auto-launch, startup: false, activationEvent: 'onStartupFinished'
2024-12-10 08:19:54.079 [info] ExtensionService#_doActivateExtension vscode.merge-conflict, startup: false, activationEvent: 'onStartupFinished'
2024-12-10 08:20:01.904 [info] ExtensionService#_doActivateExtension vscode.git, startup: false, activationEvent: 'api', root cause: vscode.github
2024-12-10 08:20:11.850 [info] ExtensionService#_doActivateExtension ms-python.python, startup: false, activationEvent: 'onLanguage:python', root cause: ms-python.debugpy
2024-12-10 08:20:12.750 [info] ExtensionService#_doActivateExtension vscode.emmet, startup: false, activationEvent: 'onLanguage'
2024-12-10 08:20:13.311 [info] ExtensionService#_doActivateExtension vscode.github-authentication, startup: false, activationEvent: 'onAuthenticationRequest:github'
2024-12-10 08:20:14.058 [info] ExtensionService#_doActivateExtension ms-python.debugpy, startup: false, activationEvent: 'onLanguage:python'
2024-12-10 08:20:14.314 [info] ExtensionService#_doActivateExtension ms-python.vscode-pylance, startup: false, activationEvent: 'onLanguage:python'
