[3.168s] Invoking command in '/root/ros2_ws/src/sjtu_drone/drone_area_scanner': PYTHONPATH=/root/ros2_ws/build/drone_area_scanner/prefix_override:/usr/lib/python3/dist-packages/colcon_core/task/python/colcon_distutils_commands:/root/ros2_ws/install/drone_area_scanner/lib/python3.10/site-packages:${PYTHONPATH} /usr/bin/python3 -W ignore:setup.py install is deprecated setup.py egg_info --egg-base ../../../build/drone_area_scanner build --build-base /root/ros2_ws/build/drone_area_scanner/build install --record /root/ros2_ws/build/drone_area_scanner/install.log --single-version-externally-managed install_data
[3.753s] running egg_info
[3.756s] writing ../../../build/drone_area_scanner/drone_area_scanner.egg-info/PKG-INFO
[3.759s] writing dependency_links to ../../../build/drone_area_scanner/drone_area_scanner.egg-info/dependency_links.txt
[3.760s] writing entry points to ../../../build/drone_area_scanner/drone_area_scanner.egg-info/entry_points.txt
[3.762s] writing requirements to ../../../build/drone_area_scanner/drone_area_scanner.egg-info/requires.txt
[3.763s] writing top-level names to ../../../build/drone_area_scanner/drone_area_scanner.egg-info/top_level.txt
[3.769s] reading manifest file '../../../build/drone_area_scanner/drone_area_scanner.egg-info/SOURCES.txt'
[3.771s] writing manifest file '../../../build/drone_area_scanner/drone_area_scanner.egg-info/SOURCES.txt'
[3.773s] running build
[3.776s] running build_py
[3.778s] running install
[3.782s] running install_lib
[3.791s] running install_data
[3.791s] running install_egg_info
[3.792s] removing '/root/ros2_ws/install/drone_area_scanner/lib/python3.10/site-packages/drone_area_scanner-0.0.0-py3.10.egg-info' (and everything under it)
[3.794s] Copying ../../../build/drone_area_scanner/drone_area_scanner.egg-info to /root/ros2_ws/install/drone_area_scanner/lib/python3.10/site-packages/drone_area_scanner-0.0.0-py3.10.egg-info
[3.796s] running install_scripts
[3.851s] Installing scanner_node script to /root/ros2_ws/install/drone_area_scanner/lib/drone_area_scanner
[3.852s] writing list of installed files to '/root/ros2_ws/build/drone_area_scanner/install.log'
[3.941s] Invoked command in '/root/ros2_ws/src/sjtu_drone/drone_area_scanner' returned '0': PYTHONPATH=/root/ros2_ws/build/drone_area_scanner/prefix_override:/usr/lib/python3/dist-packages/colcon_core/task/python/colcon_distutils_commands:/root/ros2_ws/install/drone_area_scanner/lib/python3.10/site-packages:${PYTHONPATH} /usr/bin/python3 -W ignore:setup.py install is deprecated setup.py egg_info --egg-base ../../../build/drone_area_scanner build --build-base /root/ros2_ws/build/drone_area_scanner/build install --record /root/ros2_ws/build/drone_area_scanner/install.log --single-version-externally-managed install_data
