[1.283s] Invoking command in '/root/ros2_ws/src/sjtu_drone/sjtu_drone_control': PYTHONPATH=/root/ros2_ws/build/sjtu_drone_control/prefix_override:/usr/lib/python3/dist-packages/colcon_core/task/python/colcon_distutils_commands:/root/ros2_ws/install/sjtu_drone_control/lib/python3.10/site-packages:${PYTHONPATH} /usr/bin/python3 -W ignore:setup.py install is deprecated setup.py egg_info --egg-base ../../../build/sjtu_drone_control build --build-base /root/ros2_ws/build/sjtu_drone_control/build install --record /root/ros2_ws/build/sjtu_drone_control/install.log --single-version-externally-managed install_data
[1.521s] running egg_info
[1.522s] writing ../../../build/sjtu_drone_control/sjtu_drone_control.egg-info/PKG-INFO
[1.523s] writing dependency_links to ../../../build/sjtu_drone_control/sjtu_drone_control.egg-info/dependency_links.txt
[1.523s] writing entry points to ../../../build/sjtu_drone_control/sjtu_drone_control.egg-info/entry_points.txt
[1.524s] writing requirements to ../../../build/sjtu_drone_control/sjtu_drone_control.egg-info/requires.txt
[1.524s] writing top-level names to ../../../build/sjtu_drone_control/sjtu_drone_control.egg-info/top_level.txt
[1.527s] reading manifest file '../../../build/sjtu_drone_control/sjtu_drone_control.egg-info/SOURCES.txt'
[1.529s] writing manifest file '../../../build/sjtu_drone_control/sjtu_drone_control.egg-info/SOURCES.txt'
[1.529s] running build
[1.529s] running build_py
[1.530s] running install
[1.531s] running install_lib
[1.533s] running install_data
[1.534s] running install_egg_info
[1.535s] removing '/root/ros2_ws/install/sjtu_drone_control/lib/python3.10/site-packages/sjtu_drone_control-0.0.0-py3.10.egg-info' (and everything under it)
[1.536s] Copying ../../../build/sjtu_drone_control/sjtu_drone_control.egg-info to /root/ros2_ws/install/sjtu_drone_control/lib/python3.10/site-packages/sjtu_drone_control-0.0.0-py3.10.egg-info
[1.537s] running install_scripts
[1.558s] Installing drone_position_control script to /root/ros2_ws/install/sjtu_drone_control/lib/sjtu_drone_control
[1.559s] Installing open_loop_control script to /root/ros2_ws/install/sjtu_drone_control/lib/sjtu_drone_control
[1.559s] Installing teleop script to /root/ros2_ws/install/sjtu_drone_control/lib/sjtu_drone_control
[1.559s] Installing teleop_joystick script to /root/ros2_ws/install/sjtu_drone_control/lib/sjtu_drone_control
[1.560s] writing list of installed files to '/root/ros2_ws/build/sjtu_drone_control/install.log'
[1.598s] Invoked command in '/root/ros2_ws/src/sjtu_drone/sjtu_drone_control' returned '0': PYTHONPATH=/root/ros2_ws/build/sjtu_drone_control/prefix_override:/usr/lib/python3/dist-packages/colcon_core/task/python/colcon_distutils_commands:/root/ros2_ws/install/sjtu_drone_control/lib/python3.10/site-packages:${PYTHONPATH} /usr/bin/python3 -W ignore:setup.py install is deprecated setup.py egg_info --egg-base ../../../build/sjtu_drone_control build --build-base /root/ros2_ws/build/sjtu_drone_control/build install --record /root/ros2_ws/build/sjtu_drone_control/install.log --single-version-externally-managed install_data
