[3.115s] Invoking command in '/root/ros2_ws/build/sjtu_drone_control': PS1=(my_env) \[\e]0;\u@\h: \w\a\]${debian_chroot:+($debian_chroot)}\u@\h:\w\$ PYTHONPATH=/root/ros2_ws/build/sjtu_drone_control/prefix_override:/usr/lib/python3/dist-packages/colcon_core/task/python/colcon_distutils_commands:/root/ros2_ws/install/sjtu_drone_control/lib/python3.10/site-packages:${PYTHONPATH} VIRTUAL_ENV_PROMPT=(my_env) /usr/bin/python3 -W ignore:setup.py install is deprecated setup.py develop --editable --build-directory /root/ros2_ws/build/sjtu_drone_control/build --no-deps symlink_data
[3.627s] running develop
[3.629s] /root/python_test/my_env/lib/python3.10/site-packages/setuptools/command/easy_install.py:158: EasyInstallDeprecationWarning: easy_install command is deprecated. Use build and pip and other standards-based tools.
[3.630s]   warnings.warn(
[3.977s] running egg_info
[3.978s] writing sjtu_drone_control.egg-info/PKG-INFO
[3.980s] writing dependency_links to sjtu_drone_control.egg-info/dependency_links.txt
[3.982s] writing entry points to sjtu_drone_control.egg-info/entry_points.txt
[3.984s] writing requirements to sjtu_drone_control.egg-info/requires.txt
[3.985s] writing top-level names to sjtu_drone_control.egg-info/top_level.txt
[3.990s] reading manifest file 'sjtu_drone_control.egg-info/SOURCES.txt'
[3.994s] writing manifest file 'sjtu_drone_control.egg-info/SOURCES.txt'
[3.998s] running build_ext
[3.999s] Creating /root/ros2_ws/install/sjtu_drone_control/lib/python3.10/site-packages/sjtu-drone-control.egg-link (link to .)
[4.001s] Installing drone_position_control script to /root/ros2_ws/install/sjtu_drone_control/lib/sjtu_drone_control
[4.002s] Installing open_loop_control script to /root/ros2_ws/install/sjtu_drone_control/lib/sjtu_drone_control
[4.002s] Installing teleop script to /root/ros2_ws/install/sjtu_drone_control/lib/sjtu_drone_control
[4.003s] Installing teleop_joystick script to /root/ros2_ws/install/sjtu_drone_control/lib/sjtu_drone_control
[4.003s] 
[4.003s] Installed /root/ros2_ws/build/sjtu_drone_control
[4.004s] running symlink_data
[4.094s] Invoked command in '/root/ros2_ws/build/sjtu_drone_control' returned '0': PS1=(my_env) \[\e]0;\u@\h: \w\a\]${debian_chroot:+($debian_chroot)}\u@\h:\w\$ PYTHONPATH=/root/ros2_ws/build/sjtu_drone_control/prefix_override:/usr/lib/python3/dist-packages/colcon_core/task/python/colcon_distutils_commands:/root/ros2_ws/install/sjtu_drone_control/lib/python3.10/site-packages:${PYTHONPATH} VIRTUAL_ENV_PROMPT=(my_env) /usr/bin/python3 -W ignore:setup.py install is deprecated setup.py develop --editable --build-directory /root/ros2_ws/build/sjtu_drone_control/build --no-deps symlink_data
