2024-12-18 12:31:12.331 [info] Added views:outline in workbench.view.explorer
2024-12-18 12:31:12.331 [info] Added views:workbench.view.search in workbench.view.search
2024-12-18 12:31:12.331 [info] Added views:workbench.scm in workbench.view.scm
2024-12-18 12:31:12.331 [info] Added views:workbench.panel.markers.view in workbench.panel.markers
2024-12-18 12:31:12.331 [info] Added views:workbench.panel.output in workbench.panel.output
2024-12-18 12:31:12.331 [info] Added views:terminal in terminal
2024-12-18 12:31:12.331 [info] Added views:timeline in workbench.view.explorer
2024-12-18 12:31:12.331 [info] Added views:workbench.explorer.fileView in workbench.view.explorer
2024-12-18 12:31:12.518 [info] Added views:workbench.debug.welcome in workbench.view.debug
2024-12-18 12:31:13.420 [info] Added views:workbench.panel.repl.view in workbench.panel.repl
2024-12-18 12:31:13.936 [info] Added views:workbench.view.testing in workbench.view.extension.test
2024-12-18 12:31:14.107 [info] Added views:~remote.forwardedPorts in ~remote.forwardedPortsContainer
2024-12-18 12:31:14.873 [info] Added views:workbench.scm.history in workbench.view.scm
2024-12-18 12:32:49.834 [info] Removed views:workbench.scm.history from workbench.view.scm
2024-12-18 12:32:49.837 [info] Removed views:workbench.view.testing from workbench.view.extension.test
2024-12-18 12:32:50.369 [info] Added views:outline in workbench.view.explorer
2024-12-18 12:32:50.369 [info] Added views:workbench.view.search in workbench.view.search
2024-12-18 12:32:50.369 [info] Added views:workbench.scm in workbench.view.scm
2024-12-18 12:32:50.369 [info] Added views:workbench.panel.markers.view in workbench.panel.markers
2024-12-18 12:32:50.369 [info] Added views:workbench.panel.output in workbench.panel.output
2024-12-18 12:32:50.369 [info] Added views:terminal in terminal
2024-12-18 12:32:50.369 [info] Added views:timeline in workbench.view.explorer
2024-12-18 12:32:50.369 [info] Added views:workbench.explorer.fileView in workbench.view.explorer
2024-12-18 12:32:50.880 [info] Added views:workbench.debug.welcome in workbench.view.debug
2024-12-18 12:32:50.915 [info] Added views:workbench.panel.repl.view in workbench.panel.repl
2024-12-18 12:32:51.495 [info] Added views:~remote.forwardedPorts in ~remote.forwardedPortsContainer
