2024-12-12 11:37:00.815 [warning] [python]: Couldn't find message for key walkthrough.pythonWelcome.title.
2024-12-12 11:37:00.816 [warning] [python]: Couldn't find message for key walkthrough.pythonWelcome.description.
2024-12-12 11:37:00.816 [warning] [python]: Couldn't find message for key walkthrough.step.python.createPythonFolder.title.
2024-12-12 11:37:00.816 [warning] [python]: Couldn't find message for key walkthrough.step.python.createPythonFolder.description.
2024-12-12 11:37:00.816 [warning] [python]: Couldn't find message for key walkthrough.step.python.createPythonFile.altText.
2024-12-12 11:37:00.816 [warning] [python]: Couldn't find message for key walkthrough.step.python.createPythonFile.title.
2024-12-12 11:37:00.816 [warning] [python]: Couldn't find message for key walkthrough.step.python.createPythonFile.description.
2024-12-12 11:37:00.816 [warning] [python]: Couldn't find message for key walkthrough.step.python.createPythonFile.altText.
2024-12-12 11:37:00.816 [warning] [python]: Couldn't find message for key walkthrough.step.python.installPythonWin8.title.
2024-12-12 11:37:00.816 [warning] [python]: Couldn't find message for key walkthrough.step.python.installPythonWin8.description.
2024-12-12 11:37:00.817 [warning] [python]: Couldn't find message for key walkthrough.step.python.installPythonMac.title.
2024-12-12 11:37:00.817 [warning] [python]: Couldn't find message for key walkthrough.step.python.installPythonMac.description.
2024-12-12 11:37:00.817 [warning] [python]: Couldn't find message for key walkthrough.step.python.installPythonLinux.title.
2024-12-12 11:37:00.817 [warning] [python]: Couldn't find message for key walkthrough.step.python.installPythonLinux.description.
2024-12-12 11:37:00.817 [warning] [python]: Couldn't find message for key walkthrough.step.python.createEnvironment.title.
2024-12-12 11:37:00.817 [warning] [python]: Couldn't find message for key walkthrough.step.python.createEnvironment.description.
2024-12-12 11:37:00.817 [warning] [python]: Couldn't find message for key walkthrough.step.python.createEnvironment.altText.
2024-12-12 11:37:00.817 [warning] [python]: Couldn't find message for key walkthrough.step.python.runAndDebug.title.
2024-12-12 11:37:00.817 [warning] [python]: Couldn't find message for key walkthrough.step.python.runAndDebug.description.
2024-12-12 11:37:00.818 [warning] [python]: Couldn't find message for key walkthrough.step.python.runAndDebug.altText.
2024-12-12 11:37:00.818 [warning] [python]: Couldn't find message for key walkthrough.step.python.learnMoreWithDS.title.
2024-12-12 11:37:00.818 [warning] [python]: Couldn't find message for key walkthrough.step.python.learnMoreWithDS.description.
2024-12-12 11:37:00.818 [warning] [python]: Couldn't find message for key walkthrough.step.python.learnMoreWithDS.altText.
2024-12-12 11:37:00.818 [warning] [python]: Couldn't find message for key walkthrough.pythonDataScienceWelcome.title.
2024-12-12 11:37:00.818 [warning] [python]: Couldn't find message for key walkthrough.pythonDataScienceWelcome.description.
2024-12-12 11:37:00.818 [warning] [python]: Couldn't find message for key walkthrough.step.python.installJupyterExt.title.
2024-12-12 11:37:00.819 [warning] [python]: Couldn't find message for key walkthrough.step.python.installJupyterExt.description.
2024-12-12 11:37:00.819 [warning] [python]: Couldn't find message for key walkthrough.step.python.installJupyterExt.altText.
2024-12-12 11:37:00.819 [warning] [python]: Couldn't find message for key walkthrough.step.python.createNewNotebook.title.
2024-12-12 11:37:00.819 [warning] [python]: Couldn't find message for key walkthrough.step.python.createNewNotebook.description.
2024-12-12 11:37:00.819 [warning] [python]: Couldn't find message for key walkthrough.step.python.createNewNotebook.altText.
2024-12-12 11:37:00.819 [warning] [python]: Couldn't find message for key walkthrough.step.python.openInteractiveWindow.title.
2024-12-12 11:37:00.819 [warning] [python]: Couldn't find message for key walkthrough.step.python.openInteractiveWindow.description.
2024-12-12 11:37:00.819 [warning] [python]: Couldn't find message for key walkthrough.step.python.openInteractiveWindow.altText.
2024-12-12 11:37:00.819 [warning] [python]: Couldn't find message for key walkthrough.step.python.dataScienceLearnMore.title.
2024-12-12 11:37:00.820 [warning] [python]: Couldn't find message for key walkthrough.step.python.dataScienceLearnMore.description.
2024-12-12 11:37:00.820 [warning] [python]: Couldn't find message for key walkthrough.step.python.dataScienceLearnMore.altText.
2024-12-12 11:37:00.820 [warning] [python]: Couldn't find message for key python.command.python.createNewFile.title.
2024-12-12 11:37:00.820 [warning] [python]: Couldn't find message for key python.menu.createNewFile.title.
2024-12-12 11:37:00.820 [warning] [python]: Couldn't find message for key python.command.python.analysis.restartLanguageServer.title.
2024-12-12 11:37:00.820 [warning] [python]: Couldn't find message for key python.command.python.clearCacheAndReload.title.
2024-12-12 11:37:00.820 [warning] [python]: Couldn't find message for key python.command.python.clearWorkspaceInterpreter.title.
2024-12-12 11:37:00.820 [warning] [python]: Couldn't find message for key python.command.python.configureTests.title.
2024-12-12 11:37:00.820 [warning] [python]: Couldn't find message for key python.command.python.createTerminal.title.
2024-12-12 11:37:00.820 [warning] [python]: Couldn't find message for key python.command.python.createEnvironment.title.
2024-12-12 11:37:00.821 [warning] [python]: Couldn't find message for key python.command.python.createEnvironment.title.
2024-12-12 11:37:00.821 [warning] [python]: Couldn't find message for key python.command.python.enableSourceMapSupport.title.
2024-12-12 11:37:00.821 [warning] [python]: Couldn't find message for key python.command.python.execInTerminal.title.
2024-12-12 11:37:00.821 [warning] [python]: Couldn't find message for key python.command.python.execInTerminalIcon.title.
2024-12-12 11:37:00.821 [warning] [python]: Couldn't find message for key python.command.python.execInDedicatedTerminal.title.
2024-12-12 11:37:00.821 [warning] [python]: Couldn't find message for key python.command.python.execSelectionInDjangoShell.title.
2024-12-12 11:37:00.821 [warning] [python]: Couldn't find message for key python.command.python.execSelectionInTerminal.title.
2024-12-12 11:37:00.821 [warning] [python]: Couldn't find message for key python.command.python.execInREPL.title.
2024-12-12 11:37:00.821 [warning] [python]: Couldn't find message for key python.command.python.launchTensorBoard.title.
2024-12-12 11:37:00.821 [warning] [python]: Couldn't find message for key python.command.python.refreshTensorBoard.title.
2024-12-12 11:37:00.821 [warning] [python]: Couldn't find message for key python.command.python.reportIssue.title.
2024-12-12 11:37:00.822 [warning] [python]: Couldn't find message for key python.command.testing.rerunFailedTests.title.
2024-12-12 11:37:00.822 [warning] [python]: Couldn't find message for key python.command.python.setInterpreter.title.
2024-12-12 11:37:00.822 [warning] [python]: Couldn't find message for key python.command.python.startTerminalREPL.title.
2024-12-12 11:37:00.822 [warning] [python]: Couldn't find message for key python.command.python.startNativeREPL.title.
2024-12-12 11:37:00.822 [warning] [python]: Couldn't find message for key python.command.python.viewLanguageServerOutput.title.
2024-12-12 11:37:00.822 [warning] [python]: Couldn't find message for key python.command.python.viewOutput.title.
2024-12-12 11:37:00.822 [warning] [python]: Couldn't find message for key python.command.python.installJupyter.title.
2024-12-12 11:37:00.822 [warning] [python]: Couldn't find message for key python.activeStateToolPath.description.
2024-12-12 11:37:00.823 [warning] [python]: Couldn't find message for key python.autoComplete.extraPaths.description.
2024-12-12 11:37:00.823 [warning] [python]: Couldn't find message for key python.createEnvironment.contentButton.description.
2024-12-12 11:37:00.823 [warning] [python]: Couldn't find message for key python.createEnvironment.trigger.description.
2024-12-12 11:37:00.823 [warning] [python]: Couldn't find message for key python.condaPath.description.
2024-12-12 11:37:00.823 [warning] [python]: Couldn't find message for key python.defaultInterpreterPath.description.
2024-12-12 11:37:00.823 [warning] [python]: Couldn't find message for key python.diagnostics.sourceMapsEnabled.description.
2024-12-12 11:37:00.823 [warning] [python]: Couldn't find message for key python.envFile.description.
2024-12-12 11:37:00.824 [warning] [python]: Couldn't find message for key python.experiments.enabled.description.
2024-12-12 11:37:00.824 [warning] [python]: Couldn't find message for key python.experiments.optInto.description.
2024-12-12 11:37:00.824 [warning] [python]: Couldn't find message for key python.experiments.All.description.
2024-12-12 11:37:00.824 [warning] [python]: Couldn't find message for key python.experiments.pythonSurveyNotification.description.
2024-12-12 11:37:00.824 [warning] [python]: Couldn't find message for key python.experiments.pythonPromptNewToolsExt.description.
2024-12-12 11:37:00.824 [warning] [python]: Couldn't find message for key python.experiments.pythonTerminalEnvVarActivation.description.
2024-12-12 11:37:00.824 [warning] [python]: Couldn't find message for key python.experiments.pythonDiscoveryUsingWorkers.description.
2024-12-12 11:37:00.825 [warning] [python]: Couldn't find message for key python.experiments.pythonTestAdapter.description.
2024-12-12 11:37:00.825 [warning] [python]: Couldn't find message for key python.experiments.pythonREPLSmartSend.description.
2024-12-12 11:37:00.825 [warning] [python]: Couldn't find message for key python.experiments.pythonRecommendTensorboardExt.description.
2024-12-12 11:37:00.825 [warning] [python]: Couldn't find message for key python.experiments.optOutFrom.description.
2024-12-12 11:37:00.825 [warning] [python]: Couldn't find message for key python.experiments.All.description.
2024-12-12 11:37:00.825 [warning] [python]: Couldn't find message for key python.experiments.pythonSurveyNotification.description.
2024-12-12 11:37:00.826 [warning] [python]: Couldn't find message for key python.experiments.pythonPromptNewToolsExt.description.
2024-12-12 11:37:00.826 [warning] [python]: Couldn't find message for key python.experiments.pythonTerminalEnvVarActivation.description.
2024-12-12 11:37:00.826 [warning] [python]: Couldn't find message for key python.experiments.pythonDiscoveryUsingWorkers.description.
2024-12-12 11:37:00.826 [warning] [python]: Couldn't find message for key python.experiments.pythonTestAdapter.description.
2024-12-12 11:37:00.826 [warning] [python]: Couldn't find message for key python.experiments.pythonREPLSmartSend.description.
2024-12-12 11:37:00.826 [warning] [python]: Couldn't find message for key python.globalModuleInstallation.description.
2024-12-12 11:37:00.826 [warning] [python]: Couldn't find message for key python.languageServer.description.
2024-12-12 11:37:00.827 [warning] [python]: Couldn't find message for key python.languageServer.defaultDescription.
2024-12-12 11:37:00.827 [warning] [python]: Couldn't find message for key python.languageServer.jediDescription.
2024-12-12 11:37:00.827 [warning] [python]: Couldn't find message for key python.languageServer.pylanceDescription.
2024-12-12 11:37:00.827 [warning] [python]: Couldn't find message for key python.languageServer.noneDescription.
2024-12-12 11:37:00.827 [warning] [python]: Couldn't find message for key python.interpreter.infoVisibility.description.
2024-12-12 11:37:00.827 [warning] [python]: Couldn't find message for key python.interpreter.infoVisibility.never.description.
2024-12-12 11:37:00.827 [warning] [python]: Couldn't find message for key python.interpreter.infoVisibility.onPythonRelated.description.
2024-12-12 11:37:00.828 [warning] [python]: Couldn't find message for key python.interpreter.infoVisibility.always.description.
2024-12-12 11:37:00.828 [warning] [python]: Couldn't find message for key python.logging.level.deprecation.
2024-12-12 11:37:00.828 [warning] [python]: Couldn't find message for key python.logging.level.description.
2024-12-12 11:37:00.828 [warning] [python]: Couldn't find message for key python.missingPackage.severity.description.
2024-12-12 11:37:00.828 [warning] [python]: Couldn't find message for key python.locator.description.
2024-12-12 11:37:00.828 [warning] [python]: Couldn't find message for key python.pipenvPath.description.
2024-12-12 11:37:00.828 [warning] [python]: Couldn't find message for key python.poetryPath.description.
2024-12-12 11:37:00.828 [warning] [python]: Couldn't find message for key python.pixiToolPath.description.
2024-12-12 11:37:00.828 [warning] [python]: Couldn't find message for key python.tensorBoard.logDirectory.description.
2024-12-12 11:37:00.828 [warning] [python]: Couldn't find message for key python.tensorBoard.logDirectory.markdownDeprecationMessage.
2024-12-12 11:37:00.828 [warning] [python]: Couldn't find message for key python.tensorBoard.logDirectory.deprecationMessage.
2024-12-12 11:37:00.829 [warning] [python]: Couldn't find message for key python.terminal.activateEnvInCurrentTerminal.description.
2024-12-12 11:37:00.829 [warning] [python]: Couldn't find message for key python.terminal.activateEnvironment.description.
2024-12-12 11:37:00.829 [warning] [python]: Couldn't find message for key python.terminal.executeInFileDir.description.
2024-12-12 11:37:00.829 [warning] [python]: Couldn't find message for key python.terminal.focusAfterLaunch.description.
2024-12-12 11:37:00.829 [warning] [python]: Couldn't find message for key python.terminal.launchArgs.description.
2024-12-12 11:37:00.829 [warning] [python]: Couldn't find message for key python.terminal.shellIntegration.enabled.description.
2024-12-12 11:37:00.829 [warning] [python]: Couldn't find message for key python.EnableREPLSmartSend.description.
2024-12-12 11:37:00.829 [warning] [python]: Couldn't find message for key python.REPL.sendToNativeREPL.description.
2024-12-12 11:37:00.829 [warning] [python]: Couldn't find message for key python.REPL.provideVariables.description.
2024-12-12 11:37:00.829 [warning] [python]: Couldn't find message for key python.testing.autoTestDiscoverOnSaveEnabled.description.
2024-12-12 11:37:00.829 [warning] [python]: Couldn't find message for key python.testing.cwd.description.
2024-12-12 11:37:00.830 [warning] [python]: Couldn't find message for key python.testing.debugPort.description.
2024-12-12 11:37:00.830 [warning] [python]: Couldn't find message for key python.testing.promptToConfigure.description.
2024-12-12 11:37:00.830 [warning] [python]: Couldn't find message for key python.testing.pytestArgs.description.
2024-12-12 11:37:00.830 [warning] [python]: Couldn't find message for key python.testing.pytestEnabled.description.
2024-12-12 11:37:00.830 [warning] [python]: Couldn't find message for key python.testing.pytestPath.description.
2024-12-12 11:37:00.830 [warning] [python]: Couldn't find message for key python.testing.unittestArgs.description.
2024-12-12 11:37:00.830 [warning] [python]: Couldn't find message for key python.testing.unittestEnabled.description.
2024-12-12 11:37:00.830 [warning] [python]: Couldn't find message for key python.venvFolders.description.
2024-12-12 11:37:00.830 [warning] [python]: Couldn't find message for key python.venvPath.description.
2024-12-12 11:37:00.830 [warning] [python]: Couldn't find message for key python.debugger.deprecatedMessage.
2024-12-12 11:37:00.831 [warning] [python]: Couldn't find message for key python.command.python.analysis.restartLanguageServer.title.
2024-12-12 11:37:00.831 [warning] [python]: Couldn't find message for key python.command.python.clearCacheAndReload.title.
2024-12-12 11:37:00.831 [warning] [python]: Couldn't find message for key python.command.python.clearWorkspaceInterpreter.title.
2024-12-12 11:37:00.831 [warning] [python]: Couldn't find message for key python.command.python.configureTests.title.
2024-12-12 11:37:00.831 [warning] [python]: Couldn't find message for key python.command.python.createEnvironment.title.
2024-12-12 11:37:00.831 [warning] [python]: Couldn't find message for key python.command.python.createEnvironment.title.
2024-12-12 11:37:00.831 [warning] [python]: Couldn't find message for key python.command.python.createTerminal.title.
2024-12-12 11:37:00.832 [warning] [python]: Couldn't find message for key python.command.python.enableSourceMapSupport.title.
2024-12-12 11:37:00.832 [warning] [python]: Couldn't find message for key python.command.python.execInTerminal.title.
2024-12-12 11:37:00.832 [warning] [python]: Couldn't find message for key python.command.python.execInTerminalIcon.title.
2024-12-12 11:37:00.832 [warning] [python]: Couldn't find message for key python.command.python.execInDedicatedTerminal.title.
2024-12-12 11:37:00.832 [warning] [python]: Couldn't find message for key python.command.python.execSelectionInDjangoShell.title.
2024-12-12 11:37:00.832 [warning] [python]: Couldn't find message for key python.command.python.execSelectionInTerminal.title.
2024-12-12 11:37:00.832 [warning] [python]: Couldn't find message for key python.command.python.execInREPL.title.
2024-12-12 11:37:00.832 [warning] [python]: Couldn't find message for key python.command.python.launchTensorBoard.title.
2024-12-12 11:37:00.832 [warning] [python]: Couldn't find message for key python.command.python.refreshTensorBoard.title.
2024-12-12 11:37:00.832 [warning] [python]: Couldn't find message for key python.command.python.reportIssue.title.
2024-12-12 11:37:00.833 [warning] [python]: Couldn't find message for key python.command.testing.rerunFailedTests.title.
2024-12-12 11:37:00.833 [warning] [python]: Couldn't find message for key python.command.python.setInterpreter.title.
2024-12-12 11:37:00.833 [warning] [python]: Couldn't find message for key python.command.python.startTerminalREPL.title.
2024-12-12 11:37:00.833 [warning] [python]: Couldn't find message for key python.command.python.startNativeREPL.title.
2024-12-12 11:37:00.833 [warning] [python]: Couldn't find message for key python.command.python.viewLanguageServerOutput.title.
2024-12-12 11:37:00.833 [warning] [python]: Couldn't find message for key python.command.python.viewOutput.title.
2024-12-12 11:37:00.834 [warning] [python]: Couldn't find message for key python.command.python.execInTerminalIcon.title.
2024-12-12 11:37:00.834 [warning] [python]: Couldn't find message for key python.command.python.execInDedicatedTerminal.title.
2024-12-12 11:37:00.834 [warning] [python]: Couldn't find message for key python.editor.context.submenu.runPython.
2024-12-12 11:37:00.834 [warning] [python]: Couldn't find message for key python.editor.context.submenu.runPythonInteractive.
2024-12-12 11:37:00.834 [info] Deleted uninstalled extension from disk ms-python.python /root/.vscode/extensions/ms-python.python-2024.20.0-linux-x64
2024-12-12 11:37:04.434 [error] [network] #2: https://mobile.events.data.microsoft.com/OneCollector/1.0?cors=true&content-type=application/x-json-stream - error POST net::ERR_INSUFFICIENT_RESOURCES
2024-12-12 11:37:05.000 [error] [network] #3: https://mobile.events.data.microsoft.com/OneCollector/1.0?cors=true&content-type=application/x-json-stream - error POST net::ERR_INSUFFICIENT_RESOURCES
2024-12-12 11:37:24.462 [info] Getting Manifest... ms-python.debugpy
2024-12-12 11:37:24.795 [info] Installing extension: ms-python.debugpy {"productVersion":{"version":"1.95.0","date":"2024-10-28T20:16:24.561Z"},"pinned":false,"operation":3,"isApplicationScoped":false,"profileLocation":{"$mid":1,"external":"vscode-userdata:/root/.vscode/extensions/extensions.json","path":"/root/.vscode/extensions/extensions.json","scheme":"vscode-userdata"},"installOnlyNewlyAddedFromExtensionPack":true}
2024-12-12 11:37:26.161 [info] Getting Manifest... ms-python.python
2024-12-12 11:37:27.417 [error] [network] #17: https://mobile.events.data.microsoft.com/OneCollector/1.0?cors=true&content-type=application/x-json-stream - error POST net::ERR_INSUFFICIENT_RESOURCES
2024-12-12 11:37:30.601 [error] [network] #18: https://mobile.events.data.microsoft.com/OneCollector/1.0?cors=true&content-type=application/x-json-stream - error POST net::ERR_INSUFFICIENT_RESOURCES
2024-12-12 11:37:31.884 [info] Extension signature verification result for ms-python.debugpy: Success. Executed: true. Duration: 870ms.
2024-12-12 11:37:32.474 [info] Extracted extension to file:///root/.vscode/extensions/ms-python.debugpy-2024.14.0-linux-x64: ms-python.debugpy
2024-12-12 11:37:32.492 [info] Renamed to /root/.vscode/extensions/ms-python.debugpy-2024.14.0-linux-x64
2024-12-12 11:37:32.507 [info] Marked extension as uninstalled ms-python.debugpy-2024.12.0-linux-x64
2024-12-12 11:37:32.512 [info] Extension installed successfully: ms-python.debugpy vscode-userdata:/root/.vscode/extensions/extensions.json
2024-12-12 11:37:32.576 [error] [uncaught exception in sharedProcess]: Error: ENOENT: no such file or directory, stat '/root/.vscode/extensions/extensions.json.vsctmp': EntryNotFound (FileSystemError): Error: ENOENT: no such file or directory, stat '/root/.vscode/extensions/extensions.json.vsctmp'
    at hm.create (file:///usr/share/code/resources/app/out/vs/code/electron-utility/sharedProcess/sharedProcessMain.js:35:39254)
    at Es (file:///usr/share/code/resources/app/out/vs/code/electron-utility/sharedProcess/sharedProcessMain.js:35:39361)
    at Fr.ib (file:///usr/share/code/resources/app/out/vs/code/electron-utility/sharedProcess/sharedProcessMain.js:71:22677)
    at Fr.stat (file:///usr/share/code/resources/app/out/vs/code/electron-utility/sharedProcess/sharedProcessMain.js:71:16010)
    at async Zl.stat (file:///usr/share/code/resources/app/out/vs/code/electron-utility/sharedProcess/sharedProcessMain.js:70:84491)
    at async Jl.yb (file:///usr/share/code/resources/app/out/vs/code/electron-utility/sharedProcess/sharedProcessMain.js:70:66605)
