[3.353s] Invoking command in '/root/ros2_ws/src/sjtu_drone/ai_model_node': PYTHONPATH=/root/ros2_ws/build/ai_model_node/prefix_override:/usr/lib/python3/dist-packages/colcon_core/task/python/colcon_distutils_commands:/root/ros2_ws/install/ai_model_node/lib/python3.10/site-packages:${PYTHONPATH} /usr/bin/python3 -W ignore:setup.py install is deprecated setup.py egg_info --egg-base ../../../build/ai_model_node build --build-base /root/ros2_ws/build/ai_model_node/build install --record /root/ros2_ws/build/ai_model_node/install.log --single-version-externally-managed install_data
[3.929s] running egg_info
[3.932s] writing ../../../build/ai_model_node/ai_model_node.egg-info/PKG-INFO
[3.932s] writing dependency_links to ../../../build/ai_model_node/ai_model_node.egg-info/dependency_links.txt
[3.932s] writing entry points to ../../../build/ai_model_node/ai_model_node.egg-info/entry_points.txt
[3.933s] writing requirements to ../../../build/ai_model_node/ai_model_node.egg-info/requires.txt
[3.933s] writing top-level names to ../../../build/ai_model_node/ai_model_node.egg-info/top_level.txt
[3.935s] reading manifest file '../../../build/ai_model_node/ai_model_node.egg-info/SOURCES.txt'
[3.937s] writing manifest file '../../../build/ai_model_node/ai_model_node.egg-info/SOURCES.txt'
[3.937s] running build
[3.937s] running build_py
[3.937s] running install
[3.940s] running install_lib
[3.946s] running install_data
[3.948s] running install_egg_info
[3.956s] removing '/root/ros2_ws/install/ai_model_node/lib/python3.10/site-packages/ai_model_node-0.0.1-py3.10.egg-info' (and everything under it)
[3.957s] Copying ../../../build/ai_model_node/ai_model_node.egg-info to /root/ros2_ws/install/ai_model_node/lib/python3.10/site-packages/ai_model_node-0.0.1-py3.10.egg-info
[3.960s] running install_scripts
[4.007s] Installing classify_image script to /root/ros2_ws/install/ai_model_node/lib/ai_model_node
[4.008s] writing list of installed files to '/root/ros2_ws/build/ai_model_node/install.log'
[4.092s] Invoked command in '/root/ros2_ws/src/sjtu_drone/ai_model_node' returned '0': PYTHONPATH=/root/ros2_ws/build/ai_model_node/prefix_override:/usr/lib/python3/dist-packages/colcon_core/task/python/colcon_distutils_commands:/root/ros2_ws/install/ai_model_node/lib/python3.10/site-packages:${PYTHONPATH} /usr/bin/python3 -W ignore:setup.py install is deprecated setup.py egg_info --egg-base ../../../build/ai_model_node build --build-base /root/ros2_ws/build/ai_model_node/build install --record /root/ros2_ws/build/ai_model_node/install.log --single-version-externally-managed install_data
