running develop
running egg_info
writing sjtu_drone_bringup.egg-info/PKG-INFO
writing dependency_links to sjtu_drone_bringup.egg-info/dependency_links.txt
writing entry points to sjtu_drone_bringup.egg-info/entry_points.txt
writing requirements to sjtu_drone_bringup.egg-info/requires.txt
writing top-level names to sjtu_drone_bringup.egg-info/top_level.txt
reading manifest file 'sjtu_drone_bringup.egg-info/SOURCES.txt'
writing manifest file 'sjtu_drone_bringup.egg-info/SOURCES.txt'
running build_ext
Creating /root/ros2_ws/install/sjtu_drone_bringup/lib/python3.10/site-packages/sjtu-drone-bringup.egg-link (link to .)
Installing spawn_drone script to /root/ros2_ws/install/sjtu_drone_bringup/lib/sjtu_drone_bringup

Installed /root/ros2_ws/build/sjtu_drone_bringup
running symlink_data
symbolically linking /root/ros2_ws/build/sjtu_drone_bringup/resource/sjtu_drone_bringup -> /root/ros2_ws/install/sjtu_drone_bringup/share/ament_index/resource_index/packages
symbolically linking /root/ros2_ws/build/sjtu_drone_bringup/package.xml -> /root/ros2_ws/install/sjtu_drone_bringup/share/sjtu_drone_bringup
symbolically linking /root/ros2_ws/build/sjtu_drone_bringup/launch/sjtu_drone_bringup.launch.py -> /root/ros2_ws/install/sjtu_drone_bringup/share/sjtu_drone_bringup/launch
symbolically linking /root/ros2_ws/build/sjtu_drone_bringup/launch/sjtu_drone_gazebo.launch.py -> /root/ros2_ws/install/sjtu_drone_bringup/share/sjtu_drone_bringup/launch
symbolically linking /root/ros2_ws/build/sjtu_drone_bringup/rviz/rviz.rviz -> /root/ros2_ws/install/sjtu_drone_bringup/share/sjtu_drone_bringup/rviz
symbolically linking /root/ros2_ws/build/sjtu_drone_bringup/config/drone.yaml -> /root/ros2_ws/install/sjtu_drone_bringup/share/sjtu_drone_bringup/config
