[2.734s] Invoking command in '/root/ros2_ws/build/sjtu_drone_bringup': PYTHONPATH=/root/ros2_ws/build/sjtu_drone_bringup/prefix_override:/usr/lib/python3/dist-packages/colcon_core/task/python/colcon_distutils_commands:/root/ros2_ws/install/sjtu_drone_bringup/lib/python3.10/site-packages:${PYTHONPATH} /usr/bin/python3 -W ignore:setup.py install is deprecated setup.py develop --editable --build-directory /root/ros2_ws/build/sjtu_drone_bringup/build --no-deps symlink_data --force
[3.175s] running develop
[3.178s] /usr/lib/python3/dist-packages/setuptools/command/easy_install.py:158: EasyInstallDeprecationWarning: easy_install command is deprecated. Use build and pip and other standards-based tools.
[3.178s]   warnings.warn(
[3.444s] running egg_info
[3.445s] writing sjtu_drone_bringup.egg-info/PKG-INFO
[3.447s] writing dependency_links to sjtu_drone_bringup.egg-info/dependency_links.txt
[3.448s] writing entry points to sjtu_drone_bringup.egg-info/entry_points.txt
[3.449s] writing requirements to sjtu_drone_bringup.egg-info/requires.txt
[3.454s] writing top-level names to sjtu_drone_bringup.egg-info/top_level.txt
[3.459s] reading manifest file 'sjtu_drone_bringup.egg-info/SOURCES.txt'
[3.470s] writing manifest file 'sjtu_drone_bringup.egg-info/SOURCES.txt'
[3.489s] running build_ext
[3.489s] Creating /root/ros2_ws/install/sjtu_drone_bringup/lib/python3.10/site-packages/sjtu-drone-bringup.egg-link (link to .)
[3.489s] Installing spawn_drone script to /root/ros2_ws/install/sjtu_drone_bringup/lib/sjtu_drone_bringup
[3.489s] 
[3.490s] Installed /root/ros2_ws/build/sjtu_drone_bringup
[3.490s] running symlink_data
[3.491s] symbolically linking /root/ros2_ws/build/sjtu_drone_bringup/resource/sjtu_drone_bringup -> /root/ros2_ws/install/sjtu_drone_bringup/share/ament_index/resource_index/packages
[3.491s] symbolically linking /root/ros2_ws/build/sjtu_drone_bringup/package.xml -> /root/ros2_ws/install/sjtu_drone_bringup/share/sjtu_drone_bringup
[3.491s] symbolically linking /root/ros2_ws/build/sjtu_drone_bringup/launch/sjtu_drone_bringup.launch.py -> /root/ros2_ws/install/sjtu_drone_bringup/share/sjtu_drone_bringup/launch
[3.491s] symbolically linking /root/ros2_ws/build/sjtu_drone_bringup/launch/sjtu_drone_gazebo.launch.py -> /root/ros2_ws/install/sjtu_drone_bringup/share/sjtu_drone_bringup/launch
[3.491s] symbolically linking /root/ros2_ws/build/sjtu_drone_bringup/rviz/rviz.rviz -> /root/ros2_ws/install/sjtu_drone_bringup/share/sjtu_drone_bringup/rviz
[3.491s] symbolically linking /root/ros2_ws/build/sjtu_drone_bringup/config/drone.yaml -> /root/ros2_ws/install/sjtu_drone_bringup/share/sjtu_drone_bringup/config
[3.655s] Invoked command in '/root/ros2_ws/build/sjtu_drone_bringup' returned '0': PYTHONPATH=/root/ros2_ws/build/sjtu_drone_bringup/prefix_override:/usr/lib/python3/dist-packages/colcon_core/task/python/colcon_distutils_commands:/root/ros2_ws/install/sjtu_drone_bringup/lib/python3.10/site-packages:${PYTHONPATH} /usr/bin/python3 -W ignore:setup.py install is deprecated setup.py develop --editable --build-directory /root/ros2_ws/build/sjtu_drone_bringup/build --no-deps symlink_data --force
