[2.369s] Invoking command in '/root/ros2_ws/build/sjtu_drone_description': CMAKE_PREFIX_PATH=${CMAKE_PREFIX_PATH}:/root/ros2_ws/install/sjtu_drone_control:/root/ros2_ws/install/sjtu_drone_bringup:/root/ros2_ws/install/drone_area_scanner:/root/ros2_ws/install/ai_model_node:/opt/ros/humble PS1=(my_env) \[\e]0;\u@\h: \w\a\]${debian_chroot:+($debian_chroot)}\u@\h:\w\$ VIRTUAL_ENV_PROMPT=(my_env) /usr/bin/cmake --build /root/ros2_ws/build/sjtu_drone_description -- -j12 -l12
[2.550s] [100%] Built target plugin_drone
[2.590s] Invoked command in '/root/ros2_ws/build/sjtu_drone_description' returned '0': CMAKE_PREFIX_PATH=${CMAKE_PREFIX_PATH}:/root/ros2_ws/install/sjtu_drone_control:/root/ros2_ws/install/sjtu_drone_bringup:/root/ros2_ws/install/drone_area_scanner:/root/ros2_ws/install/ai_model_node:/opt/ros/humble PS1=(my_env) \[\e]0;\u@\h: \w\a\]${debian_chroot:+($debian_chroot)}\u@\h:\w\$ VIRTUAL_ENV_PROMPT=(my_env) /usr/bin/cmake --build /root/ros2_ws/build/sjtu_drone_description -- -j12 -l12
[2.689s] Invoking command in '/root/ros2_ws/build/sjtu_drone_description': CMAKE_PREFIX_PATH=${CMAKE_PREFIX_PATH}:/root/ros2_ws/install/sjtu_drone_control:/root/ros2_ws/install/sjtu_drone_bringup:/root/ros2_ws/install/drone_area_scanner:/root/ros2_ws/install/ai_model_node:/opt/ros/humble PS1=(my_env) \[\e]0;\u@\h: \w\a\]${debian_chroot:+($debian_chroot)}\u@\h:\w\$ VIRTUAL_ENV_PROMPT=(my_env) /usr/bin/cmake --install /root/ros2_ws/build/sjtu_drone_description
[2.698s] -- Install configuration: ""
[2.699s] -- Execute custom install script
[2.699s] -- Up-to-date symlink: /root/ros2_ws/install/sjtu_drone_description/include/sjtu_drone_description/pid_controller.h
[2.699s] -- Up-to-date symlink: /root/ros2_ws/install/sjtu_drone_description/include/sjtu_drone_description/plugin_drone.h
[2.700s] -- Up-to-date symlink: /root/ros2_ws/install/sjtu_drone_description/include/sjtu_drone_description/plugin_drone_private.h
[2.700s] -- Up-to-date symlink: /root/ros2_ws/install/sjtu_drone_description/share/sjtu_drone_description/environment/library_path.sh
[2.700s] -- Up-to-date symlink: /root/ros2_ws/install/sjtu_drone_description/share/sjtu_drone_description/environment/library_path.dsv
[2.700s] -- Up-to-date symlink: /root/ros2_ws/install/sjtu_drone_description/share/sjtu_drone_description/models/database.config
[2.700s] -- Up-to-date symlink: /root/ros2_ws/install/sjtu_drone_description/share/sjtu_drone_description/models/sjtu_drone/model.config
[2.701s] -- Up-to-date symlink: /root/ros2_ws/install/sjtu_drone_description/share/sjtu_drone_description/models/sjtu_drone/quadrotor_4.dae
[2.701s] -- Up-to-date symlink: /root/ros2_ws/install/sjtu_drone_description/share/sjtu_drone_description/models/sjtu_drone/quadrotor_4.stl
[2.701s] -- Up-to-date symlink: /root/ros2_ws/install/sjtu_drone_description/share/sjtu_drone_description/models/sjtu_drone/sjtu_drone.sdf
[2.701s] -- Up-to-date symlink: /root/ros2_ws/install/sjtu_drone_description/share/sjtu_drone_description/urdf/sjtu_drone.urdf
[2.701s] -- Up-to-date symlink: /root/ros2_ws/install/sjtu_drone_description/share/sjtu_drone_description/urdf/sjtu_drone.urdf.xacro
[2.702s] -- Up-to-date symlink: /root/ros2_ws/install/sjtu_drone_description/share/sjtu_drone_description/worlds/playground.world
[2.702s] -- Up-to-date symlink: /root/ros2_ws/install/sjtu_drone_description/share/ament_index/resource_index/package_run_dependencies/sjtu_drone_description
[2.702s] -- Up-to-date symlink: /root/ros2_ws/install/sjtu_drone_description/share/ament_index/resource_index/parent_prefix_path/sjtu_drone_description
[2.703s] -- Up-to-date symlink: /root/ros2_ws/install/sjtu_drone_description/share/sjtu_drone_description/environment/ament_prefix_path.sh
[2.703s] -- Up-to-date symlink: /root/ros2_ws/install/sjtu_drone_description/share/sjtu_drone_description/environment/ament_prefix_path.dsv
[2.703s] -- Up-to-date symlink: /root/ros2_ws/install/sjtu_drone_description/share/sjtu_drone_description/environment/path.sh
[2.703s] -- Up-to-date symlink: /root/ros2_ws/install/sjtu_drone_description/share/sjtu_drone_description/environment/path.dsv
[2.703s] -- Up-to-date symlink: /root/ros2_ws/install/sjtu_drone_description/share/sjtu_drone_description/local_setup.bash
[2.704s] -- Up-to-date symlink: /root/ros2_ws/install/sjtu_drone_description/share/sjtu_drone_description/local_setup.sh
[2.704s] -- Up-to-date symlink: /root/ros2_ws/install/sjtu_drone_description/share/sjtu_drone_description/local_setup.zsh
[2.704s] -- Up-to-date symlink: /root/ros2_ws/install/sjtu_drone_description/share/sjtu_drone_description/local_setup.dsv
[2.704s] -- Symlinking: /root/ros2_ws/install/sjtu_drone_description/share/sjtu_drone_description/package.dsv
[2.725s] -- Up-to-date symlink: /root/ros2_ws/install/sjtu_drone_description/share/ament_index/resource_index/packages/sjtu_drone_description
[2.725s] -- Up-to-date symlink: /root/ros2_ws/install/sjtu_drone_description/share/sjtu_drone_description/cmake/ament_cmake_export_include_directories-extras.cmake
[2.726s] -- Up-to-date symlink: /root/ros2_ws/install/sjtu_drone_description/share/sjtu_drone_description/cmake/ament_cmake_export_libraries-extras.cmake
[2.727s] -- Up-to-date symlink: /root/ros2_ws/install/sjtu_drone_description/share/sjtu_drone_description/cmake/ament_cmake_export_targets-extras.cmake
[2.728s] -- Up-to-date symlink: /root/ros2_ws/install/sjtu_drone_description/share/sjtu_drone_description/cmake/sjtu_drone_descriptionConfig.cmake
[2.732s] -- Up-to-date symlink: /root/ros2_ws/install/sjtu_drone_description/share/sjtu_drone_description/cmake/sjtu_drone_descriptionConfig-version.cmake
[2.733s] -- Up-to-date symlink: /root/ros2_ws/install/sjtu_drone_description/share/sjtu_drone_description/package.xml
[2.734s] -- Up-to-date: /root/ros2_ws/install/sjtu_drone_description/lib/libplugin_drone.so
[2.735s] -- Up-to-date: /root/ros2_ws/install/sjtu_drone_description/share/sjtu_drone_description/cmake/export_sjtu_drone_descriptionExport.cmake
[2.735s] -- Up-to-date: /root/ros2_ws/install/sjtu_drone_description/share/sjtu_drone_description/cmake/export_sjtu_drone_descriptionExport-noconfig.cmake
[2.736s] Invoked command in '/root/ros2_ws/build/sjtu_drone_description' returned '0': CMAKE_PREFIX_PATH=${CMAKE_PREFIX_PATH}:/root/ros2_ws/install/sjtu_drone_control:/root/ros2_ws/install/sjtu_drone_bringup:/root/ros2_ws/install/drone_area_scanner:/root/ros2_ws/install/ai_model_node:/opt/ros/humble PS1=(my_env) \[\e]0;\u@\h: \w\a\]${debian_chroot:+($debian_chroot)}\u@\h:\w\$ VIRTUAL_ENV_PROMPT=(my_env) /usr/bin/cmake --install /root/ros2_ws/build/sjtu_drone_description
