2024-12-09 22:31:36.554 [info] Added views:outline in workbench.view.explorer
2024-12-09 22:31:36.554 [info] Added views:workbench.view.search in workbench.view.search
2024-12-09 22:31:36.554 [info] Added views:workbench.scm in workbench.view.scm
2024-12-09 22:31:36.554 [info] Added views:workbench.panel.markers.view in workbench.panel.markers
2024-12-09 22:31:36.554 [info] Added views:workbench.panel.output in workbench.panel.output
2024-12-09 22:31:36.554 [info] Added views:terminal in terminal
2024-12-09 22:31:36.554 [info] Added views:timeline in workbench.view.explorer
2024-12-09 22:31:36.554 [info] Added views:workbench.explorer.fileView in workbench.view.explorer
2024-12-09 22:31:36.845 [info] Added views:workbench.debug.welcome in workbench.view.debug
2024-12-09 22:31:37.842 [info] Added views:workbench.panel.repl.view in workbench.panel.repl
2024-12-09 22:31:38.734 [info] Added views:~remote.forwardedPorts in ~remote.forwardedPortsContainer
2024-12-09 22:31:39.104 [info] Added views:workbench.view.testing in workbench.view.extension.test
2024-12-09 22:31:39.779 [info] Added views:workbench.scm.history in workbench.view.scm
2024-12-10 08:18:14.530 [info] Removed views:workbench.scm.history from workbench.view.scm
2024-12-10 08:18:14.550 [info] Removed views:workbench.view.testing from workbench.view.extension.test
2024-12-10 08:18:17.315 [info] Added views:outline in workbench.view.explorer
2024-12-10 08:18:17.315 [info] Added views:workbench.view.search in workbench.view.search
2024-12-10 08:18:17.315 [info] Added views:workbench.scm in workbench.view.scm
2024-12-10 08:18:17.315 [info] Added views:workbench.panel.markers.view in workbench.panel.markers
2024-12-10 08:18:17.315 [info] Added views:workbench.panel.output in workbench.panel.output
2024-12-10 08:18:17.315 [info] Added views:terminal in terminal
2024-12-10 08:18:17.315 [info] Added views:timeline in workbench.view.explorer
2024-12-10 08:18:17.315 [info] Added views:workbench.explorer.fileView in workbench.view.explorer
2024-12-10 08:18:19.822 [info] Added views:workbench.debug.variablesView,workbench.debug.watchExpressionsView,workbench.debug.callStackView,workbench.debug.breakPointsView in workbench.view.debug
2024-12-10 08:18:20.085 [info] Added views:workbench.panel.repl.view in workbench.panel.repl
2024-12-10 08:18:20.086 [info] Removed views:workbench.debug.breakPointsView,workbench.debug.callStackView,workbench.debug.watchExpressionsView,workbench.debug.variablesView from workbench.view.debug
2024-12-10 08:18:20.086 [info] Added views:workbench.debug.welcome in workbench.view.debug
2024-12-10 08:18:21.689 [info] Added views:~remote.forwardedPorts in ~remote.forwardedPortsContainer
