2024-12-10 08:19:20.425 [info] Added views:outline in workbench.view.explorer
2024-12-10 08:19:20.426 [info] Added views:workbench.view.search in workbench.view.search
2024-12-10 08:19:20.426 [info] Added views:workbench.scm in workbench.view.scm
2024-12-10 08:19:20.426 [info] Added views:workbench.panel.markers.view in workbench.panel.markers
2024-12-10 08:19:20.426 [info] Added views:workbench.panel.output in workbench.panel.output
2024-12-10 08:19:20.426 [info] Added views:terminal in terminal
2024-12-10 08:19:20.426 [info] Added views:timeline in workbench.view.explorer
2024-12-10 08:19:20.426 [info] Added views:workbench.explorer.emptyView in workbench.view.explorer
2024-12-10 08:19:21.924 [info] Added views:workbench.debug.variablesView,workbench.debug.watchExpressionsView,workbench.debug.callStackView,workbench.debug.breakPointsView in workbench.view.debug
2024-12-10 08:19:22.575 [info] Added views:workbench.panel.repl.view in workbench.panel.repl
2024-12-10 08:19:22.577 [info] Removed views:workbench.debug.breakPointsView,workbench.debug.callStackView,workbench.debug.watchExpressionsView,workbench.debug.variablesView from workbench.view.debug
2024-12-10 08:19:22.577 [info] Added views:workbench.debug.welcome in workbench.view.debug
2024-12-10 08:19:22.647 [info] Added views:~remote.forwardedPorts in ~remote.forwardedPortsContainer
2024-12-10 08:19:50.848 [info] Added views:outline in workbench.view.explorer
2024-12-10 08:19:50.848 [info] Added views:workbench.view.search in workbench.view.search
2024-12-10 08:19:50.848 [info] Added views:workbench.scm in workbench.view.scm
2024-12-10 08:19:50.848 [info] Added views:workbench.panel.markers.view in workbench.panel.markers
2024-12-10 08:19:50.848 [info] Added views:workbench.panel.output in workbench.panel.output
2024-12-10 08:19:50.848 [info] Added views:terminal in terminal
2024-12-10 08:19:50.848 [info] Added views:timeline in workbench.view.explorer
2024-12-10 08:19:50.848 [info] Added views:workbench.explorer.fileView in workbench.view.explorer
2024-12-10 08:19:52.016 [info] Added views:workbench.debug.variablesView,workbench.debug.watchExpressionsView,workbench.debug.callStackView,workbench.debug.breakPointsView in workbench.view.debug
2024-12-10 08:19:53.386 [info] Added views:workbench.panel.repl.view in workbench.panel.repl
2024-12-10 08:19:53.389 [info] Removed views:workbench.debug.breakPointsView,workbench.debug.callStackView,workbench.debug.watchExpressionsView,workbench.debug.variablesView from workbench.view.debug
2024-12-10 08:19:53.396 [info] Added views:workbench.debug.welcome in workbench.view.debug
2024-12-10 08:19:53.627 [info] Added views:~remote.forwardedPorts in ~remote.forwardedPortsContainer
2024-12-10 08:20:11.683 [info] Added views:workbench.scm.history in workbench.view.scm
2024-12-10 08:20:13.762 [info] Added views:workbench.view.testing in workbench.view.extension.test
